TMS320C2000 Assembler PC v6.4.4 Wed Jul 08 10:37:08 2015

Tools Copyright (c) 1996-2015 Texas Instruments Incorporated
C:\Users\grant\AppData\Local\Temp\0694810                            PAGE    1

       1              ;***************************************************************
       2              ;* TMS320C2000 C/C++ Codegen                         PC v6.4.4 *
       3              ;* Date/Time created: Wed Jul 08 10:37:08 2015                 *
       4              ;***************************************************************
       5                      .compiler_opts --float_support=softlib --hll_source=on --mem_model:code=flat --mem_model:data=large -
       6        0002  FP      .set    XAR2
       7              
       8              $C$DW$CU        .dwtag  DW_TAG_compile_unit
       9                      .dwattr $C$DW$CU, DW_AT_name("C:/ti/motorware/motorware_1_01_00_14/sw/modules/ipark/src/32b/ipark.c")
      10                      .dwattr $C$DW$CU, DW_AT_producer("TI TMS320C2000 C/C++ Codegen PC v6.4.4 Copyright (c) 1996-2015 Texa
      11                      .dwattr $C$DW$CU, DW_AT_TI_version(0x01)
      12                      .dwattr $C$DW$CU, DW_AT_comp_dir("C:\work\ws_ccs_motorware\foc_proj_lab21\Release")
      13              ;       C:\ti\ccsv6\tools\compiler\ti-cgt-c2000_6.4.4\bin\opt2000.exe C:\\Users\\grant\\AppData\\Local\\Temp\
      14              ;       C:\ti\ccsv6\tools\compiler\ti-cgt-c2000_6.4.4\bin\ac2000.exe -@C:\\Users\\grant\\AppData\\Local\\Temp
      15 00000000               .sect   ".text"
      16                      .clink
      17                      .global _IPARK_init
      18              
      19              $C$DW$1 .dwtag  DW_TAG_subprogram, DW_AT_name("IPARK_init")
      20                      .dwattr $C$DW$1, DW_AT_low_pc(_IPARK_init)
      21                      .dwattr $C$DW$1, DW_AT_high_pc(0x00)
      22                      .dwattr $C$DW$1, DW_AT_TI_symbol_name("_IPARK_init")
      23                      .dwattr $C$DW$1, DW_AT_external
      24                      .dwattr $C$DW$1, DW_AT_type(*$C$DW$T$22)
      25                      .dwattr $C$DW$1, DW_AT_TI_begin_file("C:/ti/motorware/motorware_1_01_00_14/sw/modules/ipark/src/32b/i
      26                      .dwattr $C$DW$1, DW_AT_TI_begin_line(0x38)
      27                      .dwattr $C$DW$1, DW_AT_TI_begin_column(0x0e)
      28                      .dwattr $C$DW$1, DW_AT_TI_max_frame_size(-2)
      29                      .dwpsn  file "C:/ti/motorware/motorware_1_01_00_14/sw/modules/ipark/src/32b/ipark.c",line 57,column 1
      30              
      31                      .dwfde $C$DW$CIE, _IPARK_init
      32              $C$DW$2 .dwtag  DW_TAG_formal_parameter, DW_AT_name("pMemory")
      33                      .dwattr $C$DW$2, DW_AT_TI_symbol_name("_pMemory")
      34                      .dwattr $C$DW$2, DW_AT_type(*$C$DW$T$3)
      35                      .dwattr $C$DW$2, DW_AT_location[DW_OP_reg12]
      36              $C$DW$3 .dwtag  DW_TAG_formal_parameter, DW_AT_name("numBytes")
      37                      .dwattr $C$DW$3, DW_AT_TI_symbol_name("_numBytes")
      38                      .dwattr $C$DW$3, DW_AT_type(*$C$DW$T$24)
      39                      .dwattr $C$DW$3, DW_AT_location[DW_OP_reg0]
      40              
      41              ;***************************************************************
      42              ;* FNAME: _IPARK_init                   FR SIZE:   0           *
      43              ;*                                                             *
      44              ;* FUNCTION ENVIRONMENT                                        *
      45              ;*                                                             *
      46              ;* FUNCTION PROPERTIES                                         *
      47              ;*                            0 Parameter,  0 Auto,  0 SOE     *
      48              ;***************************************************************
      49              
      50              _IPARK_init:
      51              ;* AR6   assigned to _numBytes
      52              $C$DW$4 .dwtag  DW_TAG_variable, DW_AT_name("numBytes")
      53                      .dwattr $C$DW$4, DW_AT_TI_symbol_name("_numBytes")
      54                      .dwattr $C$DW$4, DW_AT_type(*$C$DW$T$24)
      55                      .dwattr $C$DW$4, DW_AT_location[DW_OP_reg16]
TMS320C2000 Assembler PC v6.4.4 Wed Jul 08 10:37:08 2015

Tools Copyright (c) 1996-2015 Texas Instruments Incorporated
C:\Users\grant\AppData\Local\Temp\0694810                            PAGE    2

      56                      .dwcfi  cfa_offset, -2
      57                      .dwcfi  save_reg_to_mem, 26, 0
      58 00000000 1EA6          MOVL      XAR6,ACC              ; [CPU_] |57| 
      59                      .dwpsn  file "C:/ti/motorware/motorware_1_01_00_14/sw/modules/ipark/src/32b/ipark.c",line 61,column 5
      60 00000001 0204          MOVB      ACC,#4                ; [CPU_] |61| 
      61 00000002 0FA6          CMPL      ACC,XAR6              ; [CPU_] |61| 
      62 00000003 56C9          BF        $C$L1,LOS             ; [CPU_] |61| 
         00000004 0003 
      63                      ; branchcc occurs ; [] |61| 
      64 00000005 D400          MOVB      XAR4,#0               ; [CPU_] |61| 
      65              $C$L1:    
      66              $C$DW$5 .dwtag  DW_TAG_TI_branch
      67                      .dwattr $C$DW$5, DW_AT_low_pc(0x00)
      68                      .dwattr $C$DW$5, DW_AT_TI_return
      69 00000006 0006          LRETR     ; [CPU_] 
      70                      ; return occurs ; [] 
      71                      .dwattr $C$DW$1, DW_AT_TI_end_file("C:/ti/motorware/motorware_1_01_00_14/sw/modules/ipark/src/32b/ipa
      72                      .dwattr $C$DW$1, DW_AT_TI_end_line(0x43)
      73                      .dwattr $C$DW$1, DW_AT_TI_end_column(0x01)
      74                      .dwendentry
      75                      .dwendtag $C$DW$1
      76              
      77              
      78              ;***************************************************************
      79              ;* TYPE INFORMATION                                            *
      80              ;***************************************************************
      81              
      82              $C$DW$T$20      .dwtag  DW_TAG_structure_type
      83                      .dwattr $C$DW$T$20, DW_AT_name("_IPARK_Obj_")
      84                      .dwattr $C$DW$T$20, DW_AT_byte_size(0x04)
      85              $C$DW$6 .dwtag  DW_TAG_member
      86                      .dwattr $C$DW$6, DW_AT_type(*$C$DW$T$19)
      87                      .dwattr $C$DW$6, DW_AT_name("sinTh")
      88                      .dwattr $C$DW$6, DW_AT_TI_symbol_name("_sinTh")
      89                      .dwattr $C$DW$6, DW_AT_data_member_location[DW_OP_plus_uconst 0x0]
      90                      .dwattr $C$DW$6, DW_AT_accessibility(DW_ACCESS_public)
      91              $C$DW$7 .dwtag  DW_TAG_member
      92                      .dwattr $C$DW$7, DW_AT_type(*$C$DW$T$19)
      93                      .dwattr $C$DW$7, DW_AT_name("cosTh")
      94                      .dwattr $C$DW$7, DW_AT_TI_symbol_name("_cosTh")
      95                      .dwattr $C$DW$7, DW_AT_data_member_location[DW_OP_plus_uconst 0x2]
      96                      .dwattr $C$DW$7, DW_AT_accessibility(DW_ACCESS_public)
      97                      .dwendtag $C$DW$T$20
      98              
      99              $C$DW$T$21      .dwtag  DW_TAG_pointer_type
     100                      .dwattr $C$DW$T$21, DW_AT_type(*$C$DW$T$20)
     101                      .dwattr $C$DW$T$21, DW_AT_address_class(0x20)
     102              $C$DW$T$22      .dwtag  DW_TAG_typedef, DW_AT_name("IPARK_Handle")
     103                      .dwattr $C$DW$T$22, DW_AT_type(*$C$DW$T$21)
     104                      .dwattr $C$DW$T$22, DW_AT_language(DW_LANG_C)
     105              $C$DW$T$2       .dwtag  DW_TAG_unspecified_type
     106                      .dwattr $C$DW$T$2, DW_AT_name("void")
     107              $C$DW$T$3       .dwtag  DW_TAG_pointer_type
     108                      .dwattr $C$DW$T$3, DW_AT_type(*$C$DW$T$2)
     109                      .dwattr $C$DW$T$3, DW_AT_address_class(0x20)
TMS320C2000 Assembler PC v6.4.4 Wed Jul 08 10:37:08 2015

Tools Copyright (c) 1996-2015 Texas Instruments Incorporated
C:\Users\grant\AppData\Local\Temp\0694810                            PAGE    3

     110              $C$DW$T$4       .dwtag  DW_TAG_base_type
     111                      .dwattr $C$DW$T$4, DW_AT_encoding(DW_ATE_boolean)
     112                      .dwattr $C$DW$T$4, DW_AT_name("bool")
     113                      .dwattr $C$DW$T$4, DW_AT_byte_size(0x01)
     114              $C$DW$T$5       .dwtag  DW_TAG_base_type
     115                      .dwattr $C$DW$T$5, DW_AT_encoding(DW_ATE_signed_char)
     116                      .dwattr $C$DW$T$5, DW_AT_name("signed char")
     117                      .dwattr $C$DW$T$5, DW_AT_byte_size(0x01)
     118              $C$DW$T$6       .dwtag  DW_TAG_base_type
     119                      .dwattr $C$DW$T$6, DW_AT_encoding(DW_ATE_unsigned_char)
     120                      .dwattr $C$DW$T$6, DW_AT_name("unsigned char")
     121                      .dwattr $C$DW$T$6, DW_AT_byte_size(0x01)
     122              $C$DW$T$7       .dwtag  DW_TAG_base_type
     123                      .dwattr $C$DW$T$7, DW_AT_encoding(DW_ATE_signed_char)
     124                      .dwattr $C$DW$T$7, DW_AT_name("wchar_t")
     125                      .dwattr $C$DW$T$7, DW_AT_byte_size(0x01)
     126              $C$DW$T$8       .dwtag  DW_TAG_base_type
     127                      .dwattr $C$DW$T$8, DW_AT_encoding(DW_ATE_signed)
     128                      .dwattr $C$DW$T$8, DW_AT_name("short")
     129                      .dwattr $C$DW$T$8, DW_AT_byte_size(0x01)
     130              $C$DW$T$9       .dwtag  DW_TAG_base_type
     131                      .dwattr $C$DW$T$9, DW_AT_encoding(DW_ATE_unsigned)
     132                      .dwattr $C$DW$T$9, DW_AT_name("unsigned short")
     133                      .dwattr $C$DW$T$9, DW_AT_byte_size(0x01)
     134              $C$DW$T$10      .dwtag  DW_TAG_base_type
     135                      .dwattr $C$DW$T$10, DW_AT_encoding(DW_ATE_signed)
     136                      .dwattr $C$DW$T$10, DW_AT_name("int")
     137                      .dwattr $C$DW$T$10, DW_AT_byte_size(0x01)
     138              $C$DW$T$11      .dwtag  DW_TAG_base_type
     139                      .dwattr $C$DW$T$11, DW_AT_encoding(DW_ATE_unsigned)
     140                      .dwattr $C$DW$T$11, DW_AT_name("unsigned int")
     141                      .dwattr $C$DW$T$11, DW_AT_byte_size(0x01)
     142              $C$DW$T$12      .dwtag  DW_TAG_base_type
     143                      .dwattr $C$DW$T$12, DW_AT_encoding(DW_ATE_signed)
     144                      .dwattr $C$DW$T$12, DW_AT_name("long")
     145                      .dwattr $C$DW$T$12, DW_AT_byte_size(0x02)
     146              $C$DW$T$19      .dwtag  DW_TAG_typedef, DW_AT_name("_iq")
     147                      .dwattr $C$DW$T$19, DW_AT_type(*$C$DW$T$12)
     148                      .dwattr $C$DW$T$19, DW_AT_language(DW_LANG_C)
     149              $C$DW$T$13      .dwtag  DW_TAG_base_type
     150                      .dwattr $C$DW$T$13, DW_AT_encoding(DW_ATE_unsigned)
     151                      .dwattr $C$DW$T$13, DW_AT_name("unsigned long")
     152                      .dwattr $C$DW$T$13, DW_AT_byte_size(0x02)
     153              $C$DW$T$23      .dwtag  DW_TAG_typedef, DW_AT_name("size_t")
     154                      .dwattr $C$DW$T$23, DW_AT_type(*$C$DW$T$13)
     155                      .dwattr $C$DW$T$23, DW_AT_language(DW_LANG_C)
     156              $C$DW$8 .dwtag  DW_TAG_TI_far_type
     157                      .dwattr $C$DW$8, DW_AT_type(*$C$DW$T$23)
     158              $C$DW$T$24      .dwtag  DW_TAG_const_type
     159                      .dwattr $C$DW$T$24, DW_AT_type(*$C$DW$8)
     160              $C$DW$T$14      .dwtag  DW_TAG_base_type
     161                      .dwattr $C$DW$T$14, DW_AT_encoding(DW_ATE_signed)
     162                      .dwattr $C$DW$T$14, DW_AT_name("long long")
     163                      .dwattr $C$DW$T$14, DW_AT_byte_size(0x04)
     164              $C$DW$T$15      .dwtag  DW_TAG_base_type
TMS320C2000 Assembler PC v6.4.4 Wed Jul 08 10:37:08 2015

Tools Copyright (c) 1996-2015 Texas Instruments Incorporated
C:\Users\grant\AppData\Local\Temp\0694810                            PAGE    4

     165                      .dwattr $C$DW$T$15, DW_AT_encoding(DW_ATE_unsigned)
     166                      .dwattr $C$DW$T$15, DW_AT_name("unsigned long long")
     167                      .dwattr $C$DW$T$15, DW_AT_byte_size(0x04)
     168              $C$DW$T$16      .dwtag  DW_TAG_base_type
     169                      .dwattr $C$DW$T$16, DW_AT_encoding(DW_ATE_float)
     170                      .dwattr $C$DW$T$16, DW_AT_name("float")
     171                      .dwattr $C$DW$T$16, DW_AT_byte_size(0x02)
     172              $C$DW$T$17      .dwtag  DW_TAG_base_type
     173                      .dwattr $C$DW$T$17, DW_AT_encoding(DW_ATE_float)
     174                      .dwattr $C$DW$T$17, DW_AT_name("double")
     175                      .dwattr $C$DW$T$17, DW_AT_byte_size(0x02)
     176              $C$DW$T$18      .dwtag  DW_TAG_base_type
     177                      .dwattr $C$DW$T$18, DW_AT_encoding(DW_ATE_float)
     178                      .dwattr $C$DW$T$18, DW_AT_name("long double")
     179                      .dwattr $C$DW$T$18, DW_AT_byte_size(0x04)
     180                      .dwattr $C$DW$CU, DW_AT_language(DW_LANG_C)
     181              
     182              ;***************************************************************
     183              ;* DWARF CIE ENTRIES                                           *
     184              ;***************************************************************
     185              
     186              $C$DW$CIE       .dwcie 26
     187                      .dwcfi  cfa_register, 20
     188                      .dwcfi  cfa_offset, 0
     189                      .dwcfi  undefined, 0
     190                      .dwcfi  undefined, 1
     191                      .dwcfi  undefined, 2
     192                      .dwcfi  undefined, 3
     193                      .dwcfi  undefined, 20
     194                      .dwcfi  undefined, 21
     195                      .dwcfi  undefined, 22
     196                      .dwcfi  undefined, 23
     197                      .dwcfi  undefined, 24
     198                      .dwcfi  undefined, 25
     199                      .dwcfi  undefined, 26
     200                      .dwcfi  same_value, 28
     201                      .dwcfi  undefined, 29
     202                      .dwcfi  undefined, 30
     203                      .dwcfi  undefined, 31
     204                      .dwcfi  undefined, 32
     205                      .dwcfi  undefined, 33
     206                      .dwcfi  undefined, 34
     207                      .dwcfi  undefined, 35
     208                      .dwcfi  undefined, 36
     209                      .dwcfi  undefined, 37
     210                      .dwcfi  undefined, 38
     211                      .dwcfi  undefined, 75
     212                      .dwcfi  undefined, 76
     213                      .dwcfi  undefined, 77
     214                      .dwcfi  undefined, 4
     215                      .dwcfi  undefined, 5
     216                      .dwcfi  same_value, 6
     217                      .dwcfi  same_value, 7
     218                      .dwcfi  same_value, 8
     219                      .dwcfi  same_value, 9
TMS320C2000 Assembler PC v6.4.4 Wed Jul 08 10:37:08 2015

Tools Copyright (c) 1996-2015 Texas Instruments Incorporated
C:\Users\grant\AppData\Local\Temp\0694810                            PAGE    5

     220                      .dwcfi  same_value, 10
     221                      .dwcfi  same_value, 11
     222                      .dwcfi  undefined, 12
     223                      .dwcfi  undefined, 13
     224                      .dwcfi  undefined, 14
     225                      .dwcfi  undefined, 15
     226                      .dwcfi  undefined, 16
     227                      .dwcfi  undefined, 17
     228                      .dwcfi  undefined, 18
     229                      .dwcfi  undefined, 19
     230                      .dwendentry
     231              
     232              ;***************************************************************
     233              ;* DWARF REGISTER MAP                                          *
     234              ;***************************************************************
     235              
     236              $C$DW$9 .dwtag  DW_TAG_TI_assign_register, DW_AT_name("AL")
     237                      .dwattr $C$DW$9, DW_AT_location[DW_OP_reg0]
     238              $C$DW$10        .dwtag  DW_TAG_TI_assign_register, DW_AT_name("AH")
     239                      .dwattr $C$DW$10, DW_AT_location[DW_OP_reg1]
     240              $C$DW$11        .dwtag  DW_TAG_TI_assign_register, DW_AT_name("PL")
     241                      .dwattr $C$DW$11, DW_AT_location[DW_OP_reg2]
     242              $C$DW$12        .dwtag  DW_TAG_TI_assign_register, DW_AT_name("PH")
     243                      .dwattr $C$DW$12, DW_AT_location[DW_OP_reg3]
     244              $C$DW$13        .dwtag  DW_TAG_TI_assign_register, DW_AT_name("SP")
     245                      .dwattr $C$DW$13, DW_AT_location[DW_OP_reg20]
     246              $C$DW$14        .dwtag  DW_TAG_TI_assign_register, DW_AT_name("XT")
     247                      .dwattr $C$DW$14, DW_AT_location[DW_OP_reg21]
     248              $C$DW$15        .dwtag  DW_TAG_TI_assign_register, DW_AT_name("T")
     249                      .dwattr $C$DW$15, DW_AT_location[DW_OP_reg22]
     250              $C$DW$16        .dwtag  DW_TAG_TI_assign_register, DW_AT_name("ST0")
     251                      .dwattr $C$DW$16, DW_AT_location[DW_OP_reg23]
     252              $C$DW$17        .dwtag  DW_TAG_TI_assign_register, DW_AT_name("ST1")
     253                      .dwattr $C$DW$17, DW_AT_location[DW_OP_reg24]
     254              $C$DW$18        .dwtag  DW_TAG_TI_assign_register, DW_AT_name("PC")
     255                      .dwattr $C$DW$18, DW_AT_location[DW_OP_reg25]
     256              $C$DW$19        .dwtag  DW_TAG_TI_assign_register, DW_AT_name("RPC")
     257                      .dwattr $C$DW$19, DW_AT_location[DW_OP_reg26]
     258              $C$DW$20        .dwtag  DW_TAG_TI_assign_register, DW_AT_name("FP")
     259                      .dwattr $C$DW$20, DW_AT_location[DW_OP_reg28]
     260              $C$DW$21        .dwtag  DW_TAG_TI_assign_register, DW_AT_name("DP")
     261                      .dwattr $C$DW$21, DW_AT_location[DW_OP_reg29]
     262              $C$DW$22        .dwtag  DW_TAG_TI_assign_register, DW_AT_name("SXM")
     263                      .dwattr $C$DW$22, DW_AT_location[DW_OP_reg30]
     264              $C$DW$23        .dwtag  DW_TAG_TI_assign_register, DW_AT_name("PM")
     265                      .dwattr $C$DW$23, DW_AT_location[DW_OP_reg31]
     266              $C$DW$24        .dwtag  DW_TAG_TI_assign_register, DW_AT_name("OVM")
     267                      .dwattr $C$DW$24, DW_AT_location[DW_OP_regx 0x20]
     268              $C$DW$25        .dwtag  DW_TAG_TI_assign_register, DW_AT_name("PAGE0")
     269                      .dwattr $C$DW$25, DW_AT_location[DW_OP_regx 0x21]
     270              $C$DW$26        .dwtag  DW_TAG_TI_assign_register, DW_AT_name("AMODE")
     271                      .dwattr $C$DW$26, DW_AT_location[DW_OP_regx 0x22]
     272              $C$DW$27        .dwtag  DW_TAG_TI_assign_register, DW_AT_name("INTM")
     273                      .dwattr $C$DW$27, DW_AT_location[DW_OP_regx 0x23]
     274              $C$DW$28        .dwtag  DW_TAG_TI_assign_register, DW_AT_name("IFR")
TMS320C2000 Assembler PC v6.4.4 Wed Jul 08 10:37:08 2015

Tools Copyright (c) 1996-2015 Texas Instruments Incorporated
C:\Users\grant\AppData\Local\Temp\0694810                            PAGE    6

     275                      .dwattr $C$DW$28, DW_AT_location[DW_OP_regx 0x24]
     276              $C$DW$29        .dwtag  DW_TAG_TI_assign_register, DW_AT_name("IER")
     277                      .dwattr $C$DW$29, DW_AT_location[DW_OP_regx 0x25]
     278              $C$DW$30        .dwtag  DW_TAG_TI_assign_register, DW_AT_name("V")
     279                      .dwattr $C$DW$30, DW_AT_location[DW_OP_regx 0x26]
     280              $C$DW$31        .dwtag  DW_TAG_TI_assign_register, DW_AT_name("PSEUDOH")
     281                      .dwattr $C$DW$31, DW_AT_location[DW_OP_regx 0x4c]
     282              $C$DW$32        .dwtag  DW_TAG_TI_assign_register, DW_AT_name("VOL")
     283                      .dwattr $C$DW$32, DW_AT_location[DW_OP_regx 0x4d]
     284              $C$DW$33        .dwtag  DW_TAG_TI_assign_register, DW_AT_name("AR0")
     285                      .dwattr $C$DW$33, DW_AT_location[DW_OP_reg4]
     286              $C$DW$34        .dwtag  DW_TAG_TI_assign_register, DW_AT_name("XAR0")
     287                      .dwattr $C$DW$34, DW_AT_location[DW_OP_reg5]
     288              $C$DW$35        .dwtag  DW_TAG_TI_assign_register, DW_AT_name("AR1")
     289                      .dwattr $C$DW$35, DW_AT_location[DW_OP_reg6]
     290              $C$DW$36        .dwtag  DW_TAG_TI_assign_register, DW_AT_name("XAR1")
     291                      .dwattr $C$DW$36, DW_AT_location[DW_OP_reg7]
     292              $C$DW$37        .dwtag  DW_TAG_TI_assign_register, DW_AT_name("AR2")
     293                      .dwattr $C$DW$37, DW_AT_location[DW_OP_reg8]
     294              $C$DW$38        .dwtag  DW_TAG_TI_assign_register, DW_AT_name("XAR2")
     295                      .dwattr $C$DW$38, DW_AT_location[DW_OP_reg9]
     296              $C$DW$39        .dwtag  DW_TAG_TI_assign_register, DW_AT_name("AR3")
     297                      .dwattr $C$DW$39, DW_AT_location[DW_OP_reg10]
     298              $C$DW$40        .dwtag  DW_TAG_TI_assign_register, DW_AT_name("XAR3")
     299                      .dwattr $C$DW$40, DW_AT_location[DW_OP_reg11]
     300              $C$DW$41        .dwtag  DW_TAG_TI_assign_register, DW_AT_name("AR4")
     301                      .dwattr $C$DW$41, DW_AT_location[DW_OP_reg12]
     302              $C$DW$42        .dwtag  DW_TAG_TI_assign_register, DW_AT_name("XAR4")
     303                      .dwattr $C$DW$42, DW_AT_location[DW_OP_reg13]
     304              $C$DW$43        .dwtag  DW_TAG_TI_assign_register, DW_AT_name("AR5")
     305                      .dwattr $C$DW$43, DW_AT_location[DW_OP_reg14]
     306              $C$DW$44        .dwtag  DW_TAG_TI_assign_register, DW_AT_name("XAR5")
     307                      .dwattr $C$DW$44, DW_AT_location[DW_OP_reg15]
     308              $C$DW$45        .dwtag  DW_TAG_TI_assign_register, DW_AT_name("AR6")
     309                      .dwattr $C$DW$45, DW_AT_location[DW_OP_reg16]
     310              $C$DW$46        .dwtag  DW_TAG_TI_assign_register, DW_AT_name("XAR6")
     311                      .dwattr $C$DW$46, DW_AT_location[DW_OP_reg17]
     312              $C$DW$47        .dwtag  DW_TAG_TI_assign_register, DW_AT_name("AR7")
     313                      .dwattr $C$DW$47, DW_AT_location[DW_OP_reg18]
     314              $C$DW$48        .dwtag  DW_TAG_TI_assign_register, DW_AT_name("XAR7")
     315                      .dwattr $C$DW$48, DW_AT_location[DW_OP_reg19]
     316                      .dwendtag $C$DW$CU
     317              

No Assembly Errors, No Assembly Warnings
