TMS320C2000 Assembler PC v6.4.4 Wed Jul 08 12:49:33 2015

Tools Copyright (c) 1996-2015 Texas Instruments Incorporated
C:\Users\grant\AppData\Local\Temp\0209211                            PAGE    1

       1              ;***************************************************************
       2              ;* TMS320C2000 C/C++ Codegen                         PC v6.4.4 *
       3              ;* Date/Time created: Wed Jul 08 12:49:33 2015                 *
       4              ;***************************************************************
       5                      .compiler_opts --float_support=softlib --hll_source=on --mem_model:code=flat --mem_model:data=large -
       6        0002  FP      .set    XAR2
       7              
       8              $C$DW$CU        .dwtag  DW_TAG_compile_unit
       9                      .dwattr $C$DW$CU, DW_AT_name("C:/ti/motorware/motorware_1_01_00_14/sw/modules/pid/src/32b/pid.c")
      10                      .dwattr $C$DW$CU, DW_AT_producer("TI TMS320C2000 C/C++ Codegen PC v6.4.4 Copyright (c) 1996-2015 Texa
      11                      .dwattr $C$DW$CU, DW_AT_TI_version(0x01)
      12                      .dwattr $C$DW$CU, DW_AT_comp_dir("C:\work\ws_ccs_motorware\foc_proj_lab21\Release")
      13              ;       C:\ti\ccsv6\tools\compiler\ti-cgt-c2000_6.4.4\bin\opt2000.exe C:\\Users\\grant\\AppData\\Local\\Temp\
      14              ;       C:\ti\ccsv6\tools\compiler\ti-cgt-c2000_6.4.4\bin\ac2000.exe -@C:\\Users\\grant\\AppData\\Local\\Temp
      15 00000000               .sect   ".text"
      16                      .clink
      17                      .global _PID_init
      18              
      19              $C$DW$1 .dwtag  DW_TAG_subprogram, DW_AT_name("PID_init")
      20                      .dwattr $C$DW$1, DW_AT_low_pc(_PID_init)
      21                      .dwattr $C$DW$1, DW_AT_high_pc(0x00)
      22                      .dwattr $C$DW$1, DW_AT_TI_symbol_name("_PID_init")
      23                      .dwattr $C$DW$1, DW_AT_external
      24                      .dwattr $C$DW$1, DW_AT_type(*$C$DW$T$23)
      25                      .dwattr $C$DW$1, DW_AT_TI_begin_file("C:/ti/motorware/motorware_1_01_00_14/sw/modules/pid/src/32b/pid
      26                      .dwattr $C$DW$1, DW_AT_TI_begin_line(0x38)
      27                      .dwattr $C$DW$1, DW_AT_TI_begin_column(0x0c)
      28                      .dwattr $C$DW$1, DW_AT_TI_max_frame_size(-2)
      29                      .dwpsn  file "C:/ti/motorware/motorware_1_01_00_14/sw/modules/pid/src/32b/pid.c",line 57,column 1,is_
      30              
      31                      .dwfde $C$DW$CIE, _PID_init
      32              $C$DW$2 .dwtag  DW_TAG_formal_parameter, DW_AT_name("pMemory")
      33                      .dwattr $C$DW$2, DW_AT_TI_symbol_name("_pMemory")
      34                      .dwattr $C$DW$2, DW_AT_type(*$C$DW$T$3)
      35                      .dwattr $C$DW$2, DW_AT_location[DW_OP_reg12]
      36              $C$DW$3 .dwtag  DW_TAG_formal_parameter, DW_AT_name("numBytes")
      37                      .dwattr $C$DW$3, DW_AT_TI_symbol_name("_numBytes")
      38                      .dwattr $C$DW$3, DW_AT_type(*$C$DW$T$25)
      39                      .dwattr $C$DW$3, DW_AT_location[DW_OP_reg0]
      40              
      41              ;***************************************************************
      42              ;* FNAME: _PID_init                     FR SIZE:   0           *
      43              ;*                                                             *
      44              ;* FUNCTION ENVIRONMENT                                        *
      45              ;*                                                             *
      46              ;* FUNCTION PROPERTIES                                         *
      47              ;*                            0 Parameter,  0 Auto,  0 SOE     *
      48              ;***************************************************************
      49              
      50              _PID_init:
      51              ;* AR6   assigned to _numBytes
      52              $C$DW$4 .dwtag  DW_TAG_variable, DW_AT_name("numBytes")
      53                      .dwattr $C$DW$4, DW_AT_TI_symbol_name("_numBytes")
      54                      .dwattr $C$DW$4, DW_AT_type(*$C$DW$T$25)
      55                      .dwattr $C$DW$4, DW_AT_location[DW_OP_reg16]
TMS320C2000 Assembler PC v6.4.4 Wed Jul 08 12:49:33 2015

Tools Copyright (c) 1996-2015 Texas Instruments Incorporated
C:\Users\grant\AppData\Local\Temp\0209211                            PAGE    2

      56              ;* AR4   assigned to _pMemory
      57              $C$DW$5 .dwtag  DW_TAG_variable, DW_AT_name("pMemory")
      58                      .dwattr $C$DW$5, DW_AT_TI_symbol_name("_pMemory")
      59                      .dwattr $C$DW$5, DW_AT_type(*$C$DW$T$28)
      60                      .dwattr $C$DW$5, DW_AT_location[DW_OP_reg12]
      61                      .dwcfi  cfa_offset, -2
      62                      .dwcfi  save_reg_to_mem, 26, 0
      63 00000000 1EA6          MOVL      XAR6,ACC              ; [CPU_] |57| 
      64                      .dwpsn  file "C:/ti/motorware/motorware_1_01_00_14/sw/modules/pid/src/32b/pid.c",line 61,column 3,is_
      65 00000001 0210          MOVB      ACC,#16               ; [CPU_] |61| 
      66 00000002 0FA6          CMPL      ACC,XAR6              ; [CPU_] |61| 
      67 00000003 56C9          BF        $C$L1,LOS             ; [CPU_] |61| 
         00000004 0004 
      68                      ; branchcc occurs ; [] |61| 
      69                      .dwcfi  remember_state
      70                      .dwpsn  file "C:/ti/motorware/motorware_1_01_00_14/sw/modules/pid/src/32b/pid.c",line 62,column 5,is_
      71 00000005 D400          MOVB      XAR4,#0               ; [CPU_] |62| 
      72              $C$DW$6 .dwtag  DW_TAG_TI_branch
      73                      .dwattr $C$DW$6, DW_AT_low_pc(0x00)
      74                      .dwattr $C$DW$6, DW_AT_TI_return
      75 00000006 0006          LRETR     ; [CPU_] 
      76                      ; return occurs ; [] 
      77                      .dwcfi  restore_state
      78 00000007       $C$L1:    
      79                      .dwpsn  file "C:/ti/motorware/motorware_1_01_00_14/sw/modules/pid/src/32b/pid.h",line 413,column 3,is
      80 00000007 0200          MOVB      ACC,#0                ; [CPU_] |413| 
      81                      .dwpsn  file "C:/ti/motorware/motorware_1_01_00_14/sw/modules/pid/src/32b/pid.h",line 400,column 3,is
      82 00000008 D008          MOVB      XAR0,#8               ; [CPU_] |400| 
      83                      .dwpsn  file "C:/ti/motorware/motorware_1_01_00_14/sw/modules/pid/src/32b/pid.h",line 413,column 3,is
      84 00000009 1EF4          MOVL      *+XAR4[6],ACC         ; [CPU_] |413| 
      85                      .dwpsn  file "C:/ti/motorware/motorware_1_01_00_14/sw/modules/pid/src/32b/pid.h",line 400,column 3,is
      86 0000000a 1E94          MOVL      *+XAR4[AR0],ACC       ; [CPU_] |400| 
      87                      .dwpsn  file "C:/ti/motorware/motorware_1_01_00_14/sw/modules/pid/src/32b/pid.h",line 290,column 3,is
      88 0000000b D00A          MOVB      XAR0,#10              ; [CPU_] |290| 
      89 0000000c 1E94          MOVL      *+XAR4[AR0],ACC       ; [CPU_] |290| 
      90              $C$DW$7 .dwtag  DW_TAG_TI_branch
      91                      .dwattr $C$DW$7, DW_AT_low_pc(0x00)
      92                      .dwattr $C$DW$7, DW_AT_TI_return
      93 0000000d 0006          LRETR     ; [CPU_] 
      94                      ; return occurs ; [] 
      95                      .dwattr $C$DW$1, DW_AT_TI_end_file("C:/ti/motorware/motorware_1_01_00_14/sw/modules/pid/src/32b/pid.c
      96                      .dwattr $C$DW$1, DW_AT_TI_end_line(0x49)
      97                      .dwattr $C$DW$1, DW_AT_TI_end_column(0x01)
      98                      .dwendentry
      99                      .dwendtag $C$DW$1
     100              
     101              
     102              ;***************************************************************
     103              ;* TYPE INFORMATION                                            *
     104              ;***************************************************************
     105              
     106              $C$DW$T$20      .dwtag  DW_TAG_structure_type
     107                      .dwattr $C$DW$T$20, DW_AT_name("_PID_Obj_")
     108                      .dwattr $C$DW$T$20, DW_AT_byte_size(0x10)
     109              $C$DW$8 .dwtag  DW_TAG_member
TMS320C2000 Assembler PC v6.4.4 Wed Jul 08 12:49:33 2015

Tools Copyright (c) 1996-2015 Texas Instruments Incorporated
C:\Users\grant\AppData\Local\Temp\0209211                            PAGE    3

     110                      .dwattr $C$DW$8, DW_AT_type(*$C$DW$T$19)
     111                      .dwattr $C$DW$8, DW_AT_name("Kp")
     112                      .dwattr $C$DW$8, DW_AT_TI_symbol_name("_Kp")
     113                      .dwattr $C$DW$8, DW_AT_data_member_location[DW_OP_plus_uconst 0x0]
     114                      .dwattr $C$DW$8, DW_AT_accessibility(DW_ACCESS_public)
     115              $C$DW$9 .dwtag  DW_TAG_member
     116                      .dwattr $C$DW$9, DW_AT_type(*$C$DW$T$19)
     117                      .dwattr $C$DW$9, DW_AT_name("Ki")
     118                      .dwattr $C$DW$9, DW_AT_TI_symbol_name("_Ki")
     119                      .dwattr $C$DW$9, DW_AT_data_member_location[DW_OP_plus_uconst 0x2]
     120                      .dwattr $C$DW$9, DW_AT_accessibility(DW_ACCESS_public)
     121              $C$DW$10        .dwtag  DW_TAG_member
     122                      .dwattr $C$DW$10, DW_AT_type(*$C$DW$T$19)
     123                      .dwattr $C$DW$10, DW_AT_name("Kd")
     124                      .dwattr $C$DW$10, DW_AT_TI_symbol_name("_Kd")
     125                      .dwattr $C$DW$10, DW_AT_data_member_location[DW_OP_plus_uconst 0x4]
     126                      .dwattr $C$DW$10, DW_AT_accessibility(DW_ACCESS_public)
     127              $C$DW$11        .dwtag  DW_TAG_member
     128                      .dwattr $C$DW$11, DW_AT_type(*$C$DW$T$19)
     129                      .dwattr $C$DW$11, DW_AT_name("Ui")
     130                      .dwattr $C$DW$11, DW_AT_TI_symbol_name("_Ui")
     131                      .dwattr $C$DW$11, DW_AT_data_member_location[DW_OP_plus_uconst 0x6]
     132                      .dwattr $C$DW$11, DW_AT_accessibility(DW_ACCESS_public)
     133              $C$DW$12        .dwtag  DW_TAG_member
     134                      .dwattr $C$DW$12, DW_AT_type(*$C$DW$T$19)
     135                      .dwattr $C$DW$12, DW_AT_name("refValue")
     136                      .dwattr $C$DW$12, DW_AT_TI_symbol_name("_refValue")
     137                      .dwattr $C$DW$12, DW_AT_data_member_location[DW_OP_plus_uconst 0x8]
     138                      .dwattr $C$DW$12, DW_AT_accessibility(DW_ACCESS_public)
     139              $C$DW$13        .dwtag  DW_TAG_member
     140                      .dwattr $C$DW$13, DW_AT_type(*$C$DW$T$19)
     141                      .dwattr $C$DW$13, DW_AT_name("fbackValue")
     142                      .dwattr $C$DW$13, DW_AT_TI_symbol_name("_fbackValue")
     143                      .dwattr $C$DW$13, DW_AT_data_member_location[DW_OP_plus_uconst 0xa]
     144                      .dwattr $C$DW$13, DW_AT_accessibility(DW_ACCESS_public)
     145              $C$DW$14        .dwtag  DW_TAG_member
     146                      .dwattr $C$DW$14, DW_AT_type(*$C$DW$T$19)
     147                      .dwattr $C$DW$14, DW_AT_name("outMin")
     148                      .dwattr $C$DW$14, DW_AT_TI_symbol_name("_outMin")
     149                      .dwattr $C$DW$14, DW_AT_data_member_location[DW_OP_plus_uconst 0xc]
     150                      .dwattr $C$DW$14, DW_AT_accessibility(DW_ACCESS_public)
     151              $C$DW$15        .dwtag  DW_TAG_member
     152                      .dwattr $C$DW$15, DW_AT_type(*$C$DW$T$19)
     153                      .dwattr $C$DW$15, DW_AT_name("outMax")
     154                      .dwattr $C$DW$15, DW_AT_TI_symbol_name("_outMax")
     155                      .dwattr $C$DW$15, DW_AT_data_member_location[DW_OP_plus_uconst 0xe]
     156                      .dwattr $C$DW$15, DW_AT_accessibility(DW_ACCESS_public)
     157                      .dwendtag $C$DW$T$20
     158              
     159              $C$DW$T$21      .dwtag  DW_TAG_typedef, DW_AT_name("PID_Obj")
     160                      .dwattr $C$DW$T$21, DW_AT_type(*$C$DW$T$20)
     161                      .dwattr $C$DW$T$21, DW_AT_language(DW_LANG_C)
     162              $C$DW$T$22      .dwtag  DW_TAG_pointer_type
     163                      .dwattr $C$DW$T$22, DW_AT_type(*$C$DW$T$20)
     164                      .dwattr $C$DW$T$22, DW_AT_address_class(0x20)
TMS320C2000 Assembler PC v6.4.4 Wed Jul 08 12:49:33 2015

Tools Copyright (c) 1996-2015 Texas Instruments Incorporated
C:\Users\grant\AppData\Local\Temp\0209211                            PAGE    4

     165              $C$DW$T$23      .dwtag  DW_TAG_typedef, DW_AT_name("PID_Handle")
     166                      .dwattr $C$DW$T$23, DW_AT_type(*$C$DW$T$22)
     167                      .dwattr $C$DW$T$23, DW_AT_language(DW_LANG_C)
     168              $C$DW$T$2       .dwtag  DW_TAG_unspecified_type
     169                      .dwattr $C$DW$T$2, DW_AT_name("void")
     170              $C$DW$T$3       .dwtag  DW_TAG_pointer_type
     171                      .dwattr $C$DW$T$3, DW_AT_type(*$C$DW$T$2)
     172                      .dwattr $C$DW$T$3, DW_AT_address_class(0x20)
     173              $C$DW$16        .dwtag  DW_TAG_TI_far_type
     174                      .dwattr $C$DW$16, DW_AT_type(*$C$DW$T$3)
     175              $C$DW$T$28      .dwtag  DW_TAG_const_type
     176                      .dwattr $C$DW$T$28, DW_AT_type(*$C$DW$16)
     177              $C$DW$T$4       .dwtag  DW_TAG_base_type
     178                      .dwattr $C$DW$T$4, DW_AT_encoding(DW_ATE_boolean)
     179                      .dwattr $C$DW$T$4, DW_AT_name("bool")
     180                      .dwattr $C$DW$T$4, DW_AT_byte_size(0x01)
     181              $C$DW$T$5       .dwtag  DW_TAG_base_type
     182                      .dwattr $C$DW$T$5, DW_AT_encoding(DW_ATE_signed_char)
     183                      .dwattr $C$DW$T$5, DW_AT_name("signed char")
     184                      .dwattr $C$DW$T$5, DW_AT_byte_size(0x01)
     185              $C$DW$T$6       .dwtag  DW_TAG_base_type
     186                      .dwattr $C$DW$T$6, DW_AT_encoding(DW_ATE_unsigned_char)
     187                      .dwattr $C$DW$T$6, DW_AT_name("unsigned char")
     188                      .dwattr $C$DW$T$6, DW_AT_byte_size(0x01)
     189              $C$DW$T$7       .dwtag  DW_TAG_base_type
     190                      .dwattr $C$DW$T$7, DW_AT_encoding(DW_ATE_signed_char)
     191                      .dwattr $C$DW$T$7, DW_AT_name("wchar_t")
     192                      .dwattr $C$DW$T$7, DW_AT_byte_size(0x01)
     193              $C$DW$T$8       .dwtag  DW_TAG_base_type
     194                      .dwattr $C$DW$T$8, DW_AT_encoding(DW_ATE_signed)
     195                      .dwattr $C$DW$T$8, DW_AT_name("short")
     196                      .dwattr $C$DW$T$8, DW_AT_byte_size(0x01)
     197              $C$DW$T$9       .dwtag  DW_TAG_base_type
     198                      .dwattr $C$DW$T$9, DW_AT_encoding(DW_ATE_unsigned)
     199                      .dwattr $C$DW$T$9, DW_AT_name("unsigned short")
     200                      .dwattr $C$DW$T$9, DW_AT_byte_size(0x01)
     201              $C$DW$T$10      .dwtag  DW_TAG_base_type
     202                      .dwattr $C$DW$T$10, DW_AT_encoding(DW_ATE_signed)
     203                      .dwattr $C$DW$T$10, DW_AT_name("int")
     204                      .dwattr $C$DW$T$10, DW_AT_byte_size(0x01)
     205              $C$DW$T$11      .dwtag  DW_TAG_base_type
     206                      .dwattr $C$DW$T$11, DW_AT_encoding(DW_ATE_unsigned)
     207                      .dwattr $C$DW$T$11, DW_AT_name("unsigned int")
     208                      .dwattr $C$DW$T$11, DW_AT_byte_size(0x01)
     209              $C$DW$T$12      .dwtag  DW_TAG_base_type
     210                      .dwattr $C$DW$T$12, DW_AT_encoding(DW_ATE_signed)
     211                      .dwattr $C$DW$T$12, DW_AT_name("long")
     212                      .dwattr $C$DW$T$12, DW_AT_byte_size(0x02)
     213              $C$DW$T$19      .dwtag  DW_TAG_typedef, DW_AT_name("_iq")
     214                      .dwattr $C$DW$T$19, DW_AT_type(*$C$DW$T$12)
     215                      .dwattr $C$DW$T$19, DW_AT_language(DW_LANG_C)
     216              $C$DW$T$13      .dwtag  DW_TAG_base_type
     217                      .dwattr $C$DW$T$13, DW_AT_encoding(DW_ATE_unsigned)
     218                      .dwattr $C$DW$T$13, DW_AT_name("unsigned long")
     219                      .dwattr $C$DW$T$13, DW_AT_byte_size(0x02)
TMS320C2000 Assembler PC v6.4.4 Wed Jul 08 12:49:33 2015

Tools Copyright (c) 1996-2015 Texas Instruments Incorporated
C:\Users\grant\AppData\Local\Temp\0209211                            PAGE    5

     220              $C$DW$T$24      .dwtag  DW_TAG_typedef, DW_AT_name("size_t")
     221                      .dwattr $C$DW$T$24, DW_AT_type(*$C$DW$T$13)
     222                      .dwattr $C$DW$T$24, DW_AT_language(DW_LANG_C)
     223              $C$DW$17        .dwtag  DW_TAG_TI_far_type
     224                      .dwattr $C$DW$17, DW_AT_type(*$C$DW$T$24)
     225              $C$DW$T$25      .dwtag  DW_TAG_const_type
     226                      .dwattr $C$DW$T$25, DW_AT_type(*$C$DW$17)
     227              $C$DW$T$14      .dwtag  DW_TAG_base_type
     228                      .dwattr $C$DW$T$14, DW_AT_encoding(DW_ATE_signed)
     229                      .dwattr $C$DW$T$14, DW_AT_name("long long")
     230                      .dwattr $C$DW$T$14, DW_AT_byte_size(0x04)
     231              $C$DW$T$15      .dwtag  DW_TAG_base_type
     232                      .dwattr $C$DW$T$15, DW_AT_encoding(DW_ATE_unsigned)
     233                      .dwattr $C$DW$T$15, DW_AT_name("unsigned long long")
     234                      .dwattr $C$DW$T$15, DW_AT_byte_size(0x04)
     235              $C$DW$T$16      .dwtag  DW_TAG_base_type
     236                      .dwattr $C$DW$T$16, DW_AT_encoding(DW_ATE_float)
     237                      .dwattr $C$DW$T$16, DW_AT_name("float")
     238                      .dwattr $C$DW$T$16, DW_AT_byte_size(0x02)
     239              $C$DW$T$17      .dwtag  DW_TAG_base_type
     240                      .dwattr $C$DW$T$17, DW_AT_encoding(DW_ATE_float)
     241                      .dwattr $C$DW$T$17, DW_AT_name("double")
     242                      .dwattr $C$DW$T$17, DW_AT_byte_size(0x02)
     243              $C$DW$T$18      .dwtag  DW_TAG_base_type
     244                      .dwattr $C$DW$T$18, DW_AT_encoding(DW_ATE_float)
     245                      .dwattr $C$DW$T$18, DW_AT_name("long double")
     246                      .dwattr $C$DW$T$18, DW_AT_byte_size(0x04)
     247                      .dwattr $C$DW$CU, DW_AT_language(DW_LANG_C)
     248              
     249              ;***************************************************************
     250              ;* DWARF CIE ENTRIES                                           *
     251              ;***************************************************************
     252              
     253              $C$DW$CIE       .dwcie 26
     254                      .dwcfi  cfa_register, 20
     255                      .dwcfi  cfa_offset, 0
     256                      .dwcfi  undefined, 0
     257                      .dwcfi  undefined, 1
     258                      .dwcfi  undefined, 2
     259                      .dwcfi  undefined, 3
     260                      .dwcfi  undefined, 20
     261                      .dwcfi  undefined, 21
     262                      .dwcfi  undefined, 22
     263                      .dwcfi  undefined, 23
     264                      .dwcfi  undefined, 24
     265                      .dwcfi  undefined, 25
     266                      .dwcfi  undefined, 26
     267                      .dwcfi  same_value, 28
     268                      .dwcfi  undefined, 29
     269                      .dwcfi  undefined, 30
     270                      .dwcfi  undefined, 31
     271                      .dwcfi  undefined, 32
     272                      .dwcfi  undefined, 33
     273                      .dwcfi  undefined, 34
     274                      .dwcfi  undefined, 35
TMS320C2000 Assembler PC v6.4.4 Wed Jul 08 12:49:33 2015

Tools Copyright (c) 1996-2015 Texas Instruments Incorporated
C:\Users\grant\AppData\Local\Temp\0209211                            PAGE    6

     275                      .dwcfi  undefined, 36
     276                      .dwcfi  undefined, 37
     277                      .dwcfi  undefined, 38
     278                      .dwcfi  undefined, 75
     279                      .dwcfi  undefined, 76
     280                      .dwcfi  undefined, 77
     281                      .dwcfi  undefined, 4
     282                      .dwcfi  undefined, 5
     283                      .dwcfi  same_value, 6
     284                      .dwcfi  same_value, 7
     285                      .dwcfi  same_value, 8
     286                      .dwcfi  same_value, 9
     287                      .dwcfi  same_value, 10
     288                      .dwcfi  same_value, 11
     289                      .dwcfi  undefined, 12
     290                      .dwcfi  undefined, 13
     291                      .dwcfi  undefined, 14
     292                      .dwcfi  undefined, 15
     293                      .dwcfi  undefined, 16
     294                      .dwcfi  undefined, 17
     295                      .dwcfi  undefined, 18
     296                      .dwcfi  undefined, 19
     297                      .dwendentry
     298              
     299              ;***************************************************************
     300              ;* DWARF REGISTER MAP                                          *
     301              ;***************************************************************
     302              
     303              $C$DW$18        .dwtag  DW_TAG_TI_assign_register, DW_AT_name("AL")
     304                      .dwattr $C$DW$18, DW_AT_location[DW_OP_reg0]
     305              $C$DW$19        .dwtag  DW_TAG_TI_assign_register, DW_AT_name("AH")
     306                      .dwattr $C$DW$19, DW_AT_location[DW_OP_reg1]
     307              $C$DW$20        .dwtag  DW_TAG_TI_assign_register, DW_AT_name("PL")
     308                      .dwattr $C$DW$20, DW_AT_location[DW_OP_reg2]
     309              $C$DW$21        .dwtag  DW_TAG_TI_assign_register, DW_AT_name("PH")
     310                      .dwattr $C$DW$21, DW_AT_location[DW_OP_reg3]
     311              $C$DW$22        .dwtag  DW_TAG_TI_assign_register, DW_AT_name("SP")
     312                      .dwattr $C$DW$22, DW_AT_location[DW_OP_reg20]
     313              $C$DW$23        .dwtag  DW_TAG_TI_assign_register, DW_AT_name("XT")
     314                      .dwattr $C$DW$23, DW_AT_location[DW_OP_reg21]
     315              $C$DW$24        .dwtag  DW_TAG_TI_assign_register, DW_AT_name("T")
     316                      .dwattr $C$DW$24, DW_AT_location[DW_OP_reg22]
     317              $C$DW$25        .dwtag  DW_TAG_TI_assign_register, DW_AT_name("ST0")
     318                      .dwattr $C$DW$25, DW_AT_location[DW_OP_reg23]
     319              $C$DW$26        .dwtag  DW_TAG_TI_assign_register, DW_AT_name("ST1")
     320                      .dwattr $C$DW$26, DW_AT_location[DW_OP_reg24]
     321              $C$DW$27        .dwtag  DW_TAG_TI_assign_register, DW_AT_name("PC")
     322                      .dwattr $C$DW$27, DW_AT_location[DW_OP_reg25]
     323              $C$DW$28        .dwtag  DW_TAG_TI_assign_register, DW_AT_name("RPC")
     324                      .dwattr $C$DW$28, DW_AT_location[DW_OP_reg26]
     325              $C$DW$29        .dwtag  DW_TAG_TI_assign_register, DW_AT_name("FP")
     326                      .dwattr $C$DW$29, DW_AT_location[DW_OP_reg28]
     327              $C$DW$30        .dwtag  DW_TAG_TI_assign_register, DW_AT_name("DP")
     328                      .dwattr $C$DW$30, DW_AT_location[DW_OP_reg29]
     329              $C$DW$31        .dwtag  DW_TAG_TI_assign_register, DW_AT_name("SXM")
TMS320C2000 Assembler PC v6.4.4 Wed Jul 08 12:49:33 2015

Tools Copyright (c) 1996-2015 Texas Instruments Incorporated
C:\Users\grant\AppData\Local\Temp\0209211                            PAGE    7

     330                      .dwattr $C$DW$31, DW_AT_location[DW_OP_reg30]
     331              $C$DW$32        .dwtag  DW_TAG_TI_assign_register, DW_AT_name("PM")
     332                      .dwattr $C$DW$32, DW_AT_location[DW_OP_reg31]
     333              $C$DW$33        .dwtag  DW_TAG_TI_assign_register, DW_AT_name("OVM")
     334                      .dwattr $C$DW$33, DW_AT_location[DW_OP_regx 0x20]
     335              $C$DW$34        .dwtag  DW_TAG_TI_assign_register, DW_AT_name("PAGE0")
     336                      .dwattr $C$DW$34, DW_AT_location[DW_OP_regx 0x21]
     337              $C$DW$35        .dwtag  DW_TAG_TI_assign_register, DW_AT_name("AMODE")
     338                      .dwattr $C$DW$35, DW_AT_location[DW_OP_regx 0x22]
     339              $C$DW$36        .dwtag  DW_TAG_TI_assign_register, DW_AT_name("INTM")
     340                      .dwattr $C$DW$36, DW_AT_location[DW_OP_regx 0x23]
     341              $C$DW$37        .dwtag  DW_TAG_TI_assign_register, DW_AT_name("IFR")
     342                      .dwattr $C$DW$37, DW_AT_location[DW_OP_regx 0x24]
     343              $C$DW$38        .dwtag  DW_TAG_TI_assign_register, DW_AT_name("IER")
     344                      .dwattr $C$DW$38, DW_AT_location[DW_OP_regx 0x25]
     345              $C$DW$39        .dwtag  DW_TAG_TI_assign_register, DW_AT_name("V")
     346                      .dwattr $C$DW$39, DW_AT_location[DW_OP_regx 0x26]
     347              $C$DW$40        .dwtag  DW_TAG_TI_assign_register, DW_AT_name("PSEUDOH")
     348                      .dwattr $C$DW$40, DW_AT_location[DW_OP_regx 0x4c]
     349              $C$DW$41        .dwtag  DW_TAG_TI_assign_register, DW_AT_name("VOL")
     350                      .dwattr $C$DW$41, DW_AT_location[DW_OP_regx 0x4d]
     351              $C$DW$42        .dwtag  DW_TAG_TI_assign_register, DW_AT_name("AR0")
     352                      .dwattr $C$DW$42, DW_AT_location[DW_OP_reg4]
     353              $C$DW$43        .dwtag  DW_TAG_TI_assign_register, DW_AT_name("XAR0")
     354                      .dwattr $C$DW$43, DW_AT_location[DW_OP_reg5]
     355              $C$DW$44        .dwtag  DW_TAG_TI_assign_register, DW_AT_name("AR1")
     356                      .dwattr $C$DW$44, DW_AT_location[DW_OP_reg6]
     357              $C$DW$45        .dwtag  DW_TAG_TI_assign_register, DW_AT_name("XAR1")
     358                      .dwattr $C$DW$45, DW_AT_location[DW_OP_reg7]
     359              $C$DW$46        .dwtag  DW_TAG_TI_assign_register, DW_AT_name("AR2")
     360                      .dwattr $C$DW$46, DW_AT_location[DW_OP_reg8]
     361              $C$DW$47        .dwtag  DW_TAG_TI_assign_register, DW_AT_name("XAR2")
     362                      .dwattr $C$DW$47, DW_AT_location[DW_OP_reg9]
     363              $C$DW$48        .dwtag  DW_TAG_TI_assign_register, DW_AT_name("AR3")
     364                      .dwattr $C$DW$48, DW_AT_location[DW_OP_reg10]
     365              $C$DW$49        .dwtag  DW_TAG_TI_assign_register, DW_AT_name("XAR3")
     366                      .dwattr $C$DW$49, DW_AT_location[DW_OP_reg11]
     367              $C$DW$50        .dwtag  DW_TAG_TI_assign_register, DW_AT_name("AR4")
     368                      .dwattr $C$DW$50, DW_AT_location[DW_OP_reg12]
     369              $C$DW$51        .dwtag  DW_TAG_TI_assign_register, DW_AT_name("XAR4")
     370                      .dwattr $C$DW$51, DW_AT_location[DW_OP_reg13]
     371              $C$DW$52        .dwtag  DW_TAG_TI_assign_register, DW_AT_name("AR5")
     372                      .dwattr $C$DW$52, DW_AT_location[DW_OP_reg14]
     373              $C$DW$53        .dwtag  DW_TAG_TI_assign_register, DW_AT_name("XAR5")
     374                      .dwattr $C$DW$53, DW_AT_location[DW_OP_reg15]
     375              $C$DW$54        .dwtag  DW_TAG_TI_assign_register, DW_AT_name("AR6")
     376                      .dwattr $C$DW$54, DW_AT_location[DW_OP_reg16]
     377              $C$DW$55        .dwtag  DW_TAG_TI_assign_register, DW_AT_name("XAR6")
     378                      .dwattr $C$DW$55, DW_AT_location[DW_OP_reg17]
     379              $C$DW$56        .dwtag  DW_TAG_TI_assign_register, DW_AT_name("AR7")
     380                      .dwattr $C$DW$56, DW_AT_location[DW_OP_reg18]
     381              $C$DW$57        .dwtag  DW_TAG_TI_assign_register, DW_AT_name("XAR7")
     382                      .dwattr $C$DW$57, DW_AT_location[DW_OP_reg19]
     383                      .dwendtag $C$DW$CU
     384              
TMS320C2000 Assembler PC v6.4.4 Wed Jul 08 12:49:33 2015

Tools Copyright (c) 1996-2015 Texas Instruments Incorporated
C:\Users\grant\AppData\Local\Temp\0209211                            PAGE    8


No Assembly Errors, No Assembly Warnings
