TMS320C2000 Assembler PC v6.4.4 Wed Jul 08 10:37:10 2015

Tools Copyright (c) 1996-2015 Texas Instruments Incorporated
C:\Users\grant\AppData\Local\Temp\0577611                            PAGE    1

       1              ;***************************************************************
       2              ;* TMS320C2000 C/C++ Codegen                         PC v6.4.4 *
       3              ;* Date/Time created: Wed Jul 08 10:37:10 2015                 *
       4              ;***************************************************************
       5                      .compiler_opts --float_support=softlib --hll_source=on --mem_model:code=flat --mem_model:data=large -
       6        0002  FP      .set    XAR2
       7              
       8              $C$DW$CU        .dwtag  DW_TAG_compile_unit
       9                      .dwattr $C$DW$CU, DW_AT_name("C:/ti/motorware/motorware_1_01_00_14/sw/modules/traj/src/32b/traj.c")
      10                      .dwattr $C$DW$CU, DW_AT_producer("TI TMS320C2000 C/C++ Codegen PC v6.4.4 Copyright (c) 1996-2015 Texa
      11                      .dwattr $C$DW$CU, DW_AT_TI_version(0x01)
      12                      .dwattr $C$DW$CU, DW_AT_comp_dir("C:\work\ws_ccs_motorware\foc_proj_lab21\Release")
      13              ;       C:\ti\ccsv6\tools\compiler\ti-cgt-c2000_6.4.4\bin\opt2000.exe C:\\Users\\grant\\AppData\\Local\\Temp\
      14              ;       C:\ti\ccsv6\tools\compiler\ti-cgt-c2000_6.4.4\bin\ac2000.exe -@C:\\Users\\grant\\AppData\\Local\\Temp
      15 00000000               .sect   ".text"
      16                      .clink
      17                      .global _TRAJ_init
      18              
      19              $C$DW$1 .dwtag  DW_TAG_subprogram, DW_AT_name("TRAJ_init")
      20                      .dwattr $C$DW$1, DW_AT_low_pc(_TRAJ_init)
      21                      .dwattr $C$DW$1, DW_AT_high_pc(0x00)
      22                      .dwattr $C$DW$1, DW_AT_TI_symbol_name("_TRAJ_init")
      23                      .dwattr $C$DW$1, DW_AT_external
      24                      .dwattr $C$DW$1, DW_AT_type(*$C$DW$T$22)
      25                      .dwattr $C$DW$1, DW_AT_TI_begin_file("C:/ti/motorware/motorware_1_01_00_14/sw/modules/traj/src/32b/tr
      26                      .dwattr $C$DW$1, DW_AT_TI_begin_line(0x37)
      27                      .dwattr $C$DW$1, DW_AT_TI_begin_column(0x0d)
      28                      .dwattr $C$DW$1, DW_AT_TI_max_frame_size(-2)
      29                      .dwpsn  file "C:/ti/motorware/motorware_1_01_00_14/sw/modules/traj/src/32b/traj.c",line 56,column 1,i
      30              
      31                      .dwfde $C$DW$CIE, _TRAJ_init
      32              $C$DW$2 .dwtag  DW_TAG_formal_parameter, DW_AT_name("pMemory")
      33                      .dwattr $C$DW$2, DW_AT_TI_symbol_name("_pMemory")
      34                      .dwattr $C$DW$2, DW_AT_type(*$C$DW$T$3)
      35                      .dwattr $C$DW$2, DW_AT_location[DW_OP_reg12]
      36              $C$DW$3 .dwtag  DW_TAG_formal_parameter, DW_AT_name("numBytes")
      37                      .dwattr $C$DW$3, DW_AT_TI_symbol_name("_numBytes")
      38                      .dwattr $C$DW$3, DW_AT_type(*$C$DW$T$24)
      39                      .dwattr $C$DW$3, DW_AT_location[DW_OP_reg0]
      40              
      41              ;***************************************************************
      42              ;* FNAME: _TRAJ_init                    FR SIZE:   0           *
      43              ;*                                                             *
      44              ;* FUNCTION ENVIRONMENT                                        *
      45              ;*                                                             *
      46              ;* FUNCTION PROPERTIES                                         *
      47              ;*                            0 Parameter,  0 Auto,  0 SOE     *
      48              ;***************************************************************
      49              
      50              _TRAJ_init:
      51              ;* AR6   assigned to _numBytes
      52              $C$DW$4 .dwtag  DW_TAG_variable, DW_AT_name("numBytes")
      53                      .dwattr $C$DW$4, DW_AT_TI_symbol_name("_numBytes")
      54                      .dwattr $C$DW$4, DW_AT_type(*$C$DW$T$24)
      55                      .dwattr $C$DW$4, DW_AT_location[DW_OP_reg16]
TMS320C2000 Assembler PC v6.4.4 Wed Jul 08 10:37:10 2015

Tools Copyright (c) 1996-2015 Texas Instruments Incorporated
C:\Users\grant\AppData\Local\Temp\0577611                            PAGE    2

      56                      .dwcfi  cfa_offset, -2
      57                      .dwcfi  save_reg_to_mem, 26, 0
      58 00000000 1EA6          MOVL      XAR6,ACC              ; [CPU_] |56| 
      59                      .dwpsn  file "C:/ti/motorware/motorware_1_01_00_14/sw/modules/traj/src/32b/traj.c",line 61,column 5,i
      60 00000001 020A          MOVB      ACC,#10               ; [CPU_] |61| 
      61 00000002 0FA6          CMPL      ACC,XAR6              ; [CPU_] |61| 
      62 00000003 56C9          BF        $C$L1,LOS             ; [CPU_] |61| 
         00000004 0003 
      63                      ; branchcc occurs ; [] |61| 
      64 00000005 D400          MOVB      XAR4,#0               ; [CPU_] |61| 
      65              $C$L1:    
      66              $C$DW$5 .dwtag  DW_TAG_TI_branch
      67                      .dwattr $C$DW$5, DW_AT_low_pc(0x00)
      68                      .dwattr $C$DW$5, DW_AT_TI_return
      69 00000006 0006          LRETR     ; [CPU_] 
      70                      ; return occurs ; [] 
      71                      .dwattr $C$DW$1, DW_AT_TI_end_file("C:/ti/motorware/motorware_1_01_00_14/sw/modules/traj/src/32b/traj
      72                      .dwattr $C$DW$1, DW_AT_TI_end_line(0x43)
      73                      .dwattr $C$DW$1, DW_AT_TI_end_column(0x01)
      74                      .dwendentry
      75                      .dwendtag $C$DW$1
      76              
      77              
      78              ;***************************************************************
      79              ;* TYPE INFORMATION                                            *
      80              ;***************************************************************
      81              
      82              $C$DW$T$20      .dwtag  DW_TAG_structure_type
      83                      .dwattr $C$DW$T$20, DW_AT_name("_TRAJ_Obj_")
      84                      .dwattr $C$DW$T$20, DW_AT_byte_size(0x0a)
      85              $C$DW$6 .dwtag  DW_TAG_member
      86                      .dwattr $C$DW$6, DW_AT_type(*$C$DW$T$19)
      87                      .dwattr $C$DW$6, DW_AT_name("targetValue")
      88                      .dwattr $C$DW$6, DW_AT_TI_symbol_name("_targetValue")
      89                      .dwattr $C$DW$6, DW_AT_data_member_location[DW_OP_plus_uconst 0x0]
      90                      .dwattr $C$DW$6, DW_AT_accessibility(DW_ACCESS_public)
      91              $C$DW$7 .dwtag  DW_TAG_member
      92                      .dwattr $C$DW$7, DW_AT_type(*$C$DW$T$19)
      93                      .dwattr $C$DW$7, DW_AT_name("intValue")
      94                      .dwattr $C$DW$7, DW_AT_TI_symbol_name("_intValue")
      95                      .dwattr $C$DW$7, DW_AT_data_member_location[DW_OP_plus_uconst 0x2]
      96                      .dwattr $C$DW$7, DW_AT_accessibility(DW_ACCESS_public)
      97              $C$DW$8 .dwtag  DW_TAG_member
      98                      .dwattr $C$DW$8, DW_AT_type(*$C$DW$T$19)
      99                      .dwattr $C$DW$8, DW_AT_name("minValue")
     100                      .dwattr $C$DW$8, DW_AT_TI_symbol_name("_minValue")
     101                      .dwattr $C$DW$8, DW_AT_data_member_location[DW_OP_plus_uconst 0x4]
     102                      .dwattr $C$DW$8, DW_AT_accessibility(DW_ACCESS_public)
     103              $C$DW$9 .dwtag  DW_TAG_member
     104                      .dwattr $C$DW$9, DW_AT_type(*$C$DW$T$19)
     105                      .dwattr $C$DW$9, DW_AT_name("maxValue")
     106                      .dwattr $C$DW$9, DW_AT_TI_symbol_name("_maxValue")
     107                      .dwattr $C$DW$9, DW_AT_data_member_location[DW_OP_plus_uconst 0x6]
     108                      .dwattr $C$DW$9, DW_AT_accessibility(DW_ACCESS_public)
     109              $C$DW$10        .dwtag  DW_TAG_member
TMS320C2000 Assembler PC v6.4.4 Wed Jul 08 10:37:10 2015

Tools Copyright (c) 1996-2015 Texas Instruments Incorporated
C:\Users\grant\AppData\Local\Temp\0577611                            PAGE    3

     110                      .dwattr $C$DW$10, DW_AT_type(*$C$DW$T$19)
     111                      .dwattr $C$DW$10, DW_AT_name("maxDelta")
     112                      .dwattr $C$DW$10, DW_AT_TI_symbol_name("_maxDelta")
     113                      .dwattr $C$DW$10, DW_AT_data_member_location[DW_OP_plus_uconst 0x8]
     114                      .dwattr $C$DW$10, DW_AT_accessibility(DW_ACCESS_public)
     115                      .dwendtag $C$DW$T$20
     116              
     117              $C$DW$T$21      .dwtag  DW_TAG_pointer_type
     118                      .dwattr $C$DW$T$21, DW_AT_type(*$C$DW$T$20)
     119                      .dwattr $C$DW$T$21, DW_AT_address_class(0x20)
     120              $C$DW$T$22      .dwtag  DW_TAG_typedef, DW_AT_name("TRAJ_Handle")
     121                      .dwattr $C$DW$T$22, DW_AT_type(*$C$DW$T$21)
     122                      .dwattr $C$DW$T$22, DW_AT_language(DW_LANG_C)
     123              $C$DW$T$2       .dwtag  DW_TAG_unspecified_type
     124                      .dwattr $C$DW$T$2, DW_AT_name("void")
     125              $C$DW$T$3       .dwtag  DW_TAG_pointer_type
     126                      .dwattr $C$DW$T$3, DW_AT_type(*$C$DW$T$2)
     127                      .dwattr $C$DW$T$3, DW_AT_address_class(0x20)
     128              $C$DW$T$4       .dwtag  DW_TAG_base_type
     129                      .dwattr $C$DW$T$4, DW_AT_encoding(DW_ATE_boolean)
     130                      .dwattr $C$DW$T$4, DW_AT_name("bool")
     131                      .dwattr $C$DW$T$4, DW_AT_byte_size(0x01)
     132              $C$DW$T$5       .dwtag  DW_TAG_base_type
     133                      .dwattr $C$DW$T$5, DW_AT_encoding(DW_ATE_signed_char)
     134                      .dwattr $C$DW$T$5, DW_AT_name("signed char")
     135                      .dwattr $C$DW$T$5, DW_AT_byte_size(0x01)
     136              $C$DW$T$6       .dwtag  DW_TAG_base_type
     137                      .dwattr $C$DW$T$6, DW_AT_encoding(DW_ATE_unsigned_char)
     138                      .dwattr $C$DW$T$6, DW_AT_name("unsigned char")
     139                      .dwattr $C$DW$T$6, DW_AT_byte_size(0x01)
     140              $C$DW$T$7       .dwtag  DW_TAG_base_type
     141                      .dwattr $C$DW$T$7, DW_AT_encoding(DW_ATE_signed_char)
     142                      .dwattr $C$DW$T$7, DW_AT_name("wchar_t")
     143                      .dwattr $C$DW$T$7, DW_AT_byte_size(0x01)
     144              $C$DW$T$8       .dwtag  DW_TAG_base_type
     145                      .dwattr $C$DW$T$8, DW_AT_encoding(DW_ATE_signed)
     146                      .dwattr $C$DW$T$8, DW_AT_name("short")
     147                      .dwattr $C$DW$T$8, DW_AT_byte_size(0x01)
     148              $C$DW$T$9       .dwtag  DW_TAG_base_type
     149                      .dwattr $C$DW$T$9, DW_AT_encoding(DW_ATE_unsigned)
     150                      .dwattr $C$DW$T$9, DW_AT_name("unsigned short")
     151                      .dwattr $C$DW$T$9, DW_AT_byte_size(0x01)
     152              $C$DW$T$10      .dwtag  DW_TAG_base_type
     153                      .dwattr $C$DW$T$10, DW_AT_encoding(DW_ATE_signed)
     154                      .dwattr $C$DW$T$10, DW_AT_name("int")
     155                      .dwattr $C$DW$T$10, DW_AT_byte_size(0x01)
     156              $C$DW$T$11      .dwtag  DW_TAG_base_type
     157                      .dwattr $C$DW$T$11, DW_AT_encoding(DW_ATE_unsigned)
     158                      .dwattr $C$DW$T$11, DW_AT_name("unsigned int")
     159                      .dwattr $C$DW$T$11, DW_AT_byte_size(0x01)
     160              $C$DW$T$12      .dwtag  DW_TAG_base_type
     161                      .dwattr $C$DW$T$12, DW_AT_encoding(DW_ATE_signed)
     162                      .dwattr $C$DW$T$12, DW_AT_name("long")
     163                      .dwattr $C$DW$T$12, DW_AT_byte_size(0x02)
     164              $C$DW$T$19      .dwtag  DW_TAG_typedef, DW_AT_name("_iq")
TMS320C2000 Assembler PC v6.4.4 Wed Jul 08 10:37:10 2015

Tools Copyright (c) 1996-2015 Texas Instruments Incorporated
C:\Users\grant\AppData\Local\Temp\0577611                            PAGE    4

     165                      .dwattr $C$DW$T$19, DW_AT_type(*$C$DW$T$12)
     166                      .dwattr $C$DW$T$19, DW_AT_language(DW_LANG_C)
     167              $C$DW$T$13      .dwtag  DW_TAG_base_type
     168                      .dwattr $C$DW$T$13, DW_AT_encoding(DW_ATE_unsigned)
     169                      .dwattr $C$DW$T$13, DW_AT_name("unsigned long")
     170                      .dwattr $C$DW$T$13, DW_AT_byte_size(0x02)
     171              $C$DW$T$23      .dwtag  DW_TAG_typedef, DW_AT_name("size_t")
     172                      .dwattr $C$DW$T$23, DW_AT_type(*$C$DW$T$13)
     173                      .dwattr $C$DW$T$23, DW_AT_language(DW_LANG_C)
     174              $C$DW$11        .dwtag  DW_TAG_TI_far_type
     175                      .dwattr $C$DW$11, DW_AT_type(*$C$DW$T$23)
     176              $C$DW$T$24      .dwtag  DW_TAG_const_type
     177                      .dwattr $C$DW$T$24, DW_AT_type(*$C$DW$11)
     178              $C$DW$T$14      .dwtag  DW_TAG_base_type
     179                      .dwattr $C$DW$T$14, DW_AT_encoding(DW_ATE_signed)
     180                      .dwattr $C$DW$T$14, DW_AT_name("long long")
     181                      .dwattr $C$DW$T$14, DW_AT_byte_size(0x04)
     182              $C$DW$T$15      .dwtag  DW_TAG_base_type
     183                      .dwattr $C$DW$T$15, DW_AT_encoding(DW_ATE_unsigned)
     184                      .dwattr $C$DW$T$15, DW_AT_name("unsigned long long")
     185                      .dwattr $C$DW$T$15, DW_AT_byte_size(0x04)
     186              $C$DW$T$16      .dwtag  DW_TAG_base_type
     187                      .dwattr $C$DW$T$16, DW_AT_encoding(DW_ATE_float)
     188                      .dwattr $C$DW$T$16, DW_AT_name("float")
     189                      .dwattr $C$DW$T$16, DW_AT_byte_size(0x02)
     190              $C$DW$T$17      .dwtag  DW_TAG_base_type
     191                      .dwattr $C$DW$T$17, DW_AT_encoding(DW_ATE_float)
     192                      .dwattr $C$DW$T$17, DW_AT_name("double")
     193                      .dwattr $C$DW$T$17, DW_AT_byte_size(0x02)
     194              $C$DW$T$18      .dwtag  DW_TAG_base_type
     195                      .dwattr $C$DW$T$18, DW_AT_encoding(DW_ATE_float)
     196                      .dwattr $C$DW$T$18, DW_AT_name("long double")
     197                      .dwattr $C$DW$T$18, DW_AT_byte_size(0x04)
     198                      .dwattr $C$DW$CU, DW_AT_language(DW_LANG_C)
     199              
     200              ;***************************************************************
     201              ;* DWARF CIE ENTRIES                                           *
     202              ;***************************************************************
     203              
     204              $C$DW$CIE       .dwcie 26
     205                      .dwcfi  cfa_register, 20
     206                      .dwcfi  cfa_offset, 0
     207                      .dwcfi  undefined, 0
     208                      .dwcfi  undefined, 1
     209                      .dwcfi  undefined, 2
     210                      .dwcfi  undefined, 3
     211                      .dwcfi  undefined, 20
     212                      .dwcfi  undefined, 21
     213                      .dwcfi  undefined, 22
     214                      .dwcfi  undefined, 23
     215                      .dwcfi  undefined, 24
     216                      .dwcfi  undefined, 25
     217                      .dwcfi  undefined, 26
     218                      .dwcfi  same_value, 28
     219                      .dwcfi  undefined, 29
TMS320C2000 Assembler PC v6.4.4 Wed Jul 08 10:37:10 2015

Tools Copyright (c) 1996-2015 Texas Instruments Incorporated
C:\Users\grant\AppData\Local\Temp\0577611                            PAGE    5

     220                      .dwcfi  undefined, 30
     221                      .dwcfi  undefined, 31
     222                      .dwcfi  undefined, 32
     223                      .dwcfi  undefined, 33
     224                      .dwcfi  undefined, 34
     225                      .dwcfi  undefined, 35
     226                      .dwcfi  undefined, 36
     227                      .dwcfi  undefined, 37
     228                      .dwcfi  undefined, 38
     229                      .dwcfi  undefined, 75
     230                      .dwcfi  undefined, 76
     231                      .dwcfi  undefined, 77
     232                      .dwcfi  undefined, 4
     233                      .dwcfi  undefined, 5
     234                      .dwcfi  same_value, 6
     235                      .dwcfi  same_value, 7
     236                      .dwcfi  same_value, 8
     237                      .dwcfi  same_value, 9
     238                      .dwcfi  same_value, 10
     239                      .dwcfi  same_value, 11
     240                      .dwcfi  undefined, 12
     241                      .dwcfi  undefined, 13
     242                      .dwcfi  undefined, 14
     243                      .dwcfi  undefined, 15
     244                      .dwcfi  undefined, 16
     245                      .dwcfi  undefined, 17
     246                      .dwcfi  undefined, 18
     247                      .dwcfi  undefined, 19
     248                      .dwendentry
     249              
     250              ;***************************************************************
     251              ;* DWARF REGISTER MAP                                          *
     252              ;***************************************************************
     253              
     254              $C$DW$12        .dwtag  DW_TAG_TI_assign_register, DW_AT_name("AL")
     255                      .dwattr $C$DW$12, DW_AT_location[DW_OP_reg0]
     256              $C$DW$13        .dwtag  DW_TAG_TI_assign_register, DW_AT_name("AH")
     257                      .dwattr $C$DW$13, DW_AT_location[DW_OP_reg1]
     258              $C$DW$14        .dwtag  DW_TAG_TI_assign_register, DW_AT_name("PL")
     259                      .dwattr $C$DW$14, DW_AT_location[DW_OP_reg2]
     260              $C$DW$15        .dwtag  DW_TAG_TI_assign_register, DW_AT_name("PH")
     261                      .dwattr $C$DW$15, DW_AT_location[DW_OP_reg3]
     262              $C$DW$16        .dwtag  DW_TAG_TI_assign_register, DW_AT_name("SP")
     263                      .dwattr $C$DW$16, DW_AT_location[DW_OP_reg20]
     264              $C$DW$17        .dwtag  DW_TAG_TI_assign_register, DW_AT_name("XT")
     265                      .dwattr $C$DW$17, DW_AT_location[DW_OP_reg21]
     266              $C$DW$18        .dwtag  DW_TAG_TI_assign_register, DW_AT_name("T")
     267                      .dwattr $C$DW$18, DW_AT_location[DW_OP_reg22]
     268              $C$DW$19        .dwtag  DW_TAG_TI_assign_register, DW_AT_name("ST0")
     269                      .dwattr $C$DW$19, DW_AT_location[DW_OP_reg23]
     270              $C$DW$20        .dwtag  DW_TAG_TI_assign_register, DW_AT_name("ST1")
     271                      .dwattr $C$DW$20, DW_AT_location[DW_OP_reg24]
     272              $C$DW$21        .dwtag  DW_TAG_TI_assign_register, DW_AT_name("PC")
     273                      .dwattr $C$DW$21, DW_AT_location[DW_OP_reg25]
     274              $C$DW$22        .dwtag  DW_TAG_TI_assign_register, DW_AT_name("RPC")
TMS320C2000 Assembler PC v6.4.4 Wed Jul 08 10:37:10 2015

Tools Copyright (c) 1996-2015 Texas Instruments Incorporated
C:\Users\grant\AppData\Local\Temp\0577611                            PAGE    6

     275                      .dwattr $C$DW$22, DW_AT_location[DW_OP_reg26]
     276              $C$DW$23        .dwtag  DW_TAG_TI_assign_register, DW_AT_name("FP")
     277                      .dwattr $C$DW$23, DW_AT_location[DW_OP_reg28]
     278              $C$DW$24        .dwtag  DW_TAG_TI_assign_register, DW_AT_name("DP")
     279                      .dwattr $C$DW$24, DW_AT_location[DW_OP_reg29]
     280              $C$DW$25        .dwtag  DW_TAG_TI_assign_register, DW_AT_name("SXM")
     281                      .dwattr $C$DW$25, DW_AT_location[DW_OP_reg30]
     282              $C$DW$26        .dwtag  DW_TAG_TI_assign_register, DW_AT_name("PM")
     283                      .dwattr $C$DW$26, DW_AT_location[DW_OP_reg31]
     284              $C$DW$27        .dwtag  DW_TAG_TI_assign_register, DW_AT_name("OVM")
     285                      .dwattr $C$DW$27, DW_AT_location[DW_OP_regx 0x20]
     286              $C$DW$28        .dwtag  DW_TAG_TI_assign_register, DW_AT_name("PAGE0")
     287                      .dwattr $C$DW$28, DW_AT_location[DW_OP_regx 0x21]
     288              $C$DW$29        .dwtag  DW_TAG_TI_assign_register, DW_AT_name("AMODE")
     289                      .dwattr $C$DW$29, DW_AT_location[DW_OP_regx 0x22]
     290              $C$DW$30        .dwtag  DW_TAG_TI_assign_register, DW_AT_name("INTM")
     291                      .dwattr $C$DW$30, DW_AT_location[DW_OP_regx 0x23]
     292              $C$DW$31        .dwtag  DW_TAG_TI_assign_register, DW_AT_name("IFR")
     293                      .dwattr $C$DW$31, DW_AT_location[DW_OP_regx 0x24]
     294              $C$DW$32        .dwtag  DW_TAG_TI_assign_register, DW_AT_name("IER")
     295                      .dwattr $C$DW$32, DW_AT_location[DW_OP_regx 0x25]
     296              $C$DW$33        .dwtag  DW_TAG_TI_assign_register, DW_AT_name("V")
     297                      .dwattr $C$DW$33, DW_AT_location[DW_OP_regx 0x26]
     298              $C$DW$34        .dwtag  DW_TAG_TI_assign_register, DW_AT_name("PSEUDOH")
     299                      .dwattr $C$DW$34, DW_AT_location[DW_OP_regx 0x4c]
     300              $C$DW$35        .dwtag  DW_TAG_TI_assign_register, DW_AT_name("VOL")
     301                      .dwattr $C$DW$35, DW_AT_location[DW_OP_regx 0x4d]
     302              $C$DW$36        .dwtag  DW_TAG_TI_assign_register, DW_AT_name("AR0")
     303                      .dwattr $C$DW$36, DW_AT_location[DW_OP_reg4]
     304              $C$DW$37        .dwtag  DW_TAG_TI_assign_register, DW_AT_name("XAR0")
     305                      .dwattr $C$DW$37, DW_AT_location[DW_OP_reg5]
     306              $C$DW$38        .dwtag  DW_TAG_TI_assign_register, DW_AT_name("AR1")
     307                      .dwattr $C$DW$38, DW_AT_location[DW_OP_reg6]
     308              $C$DW$39        .dwtag  DW_TAG_TI_assign_register, DW_AT_name("XAR1")
     309                      .dwattr $C$DW$39, DW_AT_location[DW_OP_reg7]
     310              $C$DW$40        .dwtag  DW_TAG_TI_assign_register, DW_AT_name("AR2")
     311                      .dwattr $C$DW$40, DW_AT_location[DW_OP_reg8]
     312              $C$DW$41        .dwtag  DW_TAG_TI_assign_register, DW_AT_name("XAR2")
     313                      .dwattr $C$DW$41, DW_AT_location[DW_OP_reg9]
     314              $C$DW$42        .dwtag  DW_TAG_TI_assign_register, DW_AT_name("AR3")
     315                      .dwattr $C$DW$42, DW_AT_location[DW_OP_reg10]
     316              $C$DW$43        .dwtag  DW_TAG_TI_assign_register, DW_AT_name("XAR3")
     317                      .dwattr $C$DW$43, DW_AT_location[DW_OP_reg11]
     318              $C$DW$44        .dwtag  DW_TAG_TI_assign_register, DW_AT_name("AR4")
     319                      .dwattr $C$DW$44, DW_AT_location[DW_OP_reg12]
     320              $C$DW$45        .dwtag  DW_TAG_TI_assign_register, DW_AT_name("XAR4")
     321                      .dwattr $C$DW$45, DW_AT_location[DW_OP_reg13]
     322              $C$DW$46        .dwtag  DW_TAG_TI_assign_register, DW_AT_name("AR5")
     323                      .dwattr $C$DW$46, DW_AT_location[DW_OP_reg14]
     324              $C$DW$47        .dwtag  DW_TAG_TI_assign_register, DW_AT_name("XAR5")
     325                      .dwattr $C$DW$47, DW_AT_location[DW_OP_reg15]
     326              $C$DW$48        .dwtag  DW_TAG_TI_assign_register, DW_AT_name("AR6")
     327                      .dwattr $C$DW$48, DW_AT_location[DW_OP_reg16]
     328              $C$DW$49        .dwtag  DW_TAG_TI_assign_register, DW_AT_name("XAR6")
     329                      .dwattr $C$DW$49, DW_AT_location[DW_OP_reg17]
TMS320C2000 Assembler PC v6.4.4 Wed Jul 08 10:37:10 2015

Tools Copyright (c) 1996-2015 Texas Instruments Incorporated
C:\Users\grant\AppData\Local\Temp\0577611                            PAGE    7

     330              $C$DW$50        .dwtag  DW_TAG_TI_assign_register, DW_AT_name("AR7")
     331                      .dwattr $C$DW$50, DW_AT_location[DW_OP_reg18]
     332              $C$DW$51        .dwtag  DW_TAG_TI_assign_register, DW_AT_name("XAR7")
     333                      .dwattr $C$DW$51, DW_AT_location[DW_OP_reg19]
     334                      .dwendtag $C$DW$CU
     335              

No Assembly Errors, No Assembly Warnings
