TMS320C2000 Assembler PC v6.4.4 Wed Jul 08 12:49:29 2015

Tools Copyright (c) 1996-2015 Texas Instruments Incorporated
C:\Users\grant\AppData\Local\Temp\0214410                            PAGE    1

       1              ;***************************************************************
       2              ;* TMS320C2000 C/C++ Codegen                         PC v6.4.4 *
       3              ;* Date/Time created: Wed Jul 08 12:49:29 2015                 *
       4              ;***************************************************************
       5                      .compiler_opts --float_support=softlib --hll_source=on --mem_model:code=flat --mem_model:data=large -
       6        0002  FP      .set    XAR2
       7              
       8              $C$DW$CU        .dwtag  DW_TAG_compile_unit
       9                      .dwattr $C$DW$CU, DW_AT_name("C:/ti/motorware/motorware_1_01_00_14/sw/drivers/cpu/src/32b/f28x/f2806x
      10                      .dwattr $C$DW$CU, DW_AT_producer("TI TMS320C2000 C/C++ Codegen PC v6.4.4 Copyright (c) 1996-2015 Texa
      11                      .dwattr $C$DW$CU, DW_AT_TI_version(0x01)
      12                      .dwattr $C$DW$CU, DW_AT_comp_dir("C:\work\ws_ccs_motorware\foc_proj_lab20\Release")
      13                      .global _cpu
      14 00000000       _cpu:   .usect  ".ebss",1,1,0
      15              $C$DW$1 .dwtag  DW_TAG_variable, DW_AT_name("cpu")
      16                      .dwattr $C$DW$1, DW_AT_TI_symbol_name("_cpu")
      17                      .dwattr $C$DW$1, DW_AT_location[DW_OP_addr _cpu]
      18                      .dwattr $C$DW$1, DW_AT_type(*$C$DW$T$25)
      19                      .dwattr $C$DW$1, DW_AT_external
      20              ;       C:\ti\ccsv6\tools\compiler\ti-cgt-c2000_6.4.4\bin\opt2000.exe C:\\Users\\grant\\AppData\\Local\\Temp\
      21              ;       C:\ti\ccsv6\tools\compiler\ti-cgt-c2000_6.4.4\bin\ac2000.exe -@C:\\Users\\grant\\AppData\\Local\\Temp
      22 00000000               .sect   ".text"
      23                      .clink
      24                      .global _CPU_init
      25              
      26              $C$DW$2 .dwtag  DW_TAG_subprogram, DW_AT_name("CPU_init")
      27                      .dwattr $C$DW$2, DW_AT_low_pc(_CPU_init)
      28                      .dwattr $C$DW$2, DW_AT_high_pc(0x00)
      29                      .dwattr $C$DW$2, DW_AT_TI_symbol_name("_CPU_init")
      30                      .dwattr $C$DW$2, DW_AT_external
      31                      .dwattr $C$DW$2, DW_AT_type(*$C$DW$T$27)
      32                      .dwattr $C$DW$2, DW_AT_TI_begin_file("C:/ti/motorware/motorware_1_01_00_14/sw/drivers/cpu/src/32b/f28
      33                      .dwattr $C$DW$2, DW_AT_TI_begin_line(0x9e)
      34                      .dwattr $C$DW$2, DW_AT_TI_begin_column(0x0c)
      35                      .dwattr $C$DW$2, DW_AT_TI_max_frame_size(-2)
      36                      .dwpsn  file "C:/ti/motorware/motorware_1_01_00_14/sw/drivers/cpu/src/32b/f28x/f2806x/cpu.c",line 159
      37              
      38                      .dwfde $C$DW$CIE, _CPU_init
      39              $C$DW$3 .dwtag  DW_TAG_formal_parameter, DW_AT_name("pMemory")
      40                      .dwattr $C$DW$3, DW_AT_TI_symbol_name("_pMemory")
      41                      .dwattr $C$DW$3, DW_AT_type(*$C$DW$T$3)
      42                      .dwattr $C$DW$3, DW_AT_location[DW_OP_reg12]
      43              $C$DW$4 .dwtag  DW_TAG_formal_parameter, DW_AT_name("numBytes")
      44                      .dwattr $C$DW$4, DW_AT_TI_symbol_name("_numBytes")
      45                      .dwattr $C$DW$4, DW_AT_type(*$C$DW$T$29)
      46                      .dwattr $C$DW$4, DW_AT_location[DW_OP_reg0]
      47              
      48              ;***************************************************************
      49              ;* FNAME: _CPU_init                     FR SIZE:   0           *
      50              ;*                                                             *
      51              ;* FUNCTION ENVIRONMENT                                        *
      52              ;*                                                             *
      53              ;* FUNCTION PROPERTIES                                         *
      54              ;*                            0 Parameter,  0 Auto,  0 SOE     *
      55              ;***************************************************************
TMS320C2000 Assembler PC v6.4.4 Wed Jul 08 12:49:29 2015

Tools Copyright (c) 1996-2015 Texas Instruments Incorporated
C:\Users\grant\AppData\Local\Temp\0214410                            PAGE    2

      56              
      57              _CPU_init:
      58              ;* AL    assigned to _numBytes
      59              $C$DW$5 .dwtag  DW_TAG_variable, DW_AT_name("numBytes")
      60                      .dwattr $C$DW$5, DW_AT_TI_symbol_name("_numBytes")
      61                      .dwattr $C$DW$5, DW_AT_type(*$C$DW$T$29)
      62                      .dwattr $C$DW$5, DW_AT_location[DW_OP_reg0]
      63                      .dwcfi  cfa_offset, -2
      64                      .dwcfi  save_reg_to_mem, 26, 0
      65                      .dwpsn  file "C:/ti/motorware/motorware_1_01_00_14/sw/drivers/cpu/src/32b/f28x/f2806x/cpu.c",line 169
      66 00000000 FF58          TEST      ACC                   ; [CPU_] |169| 
      67 00000001 ED02          BF        $C$L1,NEQ             ; [CPU_] |169| 
      68                      ; branchcc occurs ; [] |169| 
      69 00000002 D400          MOVB      XAR4,#0               ; [CPU_] |169| 
      70              $C$L1:    
      71              $C$DW$6 .dwtag  DW_TAG_TI_branch
      72                      .dwattr $C$DW$6, DW_AT_low_pc(0x00)
      73                      .dwattr $C$DW$6, DW_AT_TI_return
      74 00000003 0006          LRETR     ; [CPU_] 
      75                      ; return occurs ; [] 
      76                      .dwattr $C$DW$2, DW_AT_TI_end_file("C:/ti/motorware/motorware_1_01_00_14/sw/drivers/cpu/src/32b/f28x/
      77                      .dwattr $C$DW$2, DW_AT_TI_end_line(0xaa)
      78                      .dwattr $C$DW$2, DW_AT_TI_end_column(0x01)
      79                      .dwendentry
      80                      .dwendtag $C$DW$2
      81              
      82 00000004               .sect   ".text"
      83                      .clink
      84                      .global _CPU_enableProtectedRegisterWrite
      85              
      86              $C$DW$7 .dwtag  DW_TAG_subprogram, DW_AT_name("CPU_enableProtectedRegisterWrite")
      87                      .dwattr $C$DW$7, DW_AT_low_pc(_CPU_enableProtectedRegisterWrite)
      88                      .dwattr $C$DW$7, DW_AT_high_pc(0x00)
      89                      .dwattr $C$DW$7, DW_AT_TI_symbol_name("_CPU_enableProtectedRegisterWrite")
      90                      .dwattr $C$DW$7, DW_AT_external
      91                      .dwattr $C$DW$7, DW_AT_TI_begin_file("C:/ti/motorware/motorware_1_01_00_14/sw/drivers/cpu/src/32b/f28
      92                      .dwattr $C$DW$7, DW_AT_TI_begin_line(0x94)
      93                      .dwattr $C$DW$7, DW_AT_TI_begin_column(0x06)
      94                      .dwattr $C$DW$7, DW_AT_TI_max_frame_size(-2)
      95                      .dwpsn  file "C:/ti/motorware/motorware_1_01_00_14/sw/drivers/cpu/src/32b/f28x/f2806x/cpu.c",line 149
      96              
      97                      .dwfde $C$DW$CIE, _CPU_enableProtectedRegisterWrite
      98              $C$DW$8 .dwtag  DW_TAG_formal_parameter, DW_AT_name("cpuHandle")
      99                      .dwattr $C$DW$8, DW_AT_TI_symbol_name("_cpuHandle")
     100                      .dwattr $C$DW$8, DW_AT_type(*$C$DW$T$27)
     101                      .dwattr $C$DW$8, DW_AT_location[DW_OP_reg12]
     102              
     103              ;***************************************************************
     104              ;* FNAME: _CPU_enableProtectedRegisterWrite FR SIZE:   0           *
     105              ;*                                                             *
     106              ;* FUNCTION ENVIRONMENT                                        *
     107              ;*                                                             *
     108              ;* FUNCTION PROPERTIES                                         *
     109              ;*                            0 Parameter,  0 Auto,  0 SOE     *
     110              ;***************************************************************
TMS320C2000 Assembler PC v6.4.4 Wed Jul 08 12:49:29 2015

Tools Copyright (c) 1996-2015 Texas Instruments Incorporated
C:\Users\grant\AppData\Local\Temp\0214410                            PAGE    3

     111              
     112 00000004       _CPU_enableProtectedRegisterWrite:
     113                      .dwcfi  cfa_offset, -2
     114                      .dwcfi  save_reg_to_mem, 26, 0
     115 00000004 7622   EALLOW
     116 00000005 FF69          SPM       #0                    ; [CPU_] 
     117              $C$DW$9 .dwtag  DW_TAG_TI_branch
     118                      .dwattr $C$DW$9, DW_AT_low_pc(0x00)
     119                      .dwattr $C$DW$9, DW_AT_TI_return
     120 00000006 0006          LRETR     ; [CPU_] 
     121                      ; return occurs ; [] 
     122                      .dwattr $C$DW$7, DW_AT_TI_end_file("C:/ti/motorware/motorware_1_01_00_14/sw/drivers/cpu/src/32b/f28x/
     123                      .dwattr $C$DW$7, DW_AT_TI_end_line(0x9b)
     124                      .dwattr $C$DW$7, DW_AT_TI_end_column(0x01)
     125                      .dwendentry
     126                      .dwendtag $C$DW$7
     127              
     128 00000007               .sect   ".text"
     129                      .clink
     130                      .global _CPU_enableInt
     131              
     132              $C$DW$10        .dwtag  DW_TAG_subprogram, DW_AT_name("CPU_enableInt")
     133                      .dwattr $C$DW$10, DW_AT_low_pc(_CPU_enableInt)
     134                      .dwattr $C$DW$10, DW_AT_high_pc(0x00)
     135                      .dwattr $C$DW$10, DW_AT_TI_symbol_name("_CPU_enableInt")
     136                      .dwattr $C$DW$10, DW_AT_external
     137                      .dwattr $C$DW$10, DW_AT_TI_begin_file("C:/ti/motorware/motorware_1_01_00_14/sw/drivers/cpu/src/32b/f2
     138                      .dwattr $C$DW$10, DW_AT_TI_begin_line(0x8a)
     139                      .dwattr $C$DW$10, DW_AT_TI_begin_column(0x06)
     140                      .dwattr $C$DW$10, DW_AT_TI_max_frame_size(-2)
     141                      .dwpsn  file "C:/ti/motorware/motorware_1_01_00_14/sw/drivers/cpu/src/32b/f28x/f2806x/cpu.c",line 139
     142              
     143                      .dwfde $C$DW$CIE, _CPU_enableInt
     144              $C$DW$11        .dwtag  DW_TAG_formal_parameter, DW_AT_name("cpuHandle")
     145                      .dwattr $C$DW$11, DW_AT_TI_symbol_name("_cpuHandle")
     146                      .dwattr $C$DW$11, DW_AT_type(*$C$DW$T$27)
     147                      .dwattr $C$DW$11, DW_AT_location[DW_OP_reg12]
     148              $C$DW$12        .dwtag  DW_TAG_formal_parameter, DW_AT_name("intNumber")
     149                      .dwattr $C$DW$12, DW_AT_TI_symbol_name("_intNumber")
     150                      .dwattr $C$DW$12, DW_AT_type(*$C$DW$T$24)
     151                      .dwattr $C$DW$12, DW_AT_location[DW_OP_reg0]
     152              
     153              ;***************************************************************
     154              ;* FNAME: _CPU_enableInt                FR SIZE:   0           *
     155              ;*                                                             *
     156              ;* FUNCTION ENVIRONMENT                                        *
     157              ;*                                                             *
     158              ;* FUNCTION PROPERTIES                                         *
     159              ;*                            0 Parameter,  0 Auto,  0 SOE     *
     160              ;***************************************************************
     161              
     162              _CPU_enableInt:
     163              ;* AL    assigned to _intNumber
     164              $C$DW$13        .dwtag  DW_TAG_variable, DW_AT_name("intNumber")
     165                      .dwattr $C$DW$13, DW_AT_TI_symbol_name("_intNumber")
TMS320C2000 Assembler PC v6.4.4 Wed Jul 08 12:49:29 2015

Tools Copyright (c) 1996-2015 Texas Instruments Incorporated
C:\Users\grant\AppData\Local\Temp\0214410                            PAGE    4

     166                      .dwattr $C$DW$13, DW_AT_type(*$C$DW$T$24)
     167                      .dwattr $C$DW$13, DW_AT_location[DW_OP_reg0]
     168                      .dwcfi  cfa_offset, -2
     169                      .dwcfi  save_reg_to_mem, 26, 0
     170                      .dwpsn  file "C:/ti/motorware/motorware_1_01_00_14/sw/drivers/cpu/src/32b/f28x/f2806x/cpu.c",line 142
     171 00000007 20A8          MOV       AH,IER                ; [CPU_] |142| 
     172 00000008 CBA9          OR        AH,AL                 ; [CPU_] |142| 
     173 00000009 23A8          MOV       IER,AH                ; [CPU_] |142| 
     174              $C$DW$14        .dwtag  DW_TAG_TI_branch
     175                      .dwattr $C$DW$14, DW_AT_low_pc(0x00)
     176                      .dwattr $C$DW$14, DW_AT_TI_return
     177 0000000a 0006          LRETR     ; [CPU_] 
     178                      ; return occurs ; [] 
     179                      .dwattr $C$DW$10, DW_AT_TI_end_file("C:/ti/motorware/motorware_1_01_00_14/sw/drivers/cpu/src/32b/f28x
     180                      .dwattr $C$DW$10, DW_AT_TI_end_line(0x91)
     181                      .dwattr $C$DW$10, DW_AT_TI_end_column(0x01)
     182                      .dwendentry
     183                      .dwendtag $C$DW$10
     184              
     185 0000000b               .sect   ".text"
     186                      .clink
     187                      .global _CPU_enableGlobalInts
     188              
     189              $C$DW$15        .dwtag  DW_TAG_subprogram, DW_AT_name("CPU_enableGlobalInts")
     190                      .dwattr $C$DW$15, DW_AT_low_pc(_CPU_enableGlobalInts)
     191                      .dwattr $C$DW$15, DW_AT_high_pc(0x00)
     192                      .dwattr $C$DW$15, DW_AT_TI_symbol_name("_CPU_enableGlobalInts")
     193                      .dwattr $C$DW$15, DW_AT_external
     194                      .dwattr $C$DW$15, DW_AT_TI_begin_file("C:/ti/motorware/motorware_1_01_00_14/sw/drivers/cpu/src/32b/f2
     195                      .dwattr $C$DW$15, DW_AT_TI_begin_line(0x80)
     196                      .dwattr $C$DW$15, DW_AT_TI_begin_column(0x06)
     197                      .dwattr $C$DW$15, DW_AT_TI_max_frame_size(-2)
     198                      .dwpsn  file "C:/ti/motorware/motorware_1_01_00_14/sw/drivers/cpu/src/32b/f28x/f2806x/cpu.c",line 129
     199              
     200                      .dwfde $C$DW$CIE, _CPU_enableGlobalInts
     201              $C$DW$16        .dwtag  DW_TAG_formal_parameter, DW_AT_name("cpuHandle")
     202                      .dwattr $C$DW$16, DW_AT_TI_symbol_name("_cpuHandle")
     203                      .dwattr $C$DW$16, DW_AT_type(*$C$DW$T$27)
     204                      .dwattr $C$DW$16, DW_AT_location[DW_OP_reg12]
     205              
     206              ;***************************************************************
     207              ;* FNAME: _CPU_enableGlobalInts         FR SIZE:   0           *
     208              ;*                                                             *
     209              ;* FUNCTION ENVIRONMENT                                        *
     210              ;*                                                             *
     211              ;* FUNCTION PROPERTIES                                         *
     212              ;*                            0 Parameter,  0 Auto,  0 SOE     *
     213              ;***************************************************************
     214              
     215 0000000b       _CPU_enableGlobalInts:
     216                      .dwcfi  cfa_offset, -2
     217                      .dwcfi  save_reg_to_mem, 26, 0
     218 0000000b 2910   clrc INTM
     219 0000000c FF69          SPM       #0                    ; [CPU_] 
     220              $C$DW$17        .dwtag  DW_TAG_TI_branch
TMS320C2000 Assembler PC v6.4.4 Wed Jul 08 12:49:29 2015

Tools Copyright (c) 1996-2015 Texas Instruments Incorporated
C:\Users\grant\AppData\Local\Temp\0214410                            PAGE    5

     221                      .dwattr $C$DW$17, DW_AT_low_pc(0x00)
     222                      .dwattr $C$DW$17, DW_AT_TI_return
     223 0000000d 0006          LRETR     ; [CPU_] 
     224                      ; return occurs ; [] 
     225                      .dwattr $C$DW$15, DW_AT_TI_end_file("C:/ti/motorware/motorware_1_01_00_14/sw/drivers/cpu/src/32b/f28x
     226                      .dwattr $C$DW$15, DW_AT_TI_end_line(0x87)
     227                      .dwattr $C$DW$15, DW_AT_TI_end_column(0x01)
     228                      .dwendentry
     229                      .dwendtag $C$DW$15
     230              
     231 0000000e               .sect   ".text"
     232                      .clink
     233                      .global _CPU_enableDebugInt
     234              
     235              $C$DW$18        .dwtag  DW_TAG_subprogram, DW_AT_name("CPU_enableDebugInt")
     236                      .dwattr $C$DW$18, DW_AT_low_pc(_CPU_enableDebugInt)
     237                      .dwattr $C$DW$18, DW_AT_high_pc(0x00)
     238                      .dwattr $C$DW$18, DW_AT_TI_symbol_name("_CPU_enableDebugInt")
     239                      .dwattr $C$DW$18, DW_AT_external
     240                      .dwattr $C$DW$18, DW_AT_TI_begin_file("C:/ti/motorware/motorware_1_01_00_14/sw/drivers/cpu/src/32b/f2
     241                      .dwattr $C$DW$18, DW_AT_TI_begin_line(0x76)
     242                      .dwattr $C$DW$18, DW_AT_TI_begin_column(0x06)
     243                      .dwattr $C$DW$18, DW_AT_TI_max_frame_size(-2)
     244                      .dwpsn  file "C:/ti/motorware/motorware_1_01_00_14/sw/drivers/cpu/src/32b/f28x/f2806x/cpu.c",line 119
     245              
     246                      .dwfde $C$DW$CIE, _CPU_enableDebugInt
     247              $C$DW$19        .dwtag  DW_TAG_formal_parameter, DW_AT_name("cpuHandle")
     248                      .dwattr $C$DW$19, DW_AT_TI_symbol_name("_cpuHandle")
     249                      .dwattr $C$DW$19, DW_AT_type(*$C$DW$T$27)
     250                      .dwattr $C$DW$19, DW_AT_location[DW_OP_reg12]
     251              
     252              ;***************************************************************
     253              ;* FNAME: _CPU_enableDebugInt           FR SIZE:   0           *
     254              ;*                                                             *
     255              ;* FUNCTION ENVIRONMENT                                        *
     256              ;*                                                             *
     257              ;* FUNCTION PROPERTIES                                         *
     258              ;*                            0 Parameter,  0 Auto,  0 SOE     *
     259              ;***************************************************************
     260              
     261 0000000e       _CPU_enableDebugInt:
     262                      .dwcfi  cfa_offset, -2
     263                      .dwcfi  save_reg_to_mem, 26, 0
     264 0000000e 2920   clrc DBGM
     265 0000000f FF69          SPM       #0                    ; [CPU_] 
     266              $C$DW$20        .dwtag  DW_TAG_TI_branch
     267                      .dwattr $C$DW$20, DW_AT_low_pc(0x00)
     268                      .dwattr $C$DW$20, DW_AT_TI_return
     269 00000010 0006          LRETR     ; [CPU_] 
     270                      ; return occurs ; [] 
     271                      .dwattr $C$DW$18, DW_AT_TI_end_file("C:/ti/motorware/motorware_1_01_00_14/sw/drivers/cpu/src/32b/f28x
     272                      .dwattr $C$DW$18, DW_AT_TI_end_line(0x7d)
     273                      .dwattr $C$DW$18, DW_AT_TI_end_column(0x01)
     274                      .dwendentry
     275                      .dwendtag $C$DW$18
TMS320C2000 Assembler PC v6.4.4 Wed Jul 08 12:49:29 2015

Tools Copyright (c) 1996-2015 Texas Instruments Incorporated
C:\Users\grant\AppData\Local\Temp\0214410                            PAGE    6

     276              
     277 00000011               .sect   ".text"
     278                      .clink
     279                      .global _CPU_disableProtectedRegisterWrite
     280              
     281              $C$DW$21        .dwtag  DW_TAG_subprogram, DW_AT_name("CPU_disableProtectedRegisterWrite")
     282                      .dwattr $C$DW$21, DW_AT_low_pc(_CPU_disableProtectedRegisterWrite)
     283                      .dwattr $C$DW$21, DW_AT_high_pc(0x00)
     284                      .dwattr $C$DW$21, DW_AT_TI_symbol_name("_CPU_disableProtectedRegisterWrite")
     285                      .dwattr $C$DW$21, DW_AT_external
     286                      .dwattr $C$DW$21, DW_AT_TI_begin_file("C:/ti/motorware/motorware_1_01_00_14/sw/drivers/cpu/src/32b/f2
     287                      .dwattr $C$DW$21, DW_AT_TI_begin_line(0x6c)
     288                      .dwattr $C$DW$21, DW_AT_TI_begin_column(0x06)
     289                      .dwattr $C$DW$21, DW_AT_TI_max_frame_size(-2)
     290                      .dwpsn  file "C:/ti/motorware/motorware_1_01_00_14/sw/drivers/cpu/src/32b/f28x/f2806x/cpu.c",line 109
     291              
     292                      .dwfde $C$DW$CIE, _CPU_disableProtectedRegisterWrite
     293              $C$DW$22        .dwtag  DW_TAG_formal_parameter, DW_AT_name("cpuHandle")
     294                      .dwattr $C$DW$22, DW_AT_TI_symbol_name("_cpuHandle")
     295                      .dwattr $C$DW$22, DW_AT_type(*$C$DW$T$27)
     296                      .dwattr $C$DW$22, DW_AT_location[DW_OP_reg12]
     297              
     298              ;***************************************************************
     299              ;* FNAME: _CPU_disableProtectedRegisterWrite FR SIZE:   0           *
     300              ;*                                                             *
     301              ;* FUNCTION ENVIRONMENT                                        *
     302              ;*                                                             *
     303              ;* FUNCTION PROPERTIES                                         *
     304              ;*                            0 Parameter,  0 Auto,  0 SOE     *
     305              ;***************************************************************
     306              
     307 00000011       _CPU_disableProtectedRegisterWrite:
     308                      .dwcfi  cfa_offset, -2
     309                      .dwcfi  save_reg_to_mem, 26, 0
     310 00000011 761A   EDIS
     311 00000012 FF69          SPM       #0                    ; [CPU_] 
     312              $C$DW$23        .dwtag  DW_TAG_TI_branch
     313                      .dwattr $C$DW$23, DW_AT_low_pc(0x00)
     314                      .dwattr $C$DW$23, DW_AT_TI_return
     315 00000013 0006          LRETR     ; [CPU_] 
     316                      ; return occurs ; [] 
     317                      .dwattr $C$DW$21, DW_AT_TI_end_file("C:/ti/motorware/motorware_1_01_00_14/sw/drivers/cpu/src/32b/f28x
     318                      .dwattr $C$DW$21, DW_AT_TI_end_line(0x73)
     319                      .dwattr $C$DW$21, DW_AT_TI_end_column(0x01)
     320                      .dwendentry
     321                      .dwendtag $C$DW$21
     322              
     323 00000014               .sect   ".text"
     324                      .clink
     325                      .global _CPU_disableInts
     326              
     327              $C$DW$24        .dwtag  DW_TAG_subprogram, DW_AT_name("CPU_disableInts")
     328                      .dwattr $C$DW$24, DW_AT_low_pc(_CPU_disableInts)
     329                      .dwattr $C$DW$24, DW_AT_high_pc(0x00)
     330                      .dwattr $C$DW$24, DW_AT_TI_symbol_name("_CPU_disableInts")
TMS320C2000 Assembler PC v6.4.4 Wed Jul 08 12:49:29 2015

Tools Copyright (c) 1996-2015 Texas Instruments Incorporated
C:\Users\grant\AppData\Local\Temp\0214410                            PAGE    7

     331                      .dwattr $C$DW$24, DW_AT_external
     332                      .dwattr $C$DW$24, DW_AT_TI_begin_file("C:/ti/motorware/motorware_1_01_00_14/sw/drivers/cpu/src/32b/f2
     333                      .dwattr $C$DW$24, DW_AT_TI_begin_line(0x62)
     334                      .dwattr $C$DW$24, DW_AT_TI_begin_column(0x06)
     335                      .dwattr $C$DW$24, DW_AT_TI_max_frame_size(-2)
     336                      .dwpsn  file "C:/ti/motorware/motorware_1_01_00_14/sw/drivers/cpu/src/32b/f28x/f2806x/cpu.c",line 99,
     337              
     338                      .dwfde $C$DW$CIE, _CPU_disableInts
     339              $C$DW$25        .dwtag  DW_TAG_formal_parameter, DW_AT_name("cpuHandle")
     340                      .dwattr $C$DW$25, DW_AT_TI_symbol_name("_cpuHandle")
     341                      .dwattr $C$DW$25, DW_AT_type(*$C$DW$T$27)
     342                      .dwattr $C$DW$25, DW_AT_location[DW_OP_reg12]
     343              
     344              ;***************************************************************
     345              ;* FNAME: _CPU_disableInts              FR SIZE:   0           *
     346              ;*                                                             *
     347              ;* FUNCTION ENVIRONMENT                                        *
     348              ;*                                                             *
     349              ;* FUNCTION PROPERTIES                                         *
     350              ;*                            0 Parameter,  0 Auto,  0 SOE     *
     351              ;***************************************************************
     352              
     353 00000014       _CPU_disableInts:
     354                      .dwcfi  cfa_offset, -2
     355                      .dwcfi  save_reg_to_mem, 26, 0
     356                      .dwpsn  file "C:/ti/motorware/motorware_1_01_00_14/sw/drivers/cpu/src/32b/f28x/f2806x/cpu.c",line 102
     357 00000014 7626          AND       IER,#0x0000           ; [CPU_] |102| 
         00000015 0000 
     358              $C$DW$26        .dwtag  DW_TAG_TI_branch
     359                      .dwattr $C$DW$26, DW_AT_low_pc(0x00)
     360                      .dwattr $C$DW$26, DW_AT_TI_return
     361 00000016 0006          LRETR     ; [CPU_] 
     362                      ; return occurs ; [] 
     363                      .dwattr $C$DW$24, DW_AT_TI_end_file("C:/ti/motorware/motorware_1_01_00_14/sw/drivers/cpu/src/32b/f28x
     364                      .dwattr $C$DW$24, DW_AT_TI_end_line(0x69)
     365                      .dwattr $C$DW$24, DW_AT_TI_end_column(0x01)
     366                      .dwendentry
     367                      .dwendtag $C$DW$24
     368              
     369 00000017               .sect   ".text"
     370                      .clink
     371                      .global _CPU_disableInt
     372              
     373              $C$DW$27        .dwtag  DW_TAG_subprogram, DW_AT_name("CPU_disableInt")
     374                      .dwattr $C$DW$27, DW_AT_low_pc(_CPU_disableInt)
     375                      .dwattr $C$DW$27, DW_AT_high_pc(0x00)
     376                      .dwattr $C$DW$27, DW_AT_TI_symbol_name("_CPU_disableInt")
     377                      .dwattr $C$DW$27, DW_AT_external
     378                      .dwattr $C$DW$27, DW_AT_TI_begin_file("C:/ti/motorware/motorware_1_01_00_14/sw/drivers/cpu/src/32b/f2
     379                      .dwattr $C$DW$27, DW_AT_TI_begin_line(0x58)
     380                      .dwattr $C$DW$27, DW_AT_TI_begin_column(0x06)
     381                      .dwattr $C$DW$27, DW_AT_TI_max_frame_size(-2)
     382                      .dwpsn  file "C:/ti/motorware/motorware_1_01_00_14/sw/drivers/cpu/src/32b/f28x/f2806x/cpu.c",line 89,
     383              
     384                      .dwfde $C$DW$CIE, _CPU_disableInt
TMS320C2000 Assembler PC v6.4.4 Wed Jul 08 12:49:29 2015

Tools Copyright (c) 1996-2015 Texas Instruments Incorporated
C:\Users\grant\AppData\Local\Temp\0214410                            PAGE    8

     385              $C$DW$28        .dwtag  DW_TAG_formal_parameter, DW_AT_name("cpuHandle")
     386                      .dwattr $C$DW$28, DW_AT_TI_symbol_name("_cpuHandle")
     387                      .dwattr $C$DW$28, DW_AT_type(*$C$DW$T$27)
     388                      .dwattr $C$DW$28, DW_AT_location[DW_OP_reg12]
     389              $C$DW$29        .dwtag  DW_TAG_formal_parameter, DW_AT_name("intNumber")
     390                      .dwattr $C$DW$29, DW_AT_TI_symbol_name("_intNumber")
     391                      .dwattr $C$DW$29, DW_AT_type(*$C$DW$T$24)
     392                      .dwattr $C$DW$29, DW_AT_location[DW_OP_reg0]
     393              
     394              ;***************************************************************
     395              ;* FNAME: _CPU_disableInt               FR SIZE:   0           *
     396              ;*                                                             *
     397              ;* FUNCTION ENVIRONMENT                                        *
     398              ;*                                                             *
     399              ;* FUNCTION PROPERTIES                                         *
     400              ;*                            0 Parameter,  0 Auto,  0 SOE     *
     401              ;***************************************************************
     402              
     403 00000017       _CPU_disableInt:
     404                      .dwcfi  cfa_offset, -2
     405                      .dwcfi  save_reg_to_mem, 26, 0
     406                      .dwpsn  file "C:/ti/motorware/motorware_1_01_00_14/sw/drivers/cpu/src/32b/f28x/f2806x/cpu.c",line 92,
     407 00000017 20A8          MOV       AH,IER                ; [CPU_] |92| 
     408 00000018 FF5E          NOT       AL                    ; [CPU_] |92| 
     409 00000019 CEA8          AND       AL,AH                 ; [CPU_] |92| 
     410 0000001a 23A9          MOV       IER,AL                ; [CPU_] |92| 
     411              $C$DW$30        .dwtag  DW_TAG_TI_branch
     412                      .dwattr $C$DW$30, DW_AT_low_pc(0x00)
     413                      .dwattr $C$DW$30, DW_AT_TI_return
     414 0000001b 0006          LRETR     ; [CPU_] 
     415                      ; return occurs ; [] 
     416                      .dwattr $C$DW$27, DW_AT_TI_end_file("C:/ti/motorware/motorware_1_01_00_14/sw/drivers/cpu/src/32b/f28x
     417                      .dwattr $C$DW$27, DW_AT_TI_end_line(0x5f)
     418                      .dwattr $C$DW$27, DW_AT_TI_end_column(0x01)
     419                      .dwendentry
     420                      .dwendtag $C$DW$27
     421              
     422 0000001c               .sect   ".text"
     423                      .clink
     424                      .global _CPU_disableGlobalInts
     425              
     426              $C$DW$31        .dwtag  DW_TAG_subprogram, DW_AT_name("CPU_disableGlobalInts")
     427                      .dwattr $C$DW$31, DW_AT_low_pc(_CPU_disableGlobalInts)
     428                      .dwattr $C$DW$31, DW_AT_high_pc(0x00)
     429                      .dwattr $C$DW$31, DW_AT_TI_symbol_name("_CPU_disableGlobalInts")
     430                      .dwattr $C$DW$31, DW_AT_external
     431                      .dwattr $C$DW$31, DW_AT_TI_begin_file("C:/ti/motorware/motorware_1_01_00_14/sw/drivers/cpu/src/32b/f2
     432                      .dwattr $C$DW$31, DW_AT_TI_begin_line(0x4e)
     433                      .dwattr $C$DW$31, DW_AT_TI_begin_column(0x06)
     434                      .dwattr $C$DW$31, DW_AT_TI_max_frame_size(-2)
     435                      .dwpsn  file "C:/ti/motorware/motorware_1_01_00_14/sw/drivers/cpu/src/32b/f28x/f2806x/cpu.c",line 79,
     436              
     437                      .dwfde $C$DW$CIE, _CPU_disableGlobalInts
     438              $C$DW$32        .dwtag  DW_TAG_formal_parameter, DW_AT_name("cpuHandle")
     439                      .dwattr $C$DW$32, DW_AT_TI_symbol_name("_cpuHandle")
TMS320C2000 Assembler PC v6.4.4 Wed Jul 08 12:49:29 2015

Tools Copyright (c) 1996-2015 Texas Instruments Incorporated
C:\Users\grant\AppData\Local\Temp\0214410                            PAGE    9

     440                      .dwattr $C$DW$32, DW_AT_type(*$C$DW$T$27)
     441                      .dwattr $C$DW$32, DW_AT_location[DW_OP_reg12]
     442              
     443              ;***************************************************************
     444              ;* FNAME: _CPU_disableGlobalInts        FR SIZE:   0           *
     445              ;*                                                             *
     446              ;* FUNCTION ENVIRONMENT                                        *
     447              ;*                                                             *
     448              ;* FUNCTION PROPERTIES                                         *
     449              ;*                            0 Parameter,  0 Auto,  0 SOE     *
     450              ;***************************************************************
     451              
     452 0000001c       _CPU_disableGlobalInts:
     453                      .dwcfi  cfa_offset, -2
     454                      .dwcfi  save_reg_to_mem, 26, 0
     455 0000001c 3B10   setc INTM
     456 0000001d FF69          SPM       #0                    ; [CPU_] 
     457              $C$DW$33        .dwtag  DW_TAG_TI_branch
     458                      .dwattr $C$DW$33, DW_AT_low_pc(0x00)
     459                      .dwattr $C$DW$33, DW_AT_TI_return
     460 0000001e 0006          LRETR     ; [CPU_] 
     461                      ; return occurs ; [] 
     462                      .dwattr $C$DW$31, DW_AT_TI_end_file("C:/ti/motorware/motorware_1_01_00_14/sw/drivers/cpu/src/32b/f28x
     463                      .dwattr $C$DW$31, DW_AT_TI_end_line(0x55)
     464                      .dwattr $C$DW$31, DW_AT_TI_end_column(0x01)
     465                      .dwendentry
     466                      .dwendtag $C$DW$31
     467              
     468 0000001f               .sect   ".text"
     469                      .clink
     470                      .global _CPU_disableDebugInt
     471              
     472              $C$DW$34        .dwtag  DW_TAG_subprogram, DW_AT_name("CPU_disableDebugInt")
     473                      .dwattr $C$DW$34, DW_AT_low_pc(_CPU_disableDebugInt)
     474                      .dwattr $C$DW$34, DW_AT_high_pc(0x00)
     475                      .dwattr $C$DW$34, DW_AT_TI_symbol_name("_CPU_disableDebugInt")
     476                      .dwattr $C$DW$34, DW_AT_external
     477                      .dwattr $C$DW$34, DW_AT_TI_begin_file("C:/ti/motorware/motorware_1_01_00_14/sw/drivers/cpu/src/32b/f2
     478                      .dwattr $C$DW$34, DW_AT_TI_begin_line(0x44)
     479                      .dwattr $C$DW$34, DW_AT_TI_begin_column(0x06)
     480                      .dwattr $C$DW$34, DW_AT_TI_max_frame_size(-2)
     481                      .dwpsn  file "C:/ti/motorware/motorware_1_01_00_14/sw/drivers/cpu/src/32b/f28x/f2806x/cpu.c",line 69,
     482              
     483                      .dwfde $C$DW$CIE, _CPU_disableDebugInt
     484              $C$DW$35        .dwtag  DW_TAG_formal_parameter, DW_AT_name("cpuHandle")
     485                      .dwattr $C$DW$35, DW_AT_TI_symbol_name("_cpuHandle")
     486                      .dwattr $C$DW$35, DW_AT_type(*$C$DW$T$27)
     487                      .dwattr $C$DW$35, DW_AT_location[DW_OP_reg12]
     488              
     489              ;***************************************************************
     490              ;* FNAME: _CPU_disableDebugInt          FR SIZE:   0           *
     491              ;*                                                             *
     492              ;* FUNCTION ENVIRONMENT                                        *
     493              ;*                                                             *
     494              ;* FUNCTION PROPERTIES                                         *
TMS320C2000 Assembler PC v6.4.4 Wed Jul 08 12:49:29 2015

Tools Copyright (c) 1996-2015 Texas Instruments Incorporated
C:\Users\grant\AppData\Local\Temp\0214410                            PAGE   10

     495              ;*                            0 Parameter,  0 Auto,  0 SOE     *
     496              ;***************************************************************
     497              
     498 0000001f       _CPU_disableDebugInt:
     499                      .dwcfi  cfa_offset, -2
     500                      .dwcfi  save_reg_to_mem, 26, 0
     501 0000001f 3B20   setc DBGM
     502 00000020 FF69          SPM       #0                    ; [CPU_] 
     503              $C$DW$36        .dwtag  DW_TAG_TI_branch
     504                      .dwattr $C$DW$36, DW_AT_low_pc(0x00)
     505                      .dwattr $C$DW$36, DW_AT_TI_return
     506 00000021 0006          LRETR     ; [CPU_] 
     507                      ; return occurs ; [] 
     508                      .dwattr $C$DW$34, DW_AT_TI_end_file("C:/ti/motorware/motorware_1_01_00_14/sw/drivers/cpu/src/32b/f28x
     509                      .dwattr $C$DW$34, DW_AT_TI_end_line(0x4b)
     510                      .dwattr $C$DW$34, DW_AT_TI_end_column(0x01)
     511                      .dwendentry
     512                      .dwendtag $C$DW$34
     513              
     514 00000022               .sect   ".text"
     515                      .clink
     516                      .global _CPU_clearIntFlags
     517              
     518              $C$DW$37        .dwtag  DW_TAG_subprogram, DW_AT_name("CPU_clearIntFlags")
     519                      .dwattr $C$DW$37, DW_AT_low_pc(_CPU_clearIntFlags)
     520                      .dwattr $C$DW$37, DW_AT_high_pc(0x00)
     521                      .dwattr $C$DW$37, DW_AT_TI_symbol_name("_CPU_clearIntFlags")
     522                      .dwattr $C$DW$37, DW_AT_external
     523                      .dwattr $C$DW$37, DW_AT_TI_begin_file("C:/ti/motorware/motorware_1_01_00_14/sw/drivers/cpu/src/32b/f2
     524                      .dwattr $C$DW$37, DW_AT_TI_begin_line(0x3a)
     525                      .dwattr $C$DW$37, DW_AT_TI_begin_column(0x06)
     526                      .dwattr $C$DW$37, DW_AT_TI_max_frame_size(-2)
     527                      .dwpsn  file "C:/ti/motorware/motorware_1_01_00_14/sw/drivers/cpu/src/32b/f28x/f2806x/cpu.c",line 59,
     528              
     529                      .dwfde $C$DW$CIE, _CPU_clearIntFlags
     530              $C$DW$38        .dwtag  DW_TAG_formal_parameter, DW_AT_name("cpuHandle")
     531                      .dwattr $C$DW$38, DW_AT_TI_symbol_name("_cpuHandle")
     532                      .dwattr $C$DW$38, DW_AT_type(*$C$DW$T$27)
     533                      .dwattr $C$DW$38, DW_AT_location[DW_OP_reg12]
     534              
     535              ;***************************************************************
     536              ;* FNAME: _CPU_clearIntFlags            FR SIZE:   0           *
     537              ;*                                                             *
     538              ;* FUNCTION ENVIRONMENT                                        *
     539              ;*                                                             *
     540              ;* FUNCTION PROPERTIES                                         *
     541              ;*                            0 Parameter,  0 Auto,  0 SOE     *
     542              ;***************************************************************
     543              
     544 00000022       _CPU_clearIntFlags:
     545                      .dwcfi  cfa_offset, -2
     546                      .dwcfi  save_reg_to_mem, 26, 0
     547                      .dwpsn  file "C:/ti/motorware/motorware_1_01_00_14/sw/drivers/cpu/src/32b/f28x/f2806x/cpu.c",line 62,
     548 00000022 762F          AND       IFR,#0x0000           ; [CPU_] |62| 
         00000023 0000 
TMS320C2000 Assembler PC v6.4.4 Wed Jul 08 12:49:29 2015

Tools Copyright (c) 1996-2015 Texas Instruments Incorporated
C:\Users\grant\AppData\Local\Temp\0214410                            PAGE   11

     549              $C$DW$39        .dwtag  DW_TAG_TI_branch
     550                      .dwattr $C$DW$39, DW_AT_low_pc(0x00)
     551                      .dwattr $C$DW$39, DW_AT_TI_return
     552 00000024 0006          LRETR     ; [CPU_] 
     553                      ; return occurs ; [] 
     554                      .dwattr $C$DW$37, DW_AT_TI_end_file("C:/ti/motorware/motorware_1_01_00_14/sw/drivers/cpu/src/32b/f28x
     555                      .dwattr $C$DW$37, DW_AT_TI_end_line(0x41)
     556                      .dwattr $C$DW$37, DW_AT_TI_end_column(0x01)
     557                      .dwendentry
     558                      .dwendtag $C$DW$37
     559              
     560              
     561              ;***************************************************************
     562              ;* TYPE INFORMATION                                            *
     563              ;***************************************************************
     564              
     565              $C$DW$T$22      .dwtag  DW_TAG_enumeration_type
     566                      .dwattr $C$DW$T$22, DW_AT_byte_size(0x01)
     567              $C$DW$40        .dwtag  DW_TAG_enumerator, DW_AT_name("CPU_IntNumber_1"), DW_AT_const_value(0x01)
     568              $C$DW$41        .dwtag  DW_TAG_enumerator, DW_AT_name("CPU_IntNumber_2"), DW_AT_const_value(0x02)
     569              $C$DW$42        .dwtag  DW_TAG_enumerator, DW_AT_name("CPU_IntNumber_3"), DW_AT_const_value(0x04)
     570              $C$DW$43        .dwtag  DW_TAG_enumerator, DW_AT_name("CPU_IntNumber_4"), DW_AT_const_value(0x08)
     571              $C$DW$44        .dwtag  DW_TAG_enumerator, DW_AT_name("CPU_IntNumber_5"), DW_AT_const_value(0x10)
     572              $C$DW$45        .dwtag  DW_TAG_enumerator, DW_AT_name("CPU_IntNumber_6"), DW_AT_const_value(0x20)
     573              $C$DW$46        .dwtag  DW_TAG_enumerator, DW_AT_name("CPU_IntNumber_7"), DW_AT_const_value(0x40)
     574              $C$DW$47        .dwtag  DW_TAG_enumerator, DW_AT_name("CPU_IntNumber_8"), DW_AT_const_value(0x80)
     575              $C$DW$48        .dwtag  DW_TAG_enumerator, DW_AT_name("CPU_IntNumber_9"), DW_AT_const_value(0x100)
     576              $C$DW$49        .dwtag  DW_TAG_enumerator, DW_AT_name("CPU_IntNumber_10"), DW_AT_const_value(0x200)
     577              $C$DW$50        .dwtag  DW_TAG_enumerator, DW_AT_name("CPU_IntNumber_11"), DW_AT_const_value(0x400)
     578              $C$DW$51        .dwtag  DW_TAG_enumerator, DW_AT_name("CPU_IntNumber_12"), DW_AT_const_value(0x800)
     579              $C$DW$52        .dwtag  DW_TAG_enumerator, DW_AT_name("CPU_IntNumber_13"), DW_AT_const_value(0x1000)
     580              $C$DW$53        .dwtag  DW_TAG_enumerator, DW_AT_name("CPU_IntNumber_14"), DW_AT_const_value(0x2000)
     581                      .dwendtag $C$DW$T$22
     582              
     583              $C$DW$T$23      .dwtag  DW_TAG_typedef, DW_AT_name("CPU_IntNumber_e")
     584                      .dwattr $C$DW$T$23, DW_AT_type(*$C$DW$T$22)
     585                      .dwattr $C$DW$T$23, DW_AT_language(DW_LANG_C)
     586              $C$DW$54        .dwtag  DW_TAG_TI_far_type
     587                      .dwattr $C$DW$54, DW_AT_type(*$C$DW$T$23)
     588              $C$DW$T$24      .dwtag  DW_TAG_const_type
     589                      .dwattr $C$DW$T$24, DW_AT_type(*$C$DW$54)
     590              
     591              $C$DW$T$21      .dwtag  DW_TAG_structure_type
     592                      .dwattr $C$DW$T$21, DW_AT_name("_CPU_Obj_")
     593                      .dwattr $C$DW$T$21, DW_AT_byte_size(0x01)
     594              $C$DW$55        .dwtag  DW_TAG_member
     595                      .dwattr $C$DW$55, DW_AT_type(*$C$DW$T$20)
     596                      .dwattr $C$DW$55, DW_AT_name("tmp")
     597                      .dwattr $C$DW$55, DW_AT_TI_symbol_name("_tmp")
     598                      .dwattr $C$DW$55, DW_AT_data_member_location[DW_OP_plus_uconst 0x0]
     599                      .dwattr $C$DW$55, DW_AT_accessibility(DW_ACCESS_public)
     600                      .dwendtag $C$DW$T$21
     601              
     602              $C$DW$T$25      .dwtag  DW_TAG_typedef, DW_AT_name("CPU_Obj")
     603                      .dwattr $C$DW$T$25, DW_AT_type(*$C$DW$T$21)
TMS320C2000 Assembler PC v6.4.4 Wed Jul 08 12:49:29 2015

Tools Copyright (c) 1996-2015 Texas Instruments Incorporated
C:\Users\grant\AppData\Local\Temp\0214410                            PAGE   12

     604                      .dwattr $C$DW$T$25, DW_AT_language(DW_LANG_C)
     605              $C$DW$T$26      .dwtag  DW_TAG_pointer_type
     606                      .dwattr $C$DW$T$26, DW_AT_type(*$C$DW$T$21)
     607                      .dwattr $C$DW$T$26, DW_AT_address_class(0x20)
     608              $C$DW$T$27      .dwtag  DW_TAG_typedef, DW_AT_name("CPU_Handle")
     609                      .dwattr $C$DW$T$27, DW_AT_type(*$C$DW$T$26)
     610                      .dwattr $C$DW$T$27, DW_AT_language(DW_LANG_C)
     611              $C$DW$T$2       .dwtag  DW_TAG_unspecified_type
     612                      .dwattr $C$DW$T$2, DW_AT_name("void")
     613              $C$DW$T$3       .dwtag  DW_TAG_pointer_type
     614                      .dwattr $C$DW$T$3, DW_AT_type(*$C$DW$T$2)
     615                      .dwattr $C$DW$T$3, DW_AT_address_class(0x20)
     616              $C$DW$T$4       .dwtag  DW_TAG_base_type
     617                      .dwattr $C$DW$T$4, DW_AT_encoding(DW_ATE_boolean)
     618                      .dwattr $C$DW$T$4, DW_AT_name("bool")
     619                      .dwattr $C$DW$T$4, DW_AT_byte_size(0x01)
     620              $C$DW$T$5       .dwtag  DW_TAG_base_type
     621                      .dwattr $C$DW$T$5, DW_AT_encoding(DW_ATE_signed_char)
     622                      .dwattr $C$DW$T$5, DW_AT_name("signed char")
     623                      .dwattr $C$DW$T$5, DW_AT_byte_size(0x01)
     624              $C$DW$T$6       .dwtag  DW_TAG_base_type
     625                      .dwattr $C$DW$T$6, DW_AT_encoding(DW_ATE_unsigned_char)
     626                      .dwattr $C$DW$T$6, DW_AT_name("unsigned char")
     627                      .dwattr $C$DW$T$6, DW_AT_byte_size(0x01)
     628              $C$DW$T$7       .dwtag  DW_TAG_base_type
     629                      .dwattr $C$DW$T$7, DW_AT_encoding(DW_ATE_signed_char)
     630                      .dwattr $C$DW$T$7, DW_AT_name("wchar_t")
     631                      .dwattr $C$DW$T$7, DW_AT_byte_size(0x01)
     632              $C$DW$T$8       .dwtag  DW_TAG_base_type
     633                      .dwattr $C$DW$T$8, DW_AT_encoding(DW_ATE_signed)
     634                      .dwattr $C$DW$T$8, DW_AT_name("short")
     635                      .dwattr $C$DW$T$8, DW_AT_byte_size(0x01)
     636              $C$DW$T$9       .dwtag  DW_TAG_base_type
     637                      .dwattr $C$DW$T$9, DW_AT_encoding(DW_ATE_unsigned)
     638                      .dwattr $C$DW$T$9, DW_AT_name("unsigned short")
     639                      .dwattr $C$DW$T$9, DW_AT_byte_size(0x01)
     640              $C$DW$T$10      .dwtag  DW_TAG_base_type
     641                      .dwattr $C$DW$T$10, DW_AT_encoding(DW_ATE_signed)
     642                      .dwattr $C$DW$T$10, DW_AT_name("int")
     643                      .dwattr $C$DW$T$10, DW_AT_byte_size(0x01)
     644              $C$DW$T$11      .dwtag  DW_TAG_base_type
     645                      .dwattr $C$DW$T$11, DW_AT_encoding(DW_ATE_unsigned)
     646                      .dwattr $C$DW$T$11, DW_AT_name("unsigned int")
     647                      .dwattr $C$DW$T$11, DW_AT_byte_size(0x01)
     648              $C$DW$T$19      .dwtag  DW_TAG_typedef, DW_AT_name("uint16_t")
     649                      .dwattr $C$DW$T$19, DW_AT_type(*$C$DW$T$11)
     650                      .dwattr $C$DW$T$19, DW_AT_language(DW_LANG_C)
     651              $C$DW$T$20      .dwtag  DW_TAG_typedef, DW_AT_name("uint_least8_t")
     652                      .dwattr $C$DW$T$20, DW_AT_type(*$C$DW$T$19)
     653                      .dwattr $C$DW$T$20, DW_AT_language(DW_LANG_C)
     654              $C$DW$T$12      .dwtag  DW_TAG_base_type
     655                      .dwattr $C$DW$T$12, DW_AT_encoding(DW_ATE_signed)
     656                      .dwattr $C$DW$T$12, DW_AT_name("long")
     657                      .dwattr $C$DW$T$12, DW_AT_byte_size(0x02)
     658              $C$DW$T$13      .dwtag  DW_TAG_base_type
TMS320C2000 Assembler PC v6.4.4 Wed Jul 08 12:49:29 2015

Tools Copyright (c) 1996-2015 Texas Instruments Incorporated
C:\Users\grant\AppData\Local\Temp\0214410                            PAGE   13

     659                      .dwattr $C$DW$T$13, DW_AT_encoding(DW_ATE_unsigned)
     660                      .dwattr $C$DW$T$13, DW_AT_name("unsigned long")
     661                      .dwattr $C$DW$T$13, DW_AT_byte_size(0x02)
     662              $C$DW$T$28      .dwtag  DW_TAG_typedef, DW_AT_name("size_t")
     663                      .dwattr $C$DW$T$28, DW_AT_type(*$C$DW$T$13)
     664                      .dwattr $C$DW$T$28, DW_AT_language(DW_LANG_C)
     665              $C$DW$56        .dwtag  DW_TAG_TI_far_type
     666                      .dwattr $C$DW$56, DW_AT_type(*$C$DW$T$28)
     667              $C$DW$T$29      .dwtag  DW_TAG_const_type
     668                      .dwattr $C$DW$T$29, DW_AT_type(*$C$DW$56)
     669              $C$DW$T$14      .dwtag  DW_TAG_base_type
     670                      .dwattr $C$DW$T$14, DW_AT_encoding(DW_ATE_signed)
     671                      .dwattr $C$DW$T$14, DW_AT_name("long long")
     672                      .dwattr $C$DW$T$14, DW_AT_byte_size(0x04)
     673              $C$DW$T$15      .dwtag  DW_TAG_base_type
     674                      .dwattr $C$DW$T$15, DW_AT_encoding(DW_ATE_unsigned)
     675                      .dwattr $C$DW$T$15, DW_AT_name("unsigned long long")
     676                      .dwattr $C$DW$T$15, DW_AT_byte_size(0x04)
     677              $C$DW$T$16      .dwtag  DW_TAG_base_type
     678                      .dwattr $C$DW$T$16, DW_AT_encoding(DW_ATE_float)
     679                      .dwattr $C$DW$T$16, DW_AT_name("float")
     680                      .dwattr $C$DW$T$16, DW_AT_byte_size(0x02)
     681              $C$DW$T$17      .dwtag  DW_TAG_base_type
     682                      .dwattr $C$DW$T$17, DW_AT_encoding(DW_ATE_float)
     683                      .dwattr $C$DW$T$17, DW_AT_name("double")
     684                      .dwattr $C$DW$T$17, DW_AT_byte_size(0x02)
     685              $C$DW$T$18      .dwtag  DW_TAG_base_type
     686                      .dwattr $C$DW$T$18, DW_AT_encoding(DW_ATE_float)
     687                      .dwattr $C$DW$T$18, DW_AT_name("long double")
     688                      .dwattr $C$DW$T$18, DW_AT_byte_size(0x04)
     689                      .dwattr $C$DW$CU, DW_AT_language(DW_LANG_C)
     690              
     691              ;***************************************************************
     692              ;* DWARF CIE ENTRIES                                           *
     693              ;***************************************************************
     694              
     695              $C$DW$CIE       .dwcie 26
     696                      .dwcfi  cfa_register, 20
     697                      .dwcfi  cfa_offset, 0
     698                      .dwcfi  undefined, 0
     699                      .dwcfi  undefined, 1
     700                      .dwcfi  undefined, 2
     701                      .dwcfi  undefined, 3
     702                      .dwcfi  undefined, 20
     703                      .dwcfi  undefined, 21
     704                      .dwcfi  undefined, 22
     705                      .dwcfi  undefined, 23
     706                      .dwcfi  undefined, 24
     707                      .dwcfi  undefined, 25
     708                      .dwcfi  undefined, 26
     709                      .dwcfi  same_value, 28
     710                      .dwcfi  undefined, 29
     711                      .dwcfi  undefined, 30
     712                      .dwcfi  undefined, 31
     713                      .dwcfi  undefined, 32
TMS320C2000 Assembler PC v6.4.4 Wed Jul 08 12:49:29 2015

Tools Copyright (c) 1996-2015 Texas Instruments Incorporated
C:\Users\grant\AppData\Local\Temp\0214410                            PAGE   14

     714                      .dwcfi  undefined, 33
     715                      .dwcfi  undefined, 34
     716                      .dwcfi  undefined, 35
     717                      .dwcfi  undefined, 36
     718                      .dwcfi  undefined, 37
     719                      .dwcfi  undefined, 38
     720                      .dwcfi  undefined, 75
     721                      .dwcfi  undefined, 76
     722                      .dwcfi  undefined, 77
     723                      .dwcfi  undefined, 4
     724                      .dwcfi  undefined, 5
     725                      .dwcfi  same_value, 6
     726                      .dwcfi  same_value, 7
     727                      .dwcfi  same_value, 8
     728                      .dwcfi  same_value, 9
     729                      .dwcfi  same_value, 10
     730                      .dwcfi  same_value, 11
     731                      .dwcfi  undefined, 12
     732                      .dwcfi  undefined, 13
     733                      .dwcfi  undefined, 14
     734                      .dwcfi  undefined, 15
     735                      .dwcfi  undefined, 16
     736                      .dwcfi  undefined, 17
     737                      .dwcfi  undefined, 18
     738                      .dwcfi  undefined, 19
     739                      .dwendentry
     740              
     741              ;***************************************************************
     742              ;* DWARF REGISTER MAP                                          *
     743              ;***************************************************************
     744              
     745              $C$DW$57        .dwtag  DW_TAG_TI_assign_register, DW_AT_name("AL")
     746                      .dwattr $C$DW$57, DW_AT_location[DW_OP_reg0]
     747              $C$DW$58        .dwtag  DW_TAG_TI_assign_register, DW_AT_name("AH")
     748                      .dwattr $C$DW$58, DW_AT_location[DW_OP_reg1]
     749              $C$DW$59        .dwtag  DW_TAG_TI_assign_register, DW_AT_name("PL")
     750                      .dwattr $C$DW$59, DW_AT_location[DW_OP_reg2]
     751              $C$DW$60        .dwtag  DW_TAG_TI_assign_register, DW_AT_name("PH")
     752                      .dwattr $C$DW$60, DW_AT_location[DW_OP_reg3]
     753              $C$DW$61        .dwtag  DW_TAG_TI_assign_register, DW_AT_name("SP")
     754                      .dwattr $C$DW$61, DW_AT_location[DW_OP_reg20]
     755              $C$DW$62        .dwtag  DW_TAG_TI_assign_register, DW_AT_name("XT")
     756                      .dwattr $C$DW$62, DW_AT_location[DW_OP_reg21]
     757              $C$DW$63        .dwtag  DW_TAG_TI_assign_register, DW_AT_name("T")
     758                      .dwattr $C$DW$63, DW_AT_location[DW_OP_reg22]
     759              $C$DW$64        .dwtag  DW_TAG_TI_assign_register, DW_AT_name("ST0")
     760                      .dwattr $C$DW$64, DW_AT_location[DW_OP_reg23]
     761              $C$DW$65        .dwtag  DW_TAG_TI_assign_register, DW_AT_name("ST1")
     762                      .dwattr $C$DW$65, DW_AT_location[DW_OP_reg24]
     763              $C$DW$66        .dwtag  DW_TAG_TI_assign_register, DW_AT_name("PC")
     764                      .dwattr $C$DW$66, DW_AT_location[DW_OP_reg25]
     765              $C$DW$67        .dwtag  DW_TAG_TI_assign_register, DW_AT_name("RPC")
     766                      .dwattr $C$DW$67, DW_AT_location[DW_OP_reg26]
     767              $C$DW$68        .dwtag  DW_TAG_TI_assign_register, DW_AT_name("FP")
     768                      .dwattr $C$DW$68, DW_AT_location[DW_OP_reg28]
TMS320C2000 Assembler PC v6.4.4 Wed Jul 08 12:49:29 2015

Tools Copyright (c) 1996-2015 Texas Instruments Incorporated
C:\Users\grant\AppData\Local\Temp\0214410                            PAGE   15

     769              $C$DW$69        .dwtag  DW_TAG_TI_assign_register, DW_AT_name("DP")
     770                      .dwattr $C$DW$69, DW_AT_location[DW_OP_reg29]
     771              $C$DW$70        .dwtag  DW_TAG_TI_assign_register, DW_AT_name("SXM")
     772                      .dwattr $C$DW$70, DW_AT_location[DW_OP_reg30]
     773              $C$DW$71        .dwtag  DW_TAG_TI_assign_register, DW_AT_name("PM")
     774                      .dwattr $C$DW$71, DW_AT_location[DW_OP_reg31]
     775              $C$DW$72        .dwtag  DW_TAG_TI_assign_register, DW_AT_name("OVM")
     776                      .dwattr $C$DW$72, DW_AT_location[DW_OP_regx 0x20]
     777              $C$DW$73        .dwtag  DW_TAG_TI_assign_register, DW_AT_name("PAGE0")
     778                      .dwattr $C$DW$73, DW_AT_location[DW_OP_regx 0x21]
     779              $C$DW$74        .dwtag  DW_TAG_TI_assign_register, DW_AT_name("AMODE")
     780                      .dwattr $C$DW$74, DW_AT_location[DW_OP_regx 0x22]
     781              $C$DW$75        .dwtag  DW_TAG_TI_assign_register, DW_AT_name("INTM")
     782                      .dwattr $C$DW$75, DW_AT_location[DW_OP_regx 0x23]
     783              $C$DW$76        .dwtag  DW_TAG_TI_assign_register, DW_AT_name("IFR")
     784                      .dwattr $C$DW$76, DW_AT_location[DW_OP_regx 0x24]
     785              $C$DW$77        .dwtag  DW_TAG_TI_assign_register, DW_AT_name("IER")
     786                      .dwattr $C$DW$77, DW_AT_location[DW_OP_regx 0x25]
     787              $C$DW$78        .dwtag  DW_TAG_TI_assign_register, DW_AT_name("V")
     788                      .dwattr $C$DW$78, DW_AT_location[DW_OP_regx 0x26]
     789              $C$DW$79        .dwtag  DW_TAG_TI_assign_register, DW_AT_name("PSEUDOH")
     790                      .dwattr $C$DW$79, DW_AT_location[DW_OP_regx 0x4c]
     791              $C$DW$80        .dwtag  DW_TAG_TI_assign_register, DW_AT_name("VOL")
     792                      .dwattr $C$DW$80, DW_AT_location[DW_OP_regx 0x4d]
     793              $C$DW$81        .dwtag  DW_TAG_TI_assign_register, DW_AT_name("AR0")
     794                      .dwattr $C$DW$81, DW_AT_location[DW_OP_reg4]
     795              $C$DW$82        .dwtag  DW_TAG_TI_assign_register, DW_AT_name("XAR0")
     796                      .dwattr $C$DW$82, DW_AT_location[DW_OP_reg5]
     797              $C$DW$83        .dwtag  DW_TAG_TI_assign_register, DW_AT_name("AR1")
     798                      .dwattr $C$DW$83, DW_AT_location[DW_OP_reg6]
     799              $C$DW$84        .dwtag  DW_TAG_TI_assign_register, DW_AT_name("XAR1")
     800                      .dwattr $C$DW$84, DW_AT_location[DW_OP_reg7]
     801              $C$DW$85        .dwtag  DW_TAG_TI_assign_register, DW_AT_name("AR2")
     802                      .dwattr $C$DW$85, DW_AT_location[DW_OP_reg8]
     803              $C$DW$86        .dwtag  DW_TAG_TI_assign_register, DW_AT_name("XAR2")
     804                      .dwattr $C$DW$86, DW_AT_location[DW_OP_reg9]
     805              $C$DW$87        .dwtag  DW_TAG_TI_assign_register, DW_AT_name("AR3")
     806                      .dwattr $C$DW$87, DW_AT_location[DW_OP_reg10]
     807              $C$DW$88        .dwtag  DW_TAG_TI_assign_register, DW_AT_name("XAR3")
     808                      .dwattr $C$DW$88, DW_AT_location[DW_OP_reg11]
     809              $C$DW$89        .dwtag  DW_TAG_TI_assign_register, DW_AT_name("AR4")
     810                      .dwattr $C$DW$89, DW_AT_location[DW_OP_reg12]
     811              $C$DW$90        .dwtag  DW_TAG_TI_assign_register, DW_AT_name("XAR4")
     812                      .dwattr $C$DW$90, DW_AT_location[DW_OP_reg13]
     813              $C$DW$91        .dwtag  DW_TAG_TI_assign_register, DW_AT_name("AR5")
     814                      .dwattr $C$DW$91, DW_AT_location[DW_OP_reg14]
     815              $C$DW$92        .dwtag  DW_TAG_TI_assign_register, DW_AT_name("XAR5")
     816                      .dwattr $C$DW$92, DW_AT_location[DW_OP_reg15]
     817              $C$DW$93        .dwtag  DW_TAG_TI_assign_register, DW_AT_name("AR6")
     818                      .dwattr $C$DW$93, DW_AT_location[DW_OP_reg16]
     819              $C$DW$94        .dwtag  DW_TAG_TI_assign_register, DW_AT_name("XAR6")
     820                      .dwattr $C$DW$94, DW_AT_location[DW_OP_reg17]
     821              $C$DW$95        .dwtag  DW_TAG_TI_assign_register, DW_AT_name("AR7")
     822                      .dwattr $C$DW$95, DW_AT_location[DW_OP_reg18]
     823              $C$DW$96        .dwtag  DW_TAG_TI_assign_register, DW_AT_name("XAR7")
TMS320C2000 Assembler PC v6.4.4 Wed Jul 08 12:49:29 2015

Tools Copyright (c) 1996-2015 Texas Instruments Incorporated
C:\Users\grant\AppData\Local\Temp\0214410                            PAGE   16

     824                      .dwattr $C$DW$96, DW_AT_location[DW_OP_reg19]
     825                      .dwendtag $C$DW$CU
     826              

No Assembly Errors, No Assembly Warnings
