TMS320C2000 Assembler PC v6.4.4 Wed Jul 08 12:49:30 2015

Tools Copyright (c) 1996-2015 Texas Instruments Incorporated
C:\Users\grant\AppData\Local\Temp\0269610                            PAGE    1

       1              ;***************************************************************
       2              ;* TMS320C2000 C/C++ Codegen                         PC v6.4.4 *
       3              ;* Date/Time created: Wed Jul 08 12:49:30 2015                 *
       4              ;***************************************************************
       5                      .compiler_opts --float_support=softlib --hll_source=on --mem_model:code=flat --mem_model:data=large -
       6        0002  FP      .set    XAR2
       7              
       8              $C$DW$CU        .dwtag  DW_TAG_compile_unit
       9                      .dwattr $C$DW$CU, DW_AT_name("C:/ti/motorware/motorware_1_01_00_14/sw/drivers/pwr/src/32b/f28x/f2806x
      10                      .dwattr $C$DW$CU, DW_AT_producer("TI TMS320C2000 C/C++ Codegen PC v6.4.4 Copyright (c) 1996-2015 Texa
      11                      .dwattr $C$DW$CU, DW_AT_TI_version(0x01)
      12                      .dwattr $C$DW$CU, DW_AT_comp_dir("C:\work\ws_ccs_motorware\foc_proj_lab20\Release")
      13              ;       C:\ti\ccsv6\tools\compiler\ti-cgt-c2000_6.4.4\bin\opt2000.exe C:\\Users\\grant\\AppData\\Local\\Temp\
      14              ;       C:\ti\ccsv6\tools\compiler\ti-cgt-c2000_6.4.4\bin\ac2000.exe -@C:\\Users\\grant\\AppData\\Local\\Temp
      15 00000000               .sect   ".text"
      16                      .clink
      17                      .global _PWR_setNumStandByClocks
      18              
      19              $C$DW$1 .dwtag  DW_TAG_subprogram, DW_AT_name("PWR_setNumStandByClocks")
      20                      .dwattr $C$DW$1, DW_AT_low_pc(_PWR_setNumStandByClocks)
      21                      .dwattr $C$DW$1, DW_AT_high_pc(0x00)
      22                      .dwattr $C$DW$1, DW_AT_TI_symbol_name("_PWR_setNumStandByClocks")
      23                      .dwattr $C$DW$1, DW_AT_external
      24                      .dwattr $C$DW$1, DW_AT_TI_begin_file("C:/ti/motorware/motorware_1_01_00_14/sw/drivers/pwr/src/32b/f28
      25                      .dwattr $C$DW$1, DW_AT_TI_begin_line(0x94)
      26                      .dwattr $C$DW$1, DW_AT_TI_begin_column(0x06)
      27                      .dwattr $C$DW$1, DW_AT_TI_max_frame_size(-2)
      28                      .dwpsn  file "C:/ti/motorware/motorware_1_01_00_14/sw/drivers/pwr/src/32b/f28x/f2806x/pwr.c",line 149
      29              
      30                      .dwfde $C$DW$CIE, _PWR_setNumStandByClocks
      31              $C$DW$2 .dwtag  DW_TAG_formal_parameter, DW_AT_name("pwrHandle")
      32                      .dwattr $C$DW$2, DW_AT_TI_symbol_name("_pwrHandle")
      33                      .dwattr $C$DW$2, DW_AT_type(*$C$DW$T$31)
      34                      .dwattr $C$DW$2, DW_AT_location[DW_OP_reg12]
      35              $C$DW$3 .dwtag  DW_TAG_formal_parameter, DW_AT_name("numClkCycles")
      36                      .dwattr $C$DW$3, DW_AT_TI_symbol_name("_numClkCycles")
      37                      .dwattr $C$DW$3, DW_AT_type(*$C$DW$T$28)
      38                      .dwattr $C$DW$3, DW_AT_location[DW_OP_reg0]
      39              
      40              ;***************************************************************
      41              ;* FNAME: _PWR_setNumStandByClocks      FR SIZE:   0           *
      42              ;*                                                             *
      43              ;* FUNCTION ENVIRONMENT                                        *
      44              ;*                                                             *
      45              ;* FUNCTION PROPERTIES                                         *
      46              ;*                            0 Parameter,  0 Auto,  0 SOE     *
      47              ;***************************************************************
      48              
      49              _PWR_setNumStandByClocks:
      50              ;* AR4   assigned to _pwrHandle
      51              $C$DW$4 .dwtag  DW_TAG_variable, DW_AT_name("pwrHandle")
      52                      .dwattr $C$DW$4, DW_AT_TI_symbol_name("_pwrHandle")
      53                      .dwattr $C$DW$4, DW_AT_type(*$C$DW$T$32)
      54                      .dwattr $C$DW$4, DW_AT_location[DW_OP_reg12]
      55              ;* AR6   assigned to _numClkCycles
TMS320C2000 Assembler PC v6.4.4 Wed Jul 08 12:49:30 2015

Tools Copyright (c) 1996-2015 Texas Instruments Incorporated
C:\Users\grant\AppData\Local\Temp\0269610                            PAGE    2

      56              $C$DW$5 .dwtag  DW_TAG_variable, DW_AT_name("numClkCycles")
      57                      .dwattr $C$DW$5, DW_AT_TI_symbol_name("_numClkCycles")
      58                      .dwattr $C$DW$5, DW_AT_type(*$C$DW$T$28)
      59                      .dwattr $C$DW$5, DW_AT_location[DW_OP_reg16]
      60                      .dwcfi  cfa_offset, -2
      61                      .dwcfi  save_reg_to_mem, 26, 0
      62 00000000 88A9          MOVZ      AR6,AL                ; [CPU_] |149| 
      63 00000001 7622   EALLOW
      64                      .dwpsn  file "C:/ti/motorware/motorware_1_01_00_14/sw/drivers/pwr/src/32b/f28x/f2806x/pwr.c",line 156
      65 00000002 A8A9          MOVL      ACC,XAR4              ; [CPU_] |156| 
      66 00000003 FF10          ADD       ACC,#26265 << 0       ; [CPU_] |156| 
         00000004 6699 
      67 00000005 83A9          MOVL      XAR5,ACC              ; [CPU_] |156| 
      68                      .dwpsn  file "C:/ti/motorware/motorware_1_01_00_14/sw/drivers/pwr/src/32b/f28x/f2806x/pwr.c",line 159
      69 00000006 A8A9          MOVL      ACC,XAR4              ; [CPU_] |159| 
      70 00000007 FF10          ADD       ACC,#26265 << 0       ; [CPU_] |159| 
         00000008 6699 
      71 00000009 8AA9          MOVL      XAR4,ACC              ; [CPU_] |159| 
      72                      .dwpsn  file "C:/ti/motorware/motorware_1_01_00_14/sw/drivers/pwr/src/32b/f28x/f2806x/pwr.c",line 156
      73 0000000a 18C5          AND       *+XAR5[0],#0xff03     ; [CPU_] |156| 
         0000000b FF03 
      74                      .dwpsn  file "C:/ti/motorware/motorware_1_01_00_14/sw/drivers/pwr/src/32b/f28x/f2806x/pwr.c",line 159
      75 0000000c 92A6          MOV       AL,AR6                ; [CPU_] |159| 
      76 0000000d 98C4          OR        *+XAR4[0],AL          ; [CPU_] |159| 
      77 0000000e 761A   EDIS
      78 0000000f FF69          SPM       #0                    ; [CPU_] 
      79              $C$DW$6 .dwtag  DW_TAG_TI_branch
      80                      .dwattr $C$DW$6, DW_AT_low_pc(0x00)
      81                      .dwattr $C$DW$6, DW_AT_TI_return
      82 00000010 0006          LRETR     ; [CPU_] 
      83                      ; return occurs ; [] 
      84                      .dwattr $C$DW$1, DW_AT_TI_end_file("C:/ti/motorware/motorware_1_01_00_14/sw/drivers/pwr/src/32b/f28x/
      85                      .dwattr $C$DW$1, DW_AT_TI_end_line(0xa4)
      86                      .dwattr $C$DW$1, DW_AT_TI_end_column(0x01)
      87                      .dwendentry
      88                      .dwendtag $C$DW$1
      89              
      90 00000011               .sect   ".text"
      91                      .clink
      92                      .global _PWR_setLowPowerMode
      93              
      94              $C$DW$7 .dwtag  DW_TAG_subprogram, DW_AT_name("PWR_setLowPowerMode")
      95                      .dwattr $C$DW$7, DW_AT_low_pc(_PWR_setLowPowerMode)
      96                      .dwattr $C$DW$7, DW_AT_high_pc(0x00)
      97                      .dwattr $C$DW$7, DW_AT_TI_symbol_name("_PWR_setLowPowerMode")
      98                      .dwattr $C$DW$7, DW_AT_external
      99                      .dwattr $C$DW$7, DW_AT_TI_begin_file("C:/ti/motorware/motorware_1_01_00_14/sw/drivers/pwr/src/32b/f28
     100                      .dwattr $C$DW$7, DW_AT_TI_begin_line(0x80)
     101                      .dwattr $C$DW$7, DW_AT_TI_begin_column(0x06)
     102                      .dwattr $C$DW$7, DW_AT_TI_max_frame_size(-2)
     103                      .dwpsn  file "C:/ti/motorware/motorware_1_01_00_14/sw/drivers/pwr/src/32b/f28x/f2806x/pwr.c",line 129
     104              
     105                      .dwfde $C$DW$CIE, _PWR_setLowPowerMode
     106              $C$DW$8 .dwtag  DW_TAG_formal_parameter, DW_AT_name("pwrHandle")
     107                      .dwattr $C$DW$8, DW_AT_TI_symbol_name("_pwrHandle")
TMS320C2000 Assembler PC v6.4.4 Wed Jul 08 12:49:30 2015

Tools Copyright (c) 1996-2015 Texas Instruments Incorporated
C:\Users\grant\AppData\Local\Temp\0269610                            PAGE    3

     108                      .dwattr $C$DW$8, DW_AT_type(*$C$DW$T$31)
     109                      .dwattr $C$DW$8, DW_AT_location[DW_OP_reg12]
     110              $C$DW$9 .dwtag  DW_TAG_formal_parameter, DW_AT_name("lowPowerMode")
     111                      .dwattr $C$DW$9, DW_AT_TI_symbol_name("_lowPowerMode")
     112                      .dwattr $C$DW$9, DW_AT_type(*$C$DW$T$25)
     113                      .dwattr $C$DW$9, DW_AT_location[DW_OP_reg0]
     114              
     115              ;***************************************************************
     116              ;* FNAME: _PWR_setLowPowerMode          FR SIZE:   0           *
     117              ;*                                                             *
     118              ;* FUNCTION ENVIRONMENT                                        *
     119              ;*                                                             *
     120              ;* FUNCTION PROPERTIES                                         *
     121              ;*                            0 Parameter,  0 Auto,  0 SOE     *
     122              ;***************************************************************
     123              
     124              _PWR_setLowPowerMode:
     125              ;* AR4   assigned to _pwrHandle
     126              $C$DW$10        .dwtag  DW_TAG_variable, DW_AT_name("pwrHandle")
     127                      .dwattr $C$DW$10, DW_AT_TI_symbol_name("_pwrHandle")
     128                      .dwattr $C$DW$10, DW_AT_type(*$C$DW$T$32)
     129                      .dwattr $C$DW$10, DW_AT_location[DW_OP_reg12]
     130              ;* AR6   assigned to _lowPowerMode
     131              $C$DW$11        .dwtag  DW_TAG_variable, DW_AT_name("lowPowerMode")
     132                      .dwattr $C$DW$11, DW_AT_TI_symbol_name("_lowPowerMode")
     133                      .dwattr $C$DW$11, DW_AT_type(*$C$DW$T$25)
     134                      .dwattr $C$DW$11, DW_AT_location[DW_OP_reg16]
     135                      .dwcfi  cfa_offset, -2
     136                      .dwcfi  save_reg_to_mem, 26, 0
     137 00000011 88A9          MOVZ      AR6,AL                ; [CPU_] |129| 
     138 00000012 7622   EALLOW
     139                      .dwpsn  file "C:/ti/motorware/motorware_1_01_00_14/sw/drivers/pwr/src/32b/f28x/f2806x/pwr.c",line 137
     140 00000013 A8A9          MOVL      ACC,XAR4              ; [CPU_] |137| 
     141 00000014 FF10          ADD       ACC,#26265 << 0       ; [CPU_] |137| 
         00000015 6699 
     142 00000016 83A9          MOVL      XAR5,ACC              ; [CPU_] |137| 
     143                      .dwpsn  file "C:/ti/motorware/motorware_1_01_00_14/sw/drivers/pwr/src/32b/f28x/f2806x/pwr.c",line 140
     144 00000017 A8A9          MOVL      ACC,XAR4              ; [CPU_] |140| 
     145 00000018 FF10          ADD       ACC,#26265 << 0       ; [CPU_] |140| 
         00000019 6699 
     146 0000001a 8AA9          MOVL      XAR4,ACC              ; [CPU_] |140| 
     147                      .dwpsn  file "C:/ti/motorware/motorware_1_01_00_14/sw/drivers/pwr/src/32b/f28x/f2806x/pwr.c",line 137
     148 0000001b 18C5          AND       *+XAR5[0],#0xfffc     ; [CPU_] |137| 
         0000001c FFFC 
     149                      .dwpsn  file "C:/ti/motorware/motorware_1_01_00_14/sw/drivers/pwr/src/32b/f28x/f2806x/pwr.c",line 140
     150 0000001d 92A6          MOV       AL,AR6                ; [CPU_] |140| 
     151 0000001e 98C4          OR        *+XAR4[0],AL          ; [CPU_] |140| 
     152 0000001f 761A   EDIS
     153 00000020 FF69          SPM       #0                    ; [CPU_] 
     154              $C$DW$12        .dwtag  DW_TAG_TI_branch
     155                      .dwattr $C$DW$12, DW_AT_low_pc(0x00)
     156                      .dwattr $C$DW$12, DW_AT_TI_return
     157 00000021 0006          LRETR     ; [CPU_] 
     158                      ; return occurs ; [] 
     159                      .dwattr $C$DW$7, DW_AT_TI_end_file("C:/ti/motorware/motorware_1_01_00_14/sw/drivers/pwr/src/32b/f28x/
TMS320C2000 Assembler PC v6.4.4 Wed Jul 08 12:49:30 2015

Tools Copyright (c) 1996-2015 Texas Instruments Incorporated
C:\Users\grant\AppData\Local\Temp\0269610                            PAGE    4

     160                      .dwattr $C$DW$7, DW_AT_TI_end_line(0x91)
     161                      .dwattr $C$DW$7, DW_AT_TI_end_column(0x01)
     162                      .dwendentry
     163                      .dwendtag $C$DW$7
     164              
     165 00000022               .sect   ".text"
     166                      .clink
     167                      .global _PWR_init
     168              
     169              $C$DW$13        .dwtag  DW_TAG_subprogram, DW_AT_name("PWR_init")
     170                      .dwattr $C$DW$13, DW_AT_low_pc(_PWR_init)
     171                      .dwattr $C$DW$13, DW_AT_high_pc(0x00)
     172                      .dwattr $C$DW$13, DW_AT_TI_symbol_name("_PWR_init")
     173                      .dwattr $C$DW$13, DW_AT_external
     174                      .dwattr $C$DW$13, DW_AT_type(*$C$DW$T$31)
     175                      .dwattr $C$DW$13, DW_AT_TI_begin_file("C:/ti/motorware/motorware_1_01_00_14/sw/drivers/pwr/src/32b/f2
     176                      .dwattr $C$DW$13, DW_AT_TI_begin_line(0x71)
     177                      .dwattr $C$DW$13, DW_AT_TI_begin_column(0x0c)
     178                      .dwattr $C$DW$13, DW_AT_TI_max_frame_size(-2)
     179                      .dwpsn  file "C:/ti/motorware/motorware_1_01_00_14/sw/drivers/pwr/src/32b/f28x/f2806x/pwr.c",line 114
     180              
     181                      .dwfde $C$DW$CIE, _PWR_init
     182              $C$DW$14        .dwtag  DW_TAG_formal_parameter, DW_AT_name("pMemory")
     183                      .dwattr $C$DW$14, DW_AT_TI_symbol_name("_pMemory")
     184                      .dwattr $C$DW$14, DW_AT_type(*$C$DW$T$3)
     185                      .dwattr $C$DW$14, DW_AT_location[DW_OP_reg12]
     186              $C$DW$15        .dwtag  DW_TAG_formal_parameter, DW_AT_name("numBytes")
     187                      .dwattr $C$DW$15, DW_AT_TI_symbol_name("_numBytes")
     188                      .dwattr $C$DW$15, DW_AT_type(*$C$DW$T$34)
     189                      .dwattr $C$DW$15, DW_AT_location[DW_OP_reg0]
     190              
     191              ;***************************************************************
     192              ;* FNAME: _PWR_init                     FR SIZE:   0           *
     193              ;*                                                             *
     194              ;* FUNCTION ENVIRONMENT                                        *
     195              ;*                                                             *
     196              ;* FUNCTION PROPERTIES                                         *
     197              ;*                            0 Parameter,  0 Auto,  0 SOE     *
     198              ;***************************************************************
     199              
     200              _PWR_init:
     201              ;* AR6   assigned to _numBytes
     202              $C$DW$16        .dwtag  DW_TAG_variable, DW_AT_name("numBytes")
     203                      .dwattr $C$DW$16, DW_AT_TI_symbol_name("_numBytes")
     204                      .dwattr $C$DW$16, DW_AT_type(*$C$DW$T$34)
     205                      .dwattr $C$DW$16, DW_AT_location[DW_OP_reg16]
     206                      .dwcfi  cfa_offset, -2
     207                      .dwcfi  save_reg_to_mem, 26, 0
     208 00000022 1EA6          MOVL      XAR6,ACC              ; [CPU_] |114| 
     209                      .dwpsn  file "C:/ti/motorware/motorware_1_01_00_14/sw/drivers/pwr/src/32b/f28x/f2806x/pwr.c",line 119
     210 00000023 8F40          MOVL      XAR5,#26266           ; [CPU_U] |119| 
         00000024 669A 
     211 00000025 A0A9          MOVL      ACC,XAR5              ; [CPU_] |119| 
     212 00000026 0FA6          CMPL      ACC,XAR6              ; [CPU_] |119| 
     213 00000027 56C9          BF        $C$L1,LOS             ; [CPU_] |119| 
TMS320C2000 Assembler PC v6.4.4 Wed Jul 08 12:49:30 2015

Tools Copyright (c) 1996-2015 Texas Instruments Incorporated
C:\Users\grant\AppData\Local\Temp\0269610                            PAGE    5

         00000028 0003 
     214                      ; branchcc occurs ; [] |119| 
     215 00000029 D400          MOVB      XAR4,#0               ; [CPU_] |119| 
     216              $C$L1:    
     217              $C$DW$17        .dwtag  DW_TAG_TI_branch
     218                      .dwattr $C$DW$17, DW_AT_low_pc(0x00)
     219                      .dwattr $C$DW$17, DW_AT_TI_return
     220 0000002a 0006          LRETR     ; [CPU_] 
     221                      ; return occurs ; [] 
     222                      .dwattr $C$DW$13, DW_AT_TI_end_file("C:/ti/motorware/motorware_1_01_00_14/sw/drivers/pwr/src/32b/f28x
     223                      .dwattr $C$DW$13, DW_AT_TI_end_line(0x7d)
     224                      .dwattr $C$DW$13, DW_AT_TI_end_column(0x01)
     225                      .dwendentry
     226                      .dwendtag $C$DW$13
     227              
     228 0000002b               .sect   ".text"
     229                      .clink
     230                      .global _PWR_enableWatchDogInt
     231              
     232              $C$DW$18        .dwtag  DW_TAG_subprogram, DW_AT_name("PWR_enableWatchDogInt")
     233                      .dwattr $C$DW$18, DW_AT_low_pc(_PWR_enableWatchDogInt)
     234                      .dwattr $C$DW$18, DW_AT_high_pc(0x00)
     235                      .dwattr $C$DW$18, DW_AT_TI_symbol_name("_PWR_enableWatchDogInt")
     236                      .dwattr $C$DW$18, DW_AT_external
     237                      .dwattr $C$DW$18, DW_AT_TI_begin_file("C:/ti/motorware/motorware_1_01_00_14/sw/drivers/pwr/src/32b/f2
     238                      .dwattr $C$DW$18, DW_AT_TI_begin_line(0x61)
     239                      .dwattr $C$DW$18, DW_AT_TI_begin_column(0x06)
     240                      .dwattr $C$DW$18, DW_AT_TI_max_frame_size(-2)
     241                      .dwpsn  file "C:/ti/motorware/motorware_1_01_00_14/sw/drivers/pwr/src/32b/f28x/f2806x/pwr.c",line 98,
     242              
     243                      .dwfde $C$DW$CIE, _PWR_enableWatchDogInt
     244              $C$DW$19        .dwtag  DW_TAG_formal_parameter, DW_AT_name("pwrHandle")
     245                      .dwattr $C$DW$19, DW_AT_TI_symbol_name("_pwrHandle")
     246                      .dwattr $C$DW$19, DW_AT_type(*$C$DW$T$31)
     247                      .dwattr $C$DW$19, DW_AT_location[DW_OP_reg12]
     248              
     249              ;***************************************************************
     250              ;* FNAME: _PWR_enableWatchDogInt        FR SIZE:   0           *
     251              ;*                                                             *
     252              ;* FUNCTION ENVIRONMENT                                        *
     253              ;*                                                             *
     254              ;* FUNCTION PROPERTIES                                         *
     255              ;*                            0 Parameter,  0 Auto,  0 SOE     *
     256              ;***************************************************************
     257              
     258              _PWR_enableWatchDogInt:
     259              ;* AR4   assigned to _pwrHandle
     260              $C$DW$20        .dwtag  DW_TAG_variable, DW_AT_name("pwrHandle")
     261                      .dwattr $C$DW$20, DW_AT_TI_symbol_name("_pwrHandle")
     262                      .dwattr $C$DW$20, DW_AT_type(*$C$DW$T$32)
     263                      .dwattr $C$DW$20, DW_AT_location[DW_OP_reg12]
     264                      .dwcfi  cfa_offset, -2
     265                      .dwcfi  save_reg_to_mem, 26, 0
     266 0000002b 7622   EALLOW
     267                      .dwpsn  file "C:/ti/motorware/motorware_1_01_00_14/sw/drivers/pwr/src/32b/f28x/f2806x/pwr.c",line 105
TMS320C2000 Assembler PC v6.4.4 Wed Jul 08 12:49:30 2015

Tools Copyright (c) 1996-2015 Texas Instruments Incorporated
C:\Users\grant\AppData\Local\Temp\0269610                            PAGE    6

     268 0000002c A8A9          MOVL      ACC,XAR4              ; [CPU_] |105| 
     269 0000002d FF10          ADD       ACC,#26265 << 0       ; [CPU_] |105| 
         0000002e 6699 
     270 0000002f 8AA9          MOVL      XAR4,ACC              ; [CPU_] |105| 
     271 00000030 1AC4          OR        *+XAR4[0],#0x8000     ; [CPU_] |105| 
         00000031 8000 
     272 00000032 761A   EDIS
     273 00000033 FF69          SPM       #0                    ; [CPU_] 
     274              $C$DW$21        .dwtag  DW_TAG_TI_branch
     275                      .dwattr $C$DW$21, DW_AT_low_pc(0x00)
     276                      .dwattr $C$DW$21, DW_AT_TI_return
     277 00000034 0006          LRETR     ; [CPU_] 
     278                      ; return occurs ; [] 
     279                      .dwattr $C$DW$18, DW_AT_TI_end_file("C:/ti/motorware/motorware_1_01_00_14/sw/drivers/pwr/src/32b/f28x
     280                      .dwattr $C$DW$18, DW_AT_TI_end_line(0x6e)
     281                      .dwattr $C$DW$18, DW_AT_TI_end_column(0x01)
     282                      .dwendentry
     283                      .dwendtag $C$DW$18
     284              
     285 00000035               .sect   ".text"
     286                      .clink
     287                      .global _PWR_enableBrownOutReset
     288              
     289              $C$DW$22        .dwtag  DW_TAG_subprogram, DW_AT_name("PWR_enableBrownOutReset")
     290                      .dwattr $C$DW$22, DW_AT_low_pc(_PWR_enableBrownOutReset)
     291                      .dwattr $C$DW$22, DW_AT_high_pc(0x00)
     292                      .dwattr $C$DW$22, DW_AT_TI_symbol_name("_PWR_enableBrownOutReset")
     293                      .dwattr $C$DW$22, DW_AT_external
     294                      .dwattr $C$DW$22, DW_AT_TI_begin_file("C:/ti/motorware/motorware_1_01_00_14/sw/drivers/pwr/src/32b/f2
     295                      .dwattr $C$DW$22, DW_AT_TI_begin_line(0x55)
     296                      .dwattr $C$DW$22, DW_AT_TI_begin_column(0x06)
     297                      .dwattr $C$DW$22, DW_AT_TI_max_frame_size(-2)
     298                      .dwpsn  file "C:/ti/motorware/motorware_1_01_00_14/sw/drivers/pwr/src/32b/f28x/f2806x/pwr.c",line 86,
     299              
     300                      .dwfde $C$DW$CIE, _PWR_enableBrownOutReset
     301              $C$DW$23        .dwtag  DW_TAG_formal_parameter, DW_AT_name("pwrHandle")
     302                      .dwattr $C$DW$23, DW_AT_TI_symbol_name("_pwrHandle")
     303                      .dwattr $C$DW$23, DW_AT_type(*$C$DW$T$31)
     304                      .dwattr $C$DW$23, DW_AT_location[DW_OP_reg12]
     305              
     306              ;***************************************************************
     307              ;* FNAME: _PWR_enableBrownOutReset      FR SIZE:   0           *
     308              ;*                                                             *
     309              ;* FUNCTION ENVIRONMENT                                        *
     310              ;*                                                             *
     311              ;* FUNCTION PROPERTIES                                         *
     312              ;*                            0 Parameter,  0 Auto,  0 SOE     *
     313              ;***************************************************************
     314              
     315              _PWR_enableBrownOutReset:
     316              ;* AR4   assigned to _pwrHandle
     317              $C$DW$24        .dwtag  DW_TAG_variable, DW_AT_name("pwrHandle")
     318                      .dwattr $C$DW$24, DW_AT_TI_symbol_name("_pwrHandle")
     319                      .dwattr $C$DW$24, DW_AT_type(*$C$DW$T$32)
     320                      .dwattr $C$DW$24, DW_AT_location[DW_OP_reg12]
TMS320C2000 Assembler PC v6.4.4 Wed Jul 08 12:49:30 2015

Tools Copyright (c) 1996-2015 Texas Instruments Incorporated
C:\Users\grant\AppData\Local\Temp\0269610                            PAGE    7

     321                      .dwcfi  cfa_offset, -2
     322                      .dwcfi  save_reg_to_mem, 26, 0
     323                      .dwpsn  file "C:/ti/motorware/motorware_1_01_00_14/sw/drivers/pwr/src/32b/f28x/f2806x/pwr.c",line 91,
     324 00000035 18C4          AND       *+XAR4[0],#0xfffe     ; [CPU_] |91| 
         00000036 FFFE 
     325              $C$DW$25        .dwtag  DW_TAG_TI_branch
     326                      .dwattr $C$DW$25, DW_AT_low_pc(0x00)
     327                      .dwattr $C$DW$25, DW_AT_TI_return
     328 00000037 0006          LRETR     ; [CPU_] 
     329                      ; return occurs ; [] 
     330                      .dwattr $C$DW$22, DW_AT_TI_end_file("C:/ti/motorware/motorware_1_01_00_14/sw/drivers/pwr/src/32b/f28x
     331                      .dwattr $C$DW$22, DW_AT_TI_end_line(0x5e)
     332                      .dwattr $C$DW$22, DW_AT_TI_end_column(0x01)
     333                      .dwendentry
     334                      .dwendtag $C$DW$22
     335              
     336 00000038               .sect   ".text"
     337                      .clink
     338                      .global _PWR_disableWatchDogInt
     339              
     340              $C$DW$26        .dwtag  DW_TAG_subprogram, DW_AT_name("PWR_disableWatchDogInt")
     341                      .dwattr $C$DW$26, DW_AT_low_pc(_PWR_disableWatchDogInt)
     342                      .dwattr $C$DW$26, DW_AT_high_pc(0x00)
     343                      .dwattr $C$DW$26, DW_AT_TI_symbol_name("_PWR_disableWatchDogInt")
     344                      .dwattr $C$DW$26, DW_AT_external
     345                      .dwattr $C$DW$26, DW_AT_TI_begin_file("C:/ti/motorware/motorware_1_01_00_14/sw/drivers/pwr/src/32b/f2
     346                      .dwattr $C$DW$26, DW_AT_TI_begin_line(0x45)
     347                      .dwattr $C$DW$26, DW_AT_TI_begin_column(0x06)
     348                      .dwattr $C$DW$26, DW_AT_TI_max_frame_size(-2)
     349                      .dwpsn  file "C:/ti/motorware/motorware_1_01_00_14/sw/drivers/pwr/src/32b/f28x/f2806x/pwr.c",line 70,
     350              
     351                      .dwfde $C$DW$CIE, _PWR_disableWatchDogInt
     352              $C$DW$27        .dwtag  DW_TAG_formal_parameter, DW_AT_name("pwrHandle")
     353                      .dwattr $C$DW$27, DW_AT_TI_symbol_name("_pwrHandle")
     354                      .dwattr $C$DW$27, DW_AT_type(*$C$DW$T$31)
     355                      .dwattr $C$DW$27, DW_AT_location[DW_OP_reg12]
     356              
     357              ;***************************************************************
     358              ;* FNAME: _PWR_disableWatchDogInt       FR SIZE:   0           *
     359              ;*                                                             *
     360              ;* FUNCTION ENVIRONMENT                                        *
     361              ;*                                                             *
     362              ;* FUNCTION PROPERTIES                                         *
     363              ;*                            0 Parameter,  0 Auto,  0 SOE     *
     364              ;***************************************************************
     365              
     366              _PWR_disableWatchDogInt:
     367              ;* AR4   assigned to _pwrHandle
     368              $C$DW$28        .dwtag  DW_TAG_variable, DW_AT_name("pwrHandle")
     369                      .dwattr $C$DW$28, DW_AT_TI_symbol_name("_pwrHandle")
     370                      .dwattr $C$DW$28, DW_AT_type(*$C$DW$T$32)
     371                      .dwattr $C$DW$28, DW_AT_location[DW_OP_reg12]
     372                      .dwcfi  cfa_offset, -2
     373                      .dwcfi  save_reg_to_mem, 26, 0
     374 00000038 7622   EALLOW
TMS320C2000 Assembler PC v6.4.4 Wed Jul 08 12:49:30 2015

Tools Copyright (c) 1996-2015 Texas Instruments Incorporated
C:\Users\grant\AppData\Local\Temp\0269610                            PAGE    8

     375                      .dwpsn  file "C:/ti/motorware/motorware_1_01_00_14/sw/drivers/pwr/src/32b/f28x/f2806x/pwr.c",line 77,
     376 00000039 A8A9          MOVL      ACC,XAR4              ; [CPU_] |77| 
     377 0000003a FF10          ADD       ACC,#26265 << 0       ; [CPU_] |77| 
         0000003b 6699 
     378 0000003c 8AA9          MOVL      XAR4,ACC              ; [CPU_] |77| 
     379 0000003d 18C4          AND       *+XAR4[0],#0x7fff     ; [CPU_] |77| 
         0000003e 7FFF 
     380 0000003f 761A   EDIS
     381 00000040 FF69          SPM       #0                    ; [CPU_] 
     382              $C$DW$29        .dwtag  DW_TAG_TI_branch
     383                      .dwattr $C$DW$29, DW_AT_low_pc(0x00)
     384                      .dwattr $C$DW$29, DW_AT_TI_return
     385 00000041 0006          LRETR     ; [CPU_] 
     386                      ; return occurs ; [] 
     387                      .dwattr $C$DW$26, DW_AT_TI_end_file("C:/ti/motorware/motorware_1_01_00_14/sw/drivers/pwr/src/32b/f28x
     388                      .dwattr $C$DW$26, DW_AT_TI_end_line(0x52)
     389                      .dwattr $C$DW$26, DW_AT_TI_end_column(0x01)
     390                      .dwendentry
     391                      .dwendtag $C$DW$26
     392              
     393 00000042               .sect   ".text"
     394                      .clink
     395                      .global _PWR_disableBrownOutReset
     396              
     397              $C$DW$30        .dwtag  DW_TAG_subprogram, DW_AT_name("PWR_disableBrownOutReset")
     398                      .dwattr $C$DW$30, DW_AT_low_pc(_PWR_disableBrownOutReset)
     399                      .dwattr $C$DW$30, DW_AT_high_pc(0x00)
     400                      .dwattr $C$DW$30, DW_AT_TI_symbol_name("_PWR_disableBrownOutReset")
     401                      .dwattr $C$DW$30, DW_AT_external
     402                      .dwattr $C$DW$30, DW_AT_TI_begin_file("C:/ti/motorware/motorware_1_01_00_14/sw/drivers/pwr/src/32b/f2
     403                      .dwattr $C$DW$30, DW_AT_TI_begin_line(0x39)
     404                      .dwattr $C$DW$30, DW_AT_TI_begin_column(0x06)
     405                      .dwattr $C$DW$30, DW_AT_TI_max_frame_size(-2)
     406                      .dwpsn  file "C:/ti/motorware/motorware_1_01_00_14/sw/drivers/pwr/src/32b/f28x/f2806x/pwr.c",line 58,
     407              
     408                      .dwfde $C$DW$CIE, _PWR_disableBrownOutReset
     409              $C$DW$31        .dwtag  DW_TAG_formal_parameter, DW_AT_name("pwrHandle")
     410                      .dwattr $C$DW$31, DW_AT_TI_symbol_name("_pwrHandle")
     411                      .dwattr $C$DW$31, DW_AT_type(*$C$DW$T$31)
     412                      .dwattr $C$DW$31, DW_AT_location[DW_OP_reg12]
     413              
     414              ;***************************************************************
     415              ;* FNAME: _PWR_disableBrownOutReset     FR SIZE:   0           *
     416              ;*                                                             *
     417              ;* FUNCTION ENVIRONMENT                                        *
     418              ;*                                                             *
     419              ;* FUNCTION PROPERTIES                                         *
     420              ;*                            0 Parameter,  0 Auto,  0 SOE     *
     421              ;***************************************************************
     422              
     423              _PWR_disableBrownOutReset:
     424              ;* AR4   assigned to _pwrHandle
     425              $C$DW$32        .dwtag  DW_TAG_variable, DW_AT_name("pwrHandle")
     426                      .dwattr $C$DW$32, DW_AT_TI_symbol_name("_pwrHandle")
     427                      .dwattr $C$DW$32, DW_AT_type(*$C$DW$T$32)
TMS320C2000 Assembler PC v6.4.4 Wed Jul 08 12:49:30 2015

Tools Copyright (c) 1996-2015 Texas Instruments Incorporated
C:\Users\grant\AppData\Local\Temp\0269610                            PAGE    9

     428                      .dwattr $C$DW$32, DW_AT_location[DW_OP_reg12]
     429                      .dwcfi  cfa_offset, -2
     430                      .dwcfi  save_reg_to_mem, 26, 0
     431                      .dwpsn  file "C:/ti/motorware/motorware_1_01_00_14/sw/drivers/pwr/src/32b/f28x/f2806x/pwr.c",line 63,
     432 00000042 1AC4          OR        *+XAR4[0],#0x0001     ; [CPU_] |63| 
         00000043 0001 
     433              $C$DW$33        .dwtag  DW_TAG_TI_branch
     434                      .dwattr $C$DW$33, DW_AT_low_pc(0x00)
     435                      .dwattr $C$DW$33, DW_AT_TI_return
     436 00000044 0006          LRETR     ; [CPU_] 
     437                      ; return occurs ; [] 
     438                      .dwattr $C$DW$30, DW_AT_TI_end_file("C:/ti/motorware/motorware_1_01_00_14/sw/drivers/pwr/src/32b/f28x
     439                      .dwattr $C$DW$30, DW_AT_TI_end_line(0x42)
     440                      .dwattr $C$DW$30, DW_AT_TI_end_column(0x01)
     441                      .dwendentry
     442                      .dwendtag $C$DW$30
     443              
     444              
     445              ;***************************************************************
     446              ;* TYPE INFORMATION                                            *
     447              ;***************************************************************
     448              
     449              $C$DW$T$23      .dwtag  DW_TAG_enumeration_type
     450                      .dwattr $C$DW$T$23, DW_AT_byte_size(0x01)
     451              $C$DW$34        .dwtag  DW_TAG_enumerator, DW_AT_name("PWR_LowPowerMode_Idle"), DW_AT_const_value(0x00)
     452              $C$DW$35        .dwtag  DW_TAG_enumerator, DW_AT_name("PWR_LowPowerMode_Standby"), DW_AT_const_value(0x01)
     453              $C$DW$36        .dwtag  DW_TAG_enumerator, DW_AT_name("PWR_LowPowerMode_Halt"), DW_AT_const_value(0x02)
     454                      .dwendtag $C$DW$T$23
     455              
     456              $C$DW$T$24      .dwtag  DW_TAG_typedef, DW_AT_name("PWR_LowPowerMode_e")
     457                      .dwattr $C$DW$T$24, DW_AT_type(*$C$DW$T$23)
     458                      .dwattr $C$DW$T$24, DW_AT_language(DW_LANG_C)
     459              $C$DW$37        .dwtag  DW_TAG_TI_far_type
     460                      .dwattr $C$DW$37, DW_AT_type(*$C$DW$T$24)
     461              $C$DW$T$25      .dwtag  DW_TAG_const_type
     462                      .dwattr $C$DW$T$25, DW_AT_type(*$C$DW$37)
     463              
     464              $C$DW$T$26      .dwtag  DW_TAG_enumeration_type
     465                      .dwattr $C$DW$T$26, DW_AT_byte_size(0x01)
     466              $C$DW$38        .dwtag  DW_TAG_enumerator, DW_AT_name("PWR_NumStandByClocks_2"), DW_AT_const_value(0x00)
     467              $C$DW$39        .dwtag  DW_TAG_enumerator, DW_AT_name("PWR_NumStandByClocks_3"), DW_AT_const_value(0x04)
     468              $C$DW$40        .dwtag  DW_TAG_enumerator, DW_AT_name("PWR_NumStandByClocks_4"), DW_AT_const_value(0x08)
     469              $C$DW$41        .dwtag  DW_TAG_enumerator, DW_AT_name("PWR_NumStandByClocks_5"), DW_AT_const_value(0x0c)
     470              $C$DW$42        .dwtag  DW_TAG_enumerator, DW_AT_name("PWR_NumStandByClocks_6"), DW_AT_const_value(0x10)
     471              $C$DW$43        .dwtag  DW_TAG_enumerator, DW_AT_name("PWR_NumStandByClocks_7"), DW_AT_const_value(0x14)
     472              $C$DW$44        .dwtag  DW_TAG_enumerator, DW_AT_name("PWR_NumStandByClocks_8"), DW_AT_const_value(0x18)
     473              $C$DW$45        .dwtag  DW_TAG_enumerator, DW_AT_name("PWR_NumStandByClocks_9"), DW_AT_const_value(0x1c)
     474              $C$DW$46        .dwtag  DW_TAG_enumerator, DW_AT_name("PWR_NumStandByClocks_10"), DW_AT_const_value(0x20)
     475              $C$DW$47        .dwtag  DW_TAG_enumerator, DW_AT_name("PWR_NumStandByClocks_11"), DW_AT_const_value(0x24)
     476              $C$DW$48        .dwtag  DW_TAG_enumerator, DW_AT_name("PWR_NumStandByClocks_12"), DW_AT_const_value(0x28)
     477              $C$DW$49        .dwtag  DW_TAG_enumerator, DW_AT_name("PWR_NumStandByClocks_13"), DW_AT_const_value(0x2c)
     478              $C$DW$50        .dwtag  DW_TAG_enumerator, DW_AT_name("PWR_NumStandByClocks_14"), DW_AT_const_value(0x30)
     479              $C$DW$51        .dwtag  DW_TAG_enumerator, DW_AT_name("PWR_NumStandByClocks_15"), DW_AT_const_value(0x34)
     480              $C$DW$52        .dwtag  DW_TAG_enumerator, DW_AT_name("PWR_NumStandByClocks_16"), DW_AT_const_value(0x38)
     481              $C$DW$53        .dwtag  DW_TAG_enumerator, DW_AT_name("PWR_NumStandByClocks_17"), DW_AT_const_value(0x3c)
TMS320C2000 Assembler PC v6.4.4 Wed Jul 08 12:49:30 2015

Tools Copyright (c) 1996-2015 Texas Instruments Incorporated
C:\Users\grant\AppData\Local\Temp\0269610                            PAGE   10

     482              $C$DW$54        .dwtag  DW_TAG_enumerator, DW_AT_name("PWR_NumStandByClocks_18"), DW_AT_const_value(0x40)
     483              $C$DW$55        .dwtag  DW_TAG_enumerator, DW_AT_name("PWR_NumStandByClocks_19"), DW_AT_const_value(0x44)
     484              $C$DW$56        .dwtag  DW_TAG_enumerator, DW_AT_name("PWR_NumStandByClocks_20"), DW_AT_const_value(0x48)
     485              $C$DW$57        .dwtag  DW_TAG_enumerator, DW_AT_name("PWR_NumStandByClocks_21"), DW_AT_const_value(0x4c)
     486              $C$DW$58        .dwtag  DW_TAG_enumerator, DW_AT_name("PWR_NumStandByClocks_22"), DW_AT_const_value(0x50)
     487              $C$DW$59        .dwtag  DW_TAG_enumerator, DW_AT_name("PWR_NumStandByClocks_23"), DW_AT_const_value(0x54)
     488              $C$DW$60        .dwtag  DW_TAG_enumerator, DW_AT_name("PWR_NumStandByClocks_24"), DW_AT_const_value(0x58)
     489              $C$DW$61        .dwtag  DW_TAG_enumerator, DW_AT_name("PWR_NumStandByClocks_25"), DW_AT_const_value(0x5c)
     490              $C$DW$62        .dwtag  DW_TAG_enumerator, DW_AT_name("PWR_NumStandByClocks_26"), DW_AT_const_value(0x60)
     491              $C$DW$63        .dwtag  DW_TAG_enumerator, DW_AT_name("PWR_NumStandByClocks_27"), DW_AT_const_value(0x64)
     492              $C$DW$64        .dwtag  DW_TAG_enumerator, DW_AT_name("PWR_NumStandByClocks_28"), DW_AT_const_value(0x68)
     493              $C$DW$65        .dwtag  DW_TAG_enumerator, DW_AT_name("PWR_NumStandByClocks_29"), DW_AT_const_value(0x6c)
     494              $C$DW$66        .dwtag  DW_TAG_enumerator, DW_AT_name("PWR_NumStandByClocks_30"), DW_AT_const_value(0x70)
     495              $C$DW$67        .dwtag  DW_TAG_enumerator, DW_AT_name("PWR_NumStandByClocks_31"), DW_AT_const_value(0x74)
     496              $C$DW$68        .dwtag  DW_TAG_enumerator, DW_AT_name("PWR_NumStandByClocks_32"), DW_AT_const_value(0x78)
     497              $C$DW$69        .dwtag  DW_TAG_enumerator, DW_AT_name("PWR_NumStandByClocks_33"), DW_AT_const_value(0x7c)
     498              $C$DW$70        .dwtag  DW_TAG_enumerator, DW_AT_name("PWR_NumStandByClocks_34"), DW_AT_const_value(0x80)
     499              $C$DW$71        .dwtag  DW_TAG_enumerator, DW_AT_name("PWR_NumStandByClocks_35"), DW_AT_const_value(0x84)
     500              $C$DW$72        .dwtag  DW_TAG_enumerator, DW_AT_name("PWR_NumStandByClocks_36"), DW_AT_const_value(0x88)
     501              $C$DW$73        .dwtag  DW_TAG_enumerator, DW_AT_name("PWR_NumStandByClocks_37"), DW_AT_const_value(0x8c)
     502              $C$DW$74        .dwtag  DW_TAG_enumerator, DW_AT_name("PWR_NumStandByClocks_38"), DW_AT_const_value(0x90)
     503              $C$DW$75        .dwtag  DW_TAG_enumerator, DW_AT_name("PWR_NumStandByClocks_39"), DW_AT_const_value(0x94)
     504              $C$DW$76        .dwtag  DW_TAG_enumerator, DW_AT_name("PWR_NumStandByClocks_40"), DW_AT_const_value(0x98)
     505              $C$DW$77        .dwtag  DW_TAG_enumerator, DW_AT_name("PWR_NumStandByClocks_41"), DW_AT_const_value(0x9c)
     506              $C$DW$78        .dwtag  DW_TAG_enumerator, DW_AT_name("PWR_NumStandByClocks_42"), DW_AT_const_value(0xa0)
     507              $C$DW$79        .dwtag  DW_TAG_enumerator, DW_AT_name("PWR_NumStandByClocks_43"), DW_AT_const_value(0xa4)
     508              $C$DW$80        .dwtag  DW_TAG_enumerator, DW_AT_name("PWR_NumStandByClocks_44"), DW_AT_const_value(0xa8)
     509              $C$DW$81        .dwtag  DW_TAG_enumerator, DW_AT_name("PWR_NumStandByClocks_45"), DW_AT_const_value(0xac)
     510              $C$DW$82        .dwtag  DW_TAG_enumerator, DW_AT_name("PWR_NumStandByClocks_46"), DW_AT_const_value(0xb0)
     511              $C$DW$83        .dwtag  DW_TAG_enumerator, DW_AT_name("PWR_NumStandByClocks_47"), DW_AT_const_value(0xb4)
     512              $C$DW$84        .dwtag  DW_TAG_enumerator, DW_AT_name("PWR_NumStandByClocks_48"), DW_AT_const_value(0xb8)
     513              $C$DW$85        .dwtag  DW_TAG_enumerator, DW_AT_name("PWR_NumStandByClocks_49"), DW_AT_const_value(0xbc)
     514              $C$DW$86        .dwtag  DW_TAG_enumerator, DW_AT_name("PWR_NumStandByClocks_50"), DW_AT_const_value(0xc0)
     515              $C$DW$87        .dwtag  DW_TAG_enumerator, DW_AT_name("PWR_NumStandByClocks_51"), DW_AT_const_value(0xc4)
     516              $C$DW$88        .dwtag  DW_TAG_enumerator, DW_AT_name("PWR_NumStandByClocks_52"), DW_AT_const_value(0xc8)
     517              $C$DW$89        .dwtag  DW_TAG_enumerator, DW_AT_name("PWR_NumStandByClocks_53"), DW_AT_const_value(0xcc)
     518              $C$DW$90        .dwtag  DW_TAG_enumerator, DW_AT_name("PWR_NumStandByClocks_54"), DW_AT_const_value(0xd0)
     519              $C$DW$91        .dwtag  DW_TAG_enumerator, DW_AT_name("PWR_NumStandByClocks_55"), DW_AT_const_value(0xd4)
     520              $C$DW$92        .dwtag  DW_TAG_enumerator, DW_AT_name("PWR_NumStandByClocks_56"), DW_AT_const_value(0xd8)
     521              $C$DW$93        .dwtag  DW_TAG_enumerator, DW_AT_name("PWR_NumStandByClocks_57"), DW_AT_const_value(0xdc)
     522              $C$DW$94        .dwtag  DW_TAG_enumerator, DW_AT_name("PWR_NumStandByClocks_58"), DW_AT_const_value(0xe0)
     523              $C$DW$95        .dwtag  DW_TAG_enumerator, DW_AT_name("PWR_NumStandByClocks_59"), DW_AT_const_value(0xe4)
     524              $C$DW$96        .dwtag  DW_TAG_enumerator, DW_AT_name("PWR_NumStandByClocks_60"), DW_AT_const_value(0xe8)
     525              $C$DW$97        .dwtag  DW_TAG_enumerator, DW_AT_name("PWR_NumStandByClocks_61"), DW_AT_const_value(0xec)
     526              $C$DW$98        .dwtag  DW_TAG_enumerator, DW_AT_name("PWR_NumStandByClocks_62"), DW_AT_const_value(0xf0)
     527              $C$DW$99        .dwtag  DW_TAG_enumerator, DW_AT_name("PWR_NumStandByClocks_63"), DW_AT_const_value(0xf4)
     528              $C$DW$100       .dwtag  DW_TAG_enumerator, DW_AT_name("PWR_NumStandByClocks_64"), DW_AT_const_value(0xf8)
     529              $C$DW$101       .dwtag  DW_TAG_enumerator, DW_AT_name("PWR_NumStandByClocks_65"), DW_AT_const_value(0xfc)
     530                      .dwendtag $C$DW$T$26
     531              
     532              $C$DW$T$27      .dwtag  DW_TAG_typedef, DW_AT_name("PWR_NumStandByClocks_e")
     533                      .dwattr $C$DW$T$27, DW_AT_type(*$C$DW$T$26)
     534                      .dwattr $C$DW$T$27, DW_AT_language(DW_LANG_C)
     535              $C$DW$102       .dwtag  DW_TAG_TI_far_type
     536                      .dwattr $C$DW$102, DW_AT_type(*$C$DW$T$27)
TMS320C2000 Assembler PC v6.4.4 Wed Jul 08 12:49:30 2015

Tools Copyright (c) 1996-2015 Texas Instruments Incorporated
C:\Users\grant\AppData\Local\Temp\0269610                            PAGE   11

     537              $C$DW$T$28      .dwtag  DW_TAG_const_type
     538                      .dwattr $C$DW$T$28, DW_AT_type(*$C$DW$102)
     539              
     540              $C$DW$T$22      .dwtag  DW_TAG_structure_type
     541                      .dwattr $C$DW$T$22, DW_AT_name("_PWR_Obj_")
     542                      .dwattr $C$DW$T$22, DW_AT_byte_size(0x669a)
     543              $C$DW$103       .dwtag  DW_TAG_member
     544                      .dwattr $C$DW$103, DW_AT_type(*$C$DW$T$20)
     545                      .dwattr $C$DW$103, DW_AT_name("BORCFG")
     546                      .dwattr $C$DW$103, DW_AT_TI_symbol_name("_BORCFG")
     547                      .dwattr $C$DW$103, DW_AT_data_member_location[DW_OP_plus_uconst 0x0]
     548                      .dwattr $C$DW$103, DW_AT_accessibility(DW_ACCESS_public)
     549              $C$DW$104       .dwtag  DW_TAG_member
     550                      .dwattr $C$DW$104, DW_AT_type(*$C$DW$T$21)
     551                      .dwattr $C$DW$104, DW_AT_name("rsvd_1")
     552                      .dwattr $C$DW$104, DW_AT_TI_symbol_name("_rsvd_1")
     553                      .dwattr $C$DW$104, DW_AT_data_member_location[DW_OP_plus_uconst 0x1]
     554                      .dwattr $C$DW$104, DW_AT_accessibility(DW_ACCESS_public)
     555              $C$DW$105       .dwtag  DW_TAG_member
     556                      .dwattr $C$DW$105, DW_AT_type(*$C$DW$T$20)
     557                      .dwattr $C$DW$105, DW_AT_name("LPMCR0")
     558                      .dwattr $C$DW$105, DW_AT_TI_symbol_name("_LPMCR0")
     559                      .dwattr $C$DW$105, DW_AT_data_member_location[DW_OP_plus_uconst 0x6699]
     560                      .dwattr $C$DW$105, DW_AT_accessibility(DW_ACCESS_public)
     561                      .dwendtag $C$DW$T$22
     562              
     563              $C$DW$T$29      .dwtag  DW_TAG_typedef, DW_AT_name("PWR_Obj")
     564                      .dwattr $C$DW$T$29, DW_AT_type(*$C$DW$T$22)
     565                      .dwattr $C$DW$T$29, DW_AT_language(DW_LANG_C)
     566              $C$DW$T$30      .dwtag  DW_TAG_pointer_type
     567                      .dwattr $C$DW$T$30, DW_AT_type(*$C$DW$T$22)
     568                      .dwattr $C$DW$T$30, DW_AT_address_class(0x20)
     569              $C$DW$T$31      .dwtag  DW_TAG_typedef, DW_AT_name("PWR_Handle")
     570                      .dwattr $C$DW$T$31, DW_AT_type(*$C$DW$T$30)
     571                      .dwattr $C$DW$T$31, DW_AT_language(DW_LANG_C)
     572              $C$DW$106       .dwtag  DW_TAG_TI_far_type
     573                      .dwattr $C$DW$106, DW_AT_type(*$C$DW$T$31)
     574              $C$DW$T$32      .dwtag  DW_TAG_const_type
     575                      .dwattr $C$DW$T$32, DW_AT_type(*$C$DW$106)
     576              $C$DW$T$2       .dwtag  DW_TAG_unspecified_type
     577                      .dwattr $C$DW$T$2, DW_AT_name("void")
     578              $C$DW$T$3       .dwtag  DW_TAG_pointer_type
     579                      .dwattr $C$DW$T$3, DW_AT_type(*$C$DW$T$2)
     580                      .dwattr $C$DW$T$3, DW_AT_address_class(0x20)
     581              $C$DW$T$4       .dwtag  DW_TAG_base_type
     582                      .dwattr $C$DW$T$4, DW_AT_encoding(DW_ATE_boolean)
     583                      .dwattr $C$DW$T$4, DW_AT_name("bool")
     584                      .dwattr $C$DW$T$4, DW_AT_byte_size(0x01)
     585              $C$DW$T$5       .dwtag  DW_TAG_base_type
     586                      .dwattr $C$DW$T$5, DW_AT_encoding(DW_ATE_signed_char)
     587                      .dwattr $C$DW$T$5, DW_AT_name("signed char")
     588                      .dwattr $C$DW$T$5, DW_AT_byte_size(0x01)
     589              $C$DW$T$6       .dwtag  DW_TAG_base_type
     590                      .dwattr $C$DW$T$6, DW_AT_encoding(DW_ATE_unsigned_char)
     591                      .dwattr $C$DW$T$6, DW_AT_name("unsigned char")
TMS320C2000 Assembler PC v6.4.4 Wed Jul 08 12:49:30 2015

Tools Copyright (c) 1996-2015 Texas Instruments Incorporated
C:\Users\grant\AppData\Local\Temp\0269610                            PAGE   12

     592                      .dwattr $C$DW$T$6, DW_AT_byte_size(0x01)
     593              $C$DW$T$7       .dwtag  DW_TAG_base_type
     594                      .dwattr $C$DW$T$7, DW_AT_encoding(DW_ATE_signed_char)
     595                      .dwattr $C$DW$T$7, DW_AT_name("wchar_t")
     596                      .dwattr $C$DW$T$7, DW_AT_byte_size(0x01)
     597              $C$DW$T$8       .dwtag  DW_TAG_base_type
     598                      .dwattr $C$DW$T$8, DW_AT_encoding(DW_ATE_signed)
     599                      .dwattr $C$DW$T$8, DW_AT_name("short")
     600                      .dwattr $C$DW$T$8, DW_AT_byte_size(0x01)
     601              $C$DW$T$9       .dwtag  DW_TAG_base_type
     602                      .dwattr $C$DW$T$9, DW_AT_encoding(DW_ATE_unsigned)
     603                      .dwattr $C$DW$T$9, DW_AT_name("unsigned short")
     604                      .dwattr $C$DW$T$9, DW_AT_byte_size(0x01)
     605              $C$DW$T$10      .dwtag  DW_TAG_base_type
     606                      .dwattr $C$DW$T$10, DW_AT_encoding(DW_ATE_signed)
     607                      .dwattr $C$DW$T$10, DW_AT_name("int")
     608                      .dwattr $C$DW$T$10, DW_AT_byte_size(0x01)
     609              $C$DW$T$11      .dwtag  DW_TAG_base_type
     610                      .dwattr $C$DW$T$11, DW_AT_encoding(DW_ATE_unsigned)
     611                      .dwattr $C$DW$T$11, DW_AT_name("unsigned int")
     612                      .dwattr $C$DW$T$11, DW_AT_byte_size(0x01)
     613              $C$DW$T$19      .dwtag  DW_TAG_typedef, DW_AT_name("uint16_t")
     614                      .dwattr $C$DW$T$19, DW_AT_type(*$C$DW$T$11)
     615                      .dwattr $C$DW$T$19, DW_AT_language(DW_LANG_C)
     616              $C$DW$107       .dwtag  DW_TAG_TI_far_type
     617                      .dwattr $C$DW$107, DW_AT_type(*$C$DW$T$19)
     618              $C$DW$T$20      .dwtag  DW_TAG_volatile_type
     619                      .dwattr $C$DW$T$20, DW_AT_type(*$C$DW$107)
     620              
     621              $C$DW$T$21      .dwtag  DW_TAG_array_type
     622                      .dwattr $C$DW$T$21, DW_AT_type(*$C$DW$T$20)
     623                      .dwattr $C$DW$T$21, DW_AT_language(DW_LANG_C)
     624                      .dwattr $C$DW$T$21, DW_AT_byte_size(0x6698)
     625              $C$DW$108       .dwtag  DW_TAG_subrange_type
     626                      .dwattr $C$DW$108, DW_AT_upper_bound(0x6697)
     627                      .dwendtag $C$DW$T$21
     628              
     629              $C$DW$T$12      .dwtag  DW_TAG_base_type
     630                      .dwattr $C$DW$T$12, DW_AT_encoding(DW_ATE_signed)
     631                      .dwattr $C$DW$T$12, DW_AT_name("long")
     632                      .dwattr $C$DW$T$12, DW_AT_byte_size(0x02)
     633              $C$DW$T$13      .dwtag  DW_TAG_base_type
     634                      .dwattr $C$DW$T$13, DW_AT_encoding(DW_ATE_unsigned)
     635                      .dwattr $C$DW$T$13, DW_AT_name("unsigned long")
     636                      .dwattr $C$DW$T$13, DW_AT_byte_size(0x02)
     637              $C$DW$T$33      .dwtag  DW_TAG_typedef, DW_AT_name("size_t")
     638                      .dwattr $C$DW$T$33, DW_AT_type(*$C$DW$T$13)
     639                      .dwattr $C$DW$T$33, DW_AT_language(DW_LANG_C)
     640              $C$DW$109       .dwtag  DW_TAG_TI_far_type
     641                      .dwattr $C$DW$109, DW_AT_type(*$C$DW$T$33)
     642              $C$DW$T$34      .dwtag  DW_TAG_const_type
     643                      .dwattr $C$DW$T$34, DW_AT_type(*$C$DW$109)
     644              $C$DW$T$14      .dwtag  DW_TAG_base_type
     645                      .dwattr $C$DW$T$14, DW_AT_encoding(DW_ATE_signed)
     646                      .dwattr $C$DW$T$14, DW_AT_name("long long")
TMS320C2000 Assembler PC v6.4.4 Wed Jul 08 12:49:30 2015

Tools Copyright (c) 1996-2015 Texas Instruments Incorporated
C:\Users\grant\AppData\Local\Temp\0269610                            PAGE   13

     647                      .dwattr $C$DW$T$14, DW_AT_byte_size(0x04)
     648              $C$DW$T$15      .dwtag  DW_TAG_base_type
     649                      .dwattr $C$DW$T$15, DW_AT_encoding(DW_ATE_unsigned)
     650                      .dwattr $C$DW$T$15, DW_AT_name("unsigned long long")
     651                      .dwattr $C$DW$T$15, DW_AT_byte_size(0x04)
     652              $C$DW$T$16      .dwtag  DW_TAG_base_type
     653                      .dwattr $C$DW$T$16, DW_AT_encoding(DW_ATE_float)
     654                      .dwattr $C$DW$T$16, DW_AT_name("float")
     655                      .dwattr $C$DW$T$16, DW_AT_byte_size(0x02)
     656              $C$DW$T$17      .dwtag  DW_TAG_base_type
     657                      .dwattr $C$DW$T$17, DW_AT_encoding(DW_ATE_float)
     658                      .dwattr $C$DW$T$17, DW_AT_name("double")
     659                      .dwattr $C$DW$T$17, DW_AT_byte_size(0x02)
     660              $C$DW$T$18      .dwtag  DW_TAG_base_type
     661                      .dwattr $C$DW$T$18, DW_AT_encoding(DW_ATE_float)
     662                      .dwattr $C$DW$T$18, DW_AT_name("long double")
     663                      .dwattr $C$DW$T$18, DW_AT_byte_size(0x04)
     664                      .dwattr $C$DW$CU, DW_AT_language(DW_LANG_C)
     665              
     666              ;***************************************************************
     667              ;* DWARF CIE ENTRIES                                           *
     668              ;***************************************************************
     669              
     670              $C$DW$CIE       .dwcie 26
     671                      .dwcfi  cfa_register, 20
     672                      .dwcfi  cfa_offset, 0
     673                      .dwcfi  undefined, 0
     674                      .dwcfi  undefined, 1
     675                      .dwcfi  undefined, 2
     676                      .dwcfi  undefined, 3
     677                      .dwcfi  undefined, 20
     678                      .dwcfi  undefined, 21
     679                      .dwcfi  undefined, 22
     680                      .dwcfi  undefined, 23
     681                      .dwcfi  undefined, 24
     682                      .dwcfi  undefined, 25
     683                      .dwcfi  undefined, 26
     684                      .dwcfi  same_value, 28
     685                      .dwcfi  undefined, 29
     686                      .dwcfi  undefined, 30
     687                      .dwcfi  undefined, 31
     688                      .dwcfi  undefined, 32
     689                      .dwcfi  undefined, 33
     690                      .dwcfi  undefined, 34
     691                      .dwcfi  undefined, 35
     692                      .dwcfi  undefined, 36
     693                      .dwcfi  undefined, 37
     694                      .dwcfi  undefined, 38
     695                      .dwcfi  undefined, 75
     696                      .dwcfi  undefined, 76
     697                      .dwcfi  undefined, 77
     698                      .dwcfi  undefined, 4
     699                      .dwcfi  undefined, 5
     700                      .dwcfi  same_value, 6
     701                      .dwcfi  same_value, 7
TMS320C2000 Assembler PC v6.4.4 Wed Jul 08 12:49:30 2015

Tools Copyright (c) 1996-2015 Texas Instruments Incorporated
C:\Users\grant\AppData\Local\Temp\0269610                            PAGE   14

     702                      .dwcfi  same_value, 8
     703                      .dwcfi  same_value, 9
     704                      .dwcfi  same_value, 10
     705                      .dwcfi  same_value, 11
     706                      .dwcfi  undefined, 12
     707                      .dwcfi  undefined, 13
     708                      .dwcfi  undefined, 14
     709                      .dwcfi  undefined, 15
     710                      .dwcfi  undefined, 16
     711                      .dwcfi  undefined, 17
     712                      .dwcfi  undefined, 18
     713                      .dwcfi  undefined, 19
     714                      .dwendentry
     715              
     716              ;***************************************************************
     717              ;* DWARF REGISTER MAP                                          *
     718              ;***************************************************************
     719              
     720              $C$DW$110       .dwtag  DW_TAG_TI_assign_register, DW_AT_name("AL")
     721                      .dwattr $C$DW$110, DW_AT_location[DW_OP_reg0]
     722              $C$DW$111       .dwtag  DW_TAG_TI_assign_register, DW_AT_name("AH")
     723                      .dwattr $C$DW$111, DW_AT_location[DW_OP_reg1]
     724              $C$DW$112       .dwtag  DW_TAG_TI_assign_register, DW_AT_name("PL")
     725                      .dwattr $C$DW$112, DW_AT_location[DW_OP_reg2]
     726              $C$DW$113       .dwtag  DW_TAG_TI_assign_register, DW_AT_name("PH")
     727                      .dwattr $C$DW$113, DW_AT_location[DW_OP_reg3]
     728              $C$DW$114       .dwtag  DW_TAG_TI_assign_register, DW_AT_name("SP")
     729                      .dwattr $C$DW$114, DW_AT_location[DW_OP_reg20]
     730              $C$DW$115       .dwtag  DW_TAG_TI_assign_register, DW_AT_name("XT")
     731                      .dwattr $C$DW$115, DW_AT_location[DW_OP_reg21]
     732              $C$DW$116       .dwtag  DW_TAG_TI_assign_register, DW_AT_name("T")
     733                      .dwattr $C$DW$116, DW_AT_location[DW_OP_reg22]
     734              $C$DW$117       .dwtag  DW_TAG_TI_assign_register, DW_AT_name("ST0")
     735                      .dwattr $C$DW$117, DW_AT_location[DW_OP_reg23]
     736              $C$DW$118       .dwtag  DW_TAG_TI_assign_register, DW_AT_name("ST1")
     737                      .dwattr $C$DW$118, DW_AT_location[DW_OP_reg24]
     738              $C$DW$119       .dwtag  DW_TAG_TI_assign_register, DW_AT_name("PC")
     739                      .dwattr $C$DW$119, DW_AT_location[DW_OP_reg25]
     740              $C$DW$120       .dwtag  DW_TAG_TI_assign_register, DW_AT_name("RPC")
     741                      .dwattr $C$DW$120, DW_AT_location[DW_OP_reg26]
     742              $C$DW$121       .dwtag  DW_TAG_TI_assign_register, DW_AT_name("FP")
     743                      .dwattr $C$DW$121, DW_AT_location[DW_OP_reg28]
     744              $C$DW$122       .dwtag  DW_TAG_TI_assign_register, DW_AT_name("DP")
     745                      .dwattr $C$DW$122, DW_AT_location[DW_OP_reg29]
     746              $C$DW$123       .dwtag  DW_TAG_TI_assign_register, DW_AT_name("SXM")
     747                      .dwattr $C$DW$123, DW_AT_location[DW_OP_reg30]
     748              $C$DW$124       .dwtag  DW_TAG_TI_assign_register, DW_AT_name("PM")
     749                      .dwattr $C$DW$124, DW_AT_location[DW_OP_reg31]
     750              $C$DW$125       .dwtag  DW_TAG_TI_assign_register, DW_AT_name("OVM")
     751                      .dwattr $C$DW$125, DW_AT_location[DW_OP_regx 0x20]
     752              $C$DW$126       .dwtag  DW_TAG_TI_assign_register, DW_AT_name("PAGE0")
     753                      .dwattr $C$DW$126, DW_AT_location[DW_OP_regx 0x21]
     754              $C$DW$127       .dwtag  DW_TAG_TI_assign_register, DW_AT_name("AMODE")
     755                      .dwattr $C$DW$127, DW_AT_location[DW_OP_regx 0x22]
     756              $C$DW$128       .dwtag  DW_TAG_TI_assign_register, DW_AT_name("INTM")
TMS320C2000 Assembler PC v6.4.4 Wed Jul 08 12:49:30 2015

Tools Copyright (c) 1996-2015 Texas Instruments Incorporated
C:\Users\grant\AppData\Local\Temp\0269610                            PAGE   15

     757                      .dwattr $C$DW$128, DW_AT_location[DW_OP_regx 0x23]
     758              $C$DW$129       .dwtag  DW_TAG_TI_assign_register, DW_AT_name("IFR")
     759                      .dwattr $C$DW$129, DW_AT_location[DW_OP_regx 0x24]
     760              $C$DW$130       .dwtag  DW_TAG_TI_assign_register, DW_AT_name("IER")
     761                      .dwattr $C$DW$130, DW_AT_location[DW_OP_regx 0x25]
     762              $C$DW$131       .dwtag  DW_TAG_TI_assign_register, DW_AT_name("V")
     763                      .dwattr $C$DW$131, DW_AT_location[DW_OP_regx 0x26]
     764              $C$DW$132       .dwtag  DW_TAG_TI_assign_register, DW_AT_name("PSEUDOH")
     765                      .dwattr $C$DW$132, DW_AT_location[DW_OP_regx 0x4c]
     766              $C$DW$133       .dwtag  DW_TAG_TI_assign_register, DW_AT_name("VOL")
     767                      .dwattr $C$DW$133, DW_AT_location[DW_OP_regx 0x4d]
     768              $C$DW$134       .dwtag  DW_TAG_TI_assign_register, DW_AT_name("AR0")
     769                      .dwattr $C$DW$134, DW_AT_location[DW_OP_reg4]
     770              $C$DW$135       .dwtag  DW_TAG_TI_assign_register, DW_AT_name("XAR0")
     771                      .dwattr $C$DW$135, DW_AT_location[DW_OP_reg5]
     772              $C$DW$136       .dwtag  DW_TAG_TI_assign_register, DW_AT_name("AR1")
     773                      .dwattr $C$DW$136, DW_AT_location[DW_OP_reg6]
     774              $C$DW$137       .dwtag  DW_TAG_TI_assign_register, DW_AT_name("XAR1")
     775                      .dwattr $C$DW$137, DW_AT_location[DW_OP_reg7]
     776              $C$DW$138       .dwtag  DW_TAG_TI_assign_register, DW_AT_name("AR2")
     777                      .dwattr $C$DW$138, DW_AT_location[DW_OP_reg8]
     778              $C$DW$139       .dwtag  DW_TAG_TI_assign_register, DW_AT_name("XAR2")
     779                      .dwattr $C$DW$139, DW_AT_location[DW_OP_reg9]
     780              $C$DW$140       .dwtag  DW_TAG_TI_assign_register, DW_AT_name("AR3")
     781                      .dwattr $C$DW$140, DW_AT_location[DW_OP_reg10]
     782              $C$DW$141       .dwtag  DW_TAG_TI_assign_register, DW_AT_name("XAR3")
     783                      .dwattr $C$DW$141, DW_AT_location[DW_OP_reg11]
     784              $C$DW$142       .dwtag  DW_TAG_TI_assign_register, DW_AT_name("AR4")
     785                      .dwattr $C$DW$142, DW_AT_location[DW_OP_reg12]
     786              $C$DW$143       .dwtag  DW_TAG_TI_assign_register, DW_AT_name("XAR4")
     787                      .dwattr $C$DW$143, DW_AT_location[DW_OP_reg13]
     788              $C$DW$144       .dwtag  DW_TAG_TI_assign_register, DW_AT_name("AR5")
     789                      .dwattr $C$DW$144, DW_AT_location[DW_OP_reg14]
     790              $C$DW$145       .dwtag  DW_TAG_TI_assign_register, DW_AT_name("XAR5")
     791                      .dwattr $C$DW$145, DW_AT_location[DW_OP_reg15]
     792              $C$DW$146       .dwtag  DW_TAG_TI_assign_register, DW_AT_name("AR6")
     793                      .dwattr $C$DW$146, DW_AT_location[DW_OP_reg16]
     794              $C$DW$147       .dwtag  DW_TAG_TI_assign_register, DW_AT_name("XAR6")
     795                      .dwattr $C$DW$147, DW_AT_location[DW_OP_reg17]
     796              $C$DW$148       .dwtag  DW_TAG_TI_assign_register, DW_AT_name("AR7")
     797                      .dwattr $C$DW$148, DW_AT_location[DW_OP_reg18]
     798              $C$DW$149       .dwtag  DW_TAG_TI_assign_register, DW_AT_name("XAR7")
     799                      .dwattr $C$DW$149, DW_AT_location[DW_OP_reg19]
     800                      .dwendtag $C$DW$CU
     801              

No Assembly Errors, No Assembly Warnings
