TMS320C2000 Assembler PC v6.4.4 Wed Jul 08 12:49:31 2015

Tools Copyright (c) 1996-2015 Texas Instruments Incorporated
C:\Users\grant\AppData\Local\Temp\0310010                            PAGE    1

       1              ;***************************************************************
       2              ;* TMS320C2000 C/C++ Codegen                         PC v6.4.4 *
       3              ;* Date/Time created: Wed Jul 08 12:49:31 2015                 *
       4              ;***************************************************************
       5                      .compiler_opts --float_support=softlib --hll_source=on --mem_model:code=flat --mem_model:data=large -
       6        0002  FP      .set    XAR2
       7              
       8              $C$DW$CU        .dwtag  DW_TAG_compile_unit
       9                      .dwattr $C$DW$CU, DW_AT_name("C:/ti/motorware/motorware_1_01_00_14/sw/drivers/wdog/src/32b/f28x/f2806
      10                      .dwattr $C$DW$CU, DW_AT_producer("TI TMS320C2000 C/C++ Codegen PC v6.4.4 Copyright (c) 1996-2015 Texa
      11                      .dwattr $C$DW$CU, DW_AT_TI_version(0x01)
      12                      .dwattr $C$DW$CU, DW_AT_comp_dir("C:\work\ws_ccs_motorware\foc_proj_lab20\Release")
      13              ;       C:\ti\ccsv6\tools\compiler\ti-cgt-c2000_6.4.4\bin\opt2000.exe C:\\Users\\grant\\AppData\\Local\\Temp\
      14              ;       C:\ti\ccsv6\tools\compiler\ti-cgt-c2000_6.4.4\bin\ac2000.exe -@C:\\Users\\grant\\AppData\\Local\\Temp
      15 00000000               .sect   ".text"
      16                      .clink
      17                      .global _WDOG_setPreScaler
      18              
      19              $C$DW$1 .dwtag  DW_TAG_subprogram, DW_AT_name("WDOG_setPreScaler")
      20                      .dwattr $C$DW$1, DW_AT_low_pc(_WDOG_setPreScaler)
      21                      .dwattr $C$DW$1, DW_AT_high_pc(0x00)
      22                      .dwattr $C$DW$1, DW_AT_TI_symbol_name("_WDOG_setPreScaler")
      23                      .dwattr $C$DW$1, DW_AT_external
      24                      .dwattr $C$DW$1, DW_AT_TI_begin_file("C:/ti/motorware/motorware_1_01_00_14/sw/drivers/wdog/src/32b/f2
      25                      .dwattr $C$DW$1, DW_AT_TI_begin_line(0xdb)
      26                      .dwattr $C$DW$1, DW_AT_TI_begin_column(0x06)
      27                      .dwattr $C$DW$1, DW_AT_TI_max_frame_size(-2)
      28                      .dwpsn  file "C:/ti/motorware/motorware_1_01_00_14/sw/drivers/wdog/src/32b/f28x/f2806x/wdog.c",line 2
      29              
      30                      .dwfde $C$DW$CIE, _WDOG_setPreScaler
      31              $C$DW$2 .dwtag  DW_TAG_formal_parameter, DW_AT_name("wdogHandle")
      32                      .dwattr $C$DW$2, DW_AT_TI_symbol_name("_wdogHandle")
      33                      .dwattr $C$DW$2, DW_AT_type(*$C$DW$T$26)
      34                      .dwattr $C$DW$2, DW_AT_location[DW_OP_reg12]
      35              $C$DW$3 .dwtag  DW_TAG_formal_parameter, DW_AT_name("preScaler")
      36                      .dwattr $C$DW$3, DW_AT_TI_symbol_name("_preScaler")
      37                      .dwattr $C$DW$3, DW_AT_type(*$C$DW$T$31)
      38                      .dwattr $C$DW$3, DW_AT_location[DW_OP_reg0]
      39              
      40              ;***************************************************************
      41              ;* FNAME: _WDOG_setPreScaler            FR SIZE:   0           *
      42              ;*                                                             *
      43              ;* FUNCTION ENVIRONMENT                                        *
      44              ;*                                                             *
      45              ;* FUNCTION PROPERTIES                                         *
      46              ;*                            0 Parameter,  0 Auto,  0 SOE     *
      47              ;***************************************************************
      48              
      49              _WDOG_setPreScaler:
      50              ;* AR4   assigned to _wdogHandle
      51              $C$DW$4 .dwtag  DW_TAG_variable, DW_AT_name("wdogHandle")
      52                      .dwattr $C$DW$4, DW_AT_TI_symbol_name("_wdogHandle")
      53                      .dwattr $C$DW$4, DW_AT_type(*$C$DW$T$33)
      54                      .dwattr $C$DW$4, DW_AT_location[DW_OP_reg12]
      55              ;* AL    assigned to _preScaler
TMS320C2000 Assembler PC v6.4.4 Wed Jul 08 12:49:31 2015

Tools Copyright (c) 1996-2015 Texas Instruments Incorporated
C:\Users\grant\AppData\Local\Temp\0310010                            PAGE    2

      56              $C$DW$5 .dwtag  DW_TAG_variable, DW_AT_name("preScaler")
      57                      .dwattr $C$DW$5, DW_AT_TI_symbol_name("_preScaler")
      58                      .dwattr $C$DW$5, DW_AT_type(*$C$DW$T$31)
      59                      .dwattr $C$DW$5, DW_AT_location[DW_OP_reg0]
      60              ;* AH    assigned to _regValue
      61              $C$DW$6 .dwtag  DW_TAG_variable, DW_AT_name("regValue")
      62                      .dwattr $C$DW$6, DW_AT_TI_symbol_name("_regValue")
      63                      .dwattr $C$DW$6, DW_AT_type(*$C$DW$T$19)
      64                      .dwattr $C$DW$6, DW_AT_location[DW_OP_reg1]
      65                      .dwcfi  cfa_offset, -2
      66                      .dwcfi  save_reg_to_mem, 26, 0
      67                      .dwpsn  file "C:/ti/motorware/motorware_1_01_00_14/sw/drivers/wdog/src/32b/f28x/f2806x/wdog.c",line 2
      68 00000000 93FC          MOV       AH,*+XAR4[7]          ; [CPU_] |222| 
      69                      .dwpsn  file "C:/ti/motorware/motorware_1_01_00_14/sw/drivers/wdog/src/32b/f28x/f2806x/wdog.c",line 2
      70 00000001 18A8          AND       AH,#0xfff8            ; [CPU_] |226| 
         00000002 FFF8 
      71 00000003 CBA9          OR        AH,AL                 ; [CPU_] |226| 
      72 00000004 7622   EALLOW
      73                      .dwpsn  file "C:/ti/motorware/motorware_1_01_00_14/sw/drivers/wdog/src/32b/f28x/f2806x/wdog.c",line 2
      74 00000005 5128          ORB       AH,#0x28              ; [CPU_] |234| 
      75 00000006 97FC          MOV       *+XAR4[7],AH          ; [CPU_] |234| 
      76 00000007 761A   EDIS
      77 00000008 FF69          SPM       #0                    ; [CPU_] 
      78              $C$DW$7 .dwtag  DW_TAG_TI_branch
      79                      .dwattr $C$DW$7, DW_AT_low_pc(0x00)
      80                      .dwattr $C$DW$7, DW_AT_TI_return
      81 00000009 0006          LRETR     ; [CPU_] 
      82                      ; return occurs ; [] 
      83                      .dwattr $C$DW$1, DW_AT_TI_end_file("C:/ti/motorware/motorware_1_01_00_14/sw/drivers/wdog/src/32b/f28x
      84                      .dwattr $C$DW$1, DW_AT_TI_end_line(0xef)
      85                      .dwattr $C$DW$1, DW_AT_TI_end_column(0x01)
      86                      .dwendentry
      87                      .dwendtag $C$DW$1
      88              
      89 0000000a               .sect   ".text"
      90                      .clink
      91                      .global _WDOG_setCount
      92              
      93              $C$DW$8 .dwtag  DW_TAG_subprogram, DW_AT_name("WDOG_setCount")
      94                      .dwattr $C$DW$8, DW_AT_low_pc(_WDOG_setCount)
      95                      .dwattr $C$DW$8, DW_AT_high_pc(0x00)
      96                      .dwattr $C$DW$8, DW_AT_TI_symbol_name("_WDOG_setCount")
      97                      .dwattr $C$DW$8, DW_AT_external
      98                      .dwattr $C$DW$8, DW_AT_TI_begin_file("C:/ti/motorware/motorware_1_01_00_14/sw/drivers/wdog/src/32b/f2
      99                      .dwattr $C$DW$8, DW_AT_TI_begin_line(0xcf)
     100                      .dwattr $C$DW$8, DW_AT_TI_begin_column(0x06)
     101                      .dwattr $C$DW$8, DW_AT_TI_max_frame_size(-2)
     102                      .dwpsn  file "C:/ti/motorware/motorware_1_01_00_14/sw/drivers/wdog/src/32b/f28x/f2806x/wdog.c",line 2
     103              
     104                      .dwfde $C$DW$CIE, _WDOG_setCount
     105              $C$DW$9 .dwtag  DW_TAG_formal_parameter, DW_AT_name("wdogHandle")
     106                      .dwattr $C$DW$9, DW_AT_TI_symbol_name("_wdogHandle")
     107                      .dwattr $C$DW$9, DW_AT_type(*$C$DW$T$26)
     108                      .dwattr $C$DW$9, DW_AT_location[DW_OP_reg12]
     109              $C$DW$10        .dwtag  DW_TAG_formal_parameter, DW_AT_name("count")
TMS320C2000 Assembler PC v6.4.4 Wed Jul 08 12:49:31 2015

Tools Copyright (c) 1996-2015 Texas Instruments Incorporated
C:\Users\grant\AppData\Local\Temp\0310010                            PAGE    3

     110                      .dwattr $C$DW$10, DW_AT_TI_symbol_name("_count")
     111                      .dwattr $C$DW$10, DW_AT_type(*$C$DW$T$42)
     112                      .dwattr $C$DW$10, DW_AT_location[DW_OP_reg0]
     113              
     114              ;***************************************************************
     115              ;* FNAME: _WDOG_setCount                FR SIZE:   0           *
     116              ;*                                                             *
     117              ;* FUNCTION ENVIRONMENT                                        *
     118              ;*                                                             *
     119              ;* FUNCTION PROPERTIES                                         *
     120              ;*                            0 Parameter,  0 Auto,  0 SOE     *
     121              ;***************************************************************
     122              
     123              _WDOG_setCount:
     124              ;* AR4   assigned to _wdogHandle
     125              $C$DW$11        .dwtag  DW_TAG_variable, DW_AT_name("wdogHandle")
     126                      .dwattr $C$DW$11, DW_AT_TI_symbol_name("_wdogHandle")
     127                      .dwattr $C$DW$11, DW_AT_type(*$C$DW$T$33)
     128                      .dwattr $C$DW$11, DW_AT_location[DW_OP_reg12]
     129              ;* AL    assigned to _count
     130              $C$DW$12        .dwtag  DW_TAG_variable, DW_AT_name("count")
     131                      .dwattr $C$DW$12, DW_AT_TI_symbol_name("_count")
     132                      .dwattr $C$DW$12, DW_AT_type(*$C$DW$T$42)
     133                      .dwattr $C$DW$12, DW_AT_location[DW_OP_reg0]
     134                      .dwcfi  cfa_offset, -2
     135                      .dwcfi  save_reg_to_mem, 26, 0
     136                      .dwpsn  file "C:/ti/motorware/motorware_1_01_00_14/sw/drivers/wdog/src/32b/f28x/f2806x/wdog.c",line 2
     137 0000000a 96CC          MOV       *+XAR4[1],AL          ; [CPU_] |213| 
     138              $C$DW$13        .dwtag  DW_TAG_TI_branch
     139                      .dwattr $C$DW$13, DW_AT_low_pc(0x00)
     140                      .dwattr $C$DW$13, DW_AT_TI_return
     141 0000000b 0006          LRETR     ; [CPU_] 
     142                      ; return occurs ; [] 
     143                      .dwattr $C$DW$8, DW_AT_TI_end_file("C:/ti/motorware/motorware_1_01_00_14/sw/drivers/wdog/src/32b/f28x
     144                      .dwattr $C$DW$8, DW_AT_TI_end_line(0xd8)
     145                      .dwattr $C$DW$8, DW_AT_TI_end_column(0x01)
     146                      .dwendentry
     147                      .dwendtag $C$DW$8
     148              
     149 0000000c               .sect   ".text"
     150                      .clink
     151                      .global _WDOG_init
     152              
     153              $C$DW$14        .dwtag  DW_TAG_subprogram, DW_AT_name("WDOG_init")
     154                      .dwattr $C$DW$14, DW_AT_low_pc(_WDOG_init)
     155                      .dwattr $C$DW$14, DW_AT_high_pc(0x00)
     156                      .dwattr $C$DW$14, DW_AT_TI_symbol_name("_WDOG_init")
     157                      .dwattr $C$DW$14, DW_AT_external
     158                      .dwattr $C$DW$14, DW_AT_type(*$C$DW$T$26)
     159                      .dwattr $C$DW$14, DW_AT_TI_begin_file("C:/ti/motorware/motorware_1_01_00_14/sw/drivers/wdog/src/32b/f
     160                      .dwattr $C$DW$14, DW_AT_TI_begin_line(0xc0)
     161                      .dwattr $C$DW$14, DW_AT_TI_begin_column(0x0d)
     162                      .dwattr $C$DW$14, DW_AT_TI_max_frame_size(-2)
     163                      .dwpsn  file "C:/ti/motorware/motorware_1_01_00_14/sw/drivers/wdog/src/32b/f28x/f2806x/wdog.c",line 1
     164              
TMS320C2000 Assembler PC v6.4.4 Wed Jul 08 12:49:31 2015

Tools Copyright (c) 1996-2015 Texas Instruments Incorporated
C:\Users\grant\AppData\Local\Temp\0310010                            PAGE    4

     165                      .dwfde $C$DW$CIE, _WDOG_init
     166              $C$DW$15        .dwtag  DW_TAG_formal_parameter, DW_AT_name("pMemory")
     167                      .dwattr $C$DW$15, DW_AT_TI_symbol_name("_pMemory")
     168                      .dwattr $C$DW$15, DW_AT_type(*$C$DW$T$3)
     169                      .dwattr $C$DW$15, DW_AT_location[DW_OP_reg12]
     170              $C$DW$16        .dwtag  DW_TAG_formal_parameter, DW_AT_name("numBytes")
     171                      .dwattr $C$DW$16, DW_AT_TI_symbol_name("_numBytes")
     172                      .dwattr $C$DW$16, DW_AT_type(*$C$DW$T$35)
     173                      .dwattr $C$DW$16, DW_AT_location[DW_OP_reg0]
     174              
     175              ;***************************************************************
     176              ;* FNAME: _WDOG_init                    FR SIZE:   0           *
     177              ;*                                                             *
     178              ;* FUNCTION ENVIRONMENT                                        *
     179              ;*                                                             *
     180              ;* FUNCTION PROPERTIES                                         *
     181              ;*                            0 Parameter,  0 Auto,  0 SOE     *
     182              ;***************************************************************
     183              
     184              _WDOG_init:
     185              ;* AR6   assigned to _numBytes
     186              $C$DW$17        .dwtag  DW_TAG_variable, DW_AT_name("numBytes")
     187                      .dwattr $C$DW$17, DW_AT_TI_symbol_name("_numBytes")
     188                      .dwattr $C$DW$17, DW_AT_type(*$C$DW$T$35)
     189                      .dwattr $C$DW$17, DW_AT_location[DW_OP_reg16]
     190                      .dwcfi  cfa_offset, -2
     191                      .dwcfi  save_reg_to_mem, 26, 0
     192 0000000c 1EA6          MOVL      XAR6,ACC              ; [CPU_] |193| 
     193                      .dwpsn  file "C:/ti/motorware/motorware_1_01_00_14/sw/drivers/wdog/src/32b/f28x/f2806x/wdog.c",line 1
     194 0000000d 0208          MOVB      ACC,#8                ; [CPU_] |198| 
     195 0000000e 0FA6          CMPL      ACC,XAR6              ; [CPU_] |198| 
     196 0000000f 56C9          BF        $C$L1,LOS             ; [CPU_] |198| 
         00000010 0003 
     197                      ; branchcc occurs ; [] |198| 
     198 00000011 D400          MOVB      XAR4,#0               ; [CPU_] |198| 
     199              $C$L1:    
     200              $C$DW$18        .dwtag  DW_TAG_TI_branch
     201                      .dwattr $C$DW$18, DW_AT_low_pc(0x00)
     202                      .dwattr $C$DW$18, DW_AT_TI_return
     203 00000012 0006          LRETR     ; [CPU_] 
     204                      ; return occurs ; [] 
     205                      .dwattr $C$DW$14, DW_AT_TI_end_file("C:/ti/motorware/motorware_1_01_00_14/sw/drivers/wdog/src/32b/f28
     206                      .dwattr $C$DW$14, DW_AT_TI_end_line(0xcc)
     207                      .dwattr $C$DW$14, DW_AT_TI_end_column(0x01)
     208                      .dwendentry
     209                      .dwendtag $C$DW$14
     210              
     211 00000013               .sect   ".text"
     212                      .clink
     213                      .global _WDOG_getIntStatus
     214              
     215              $C$DW$19        .dwtag  DW_TAG_subprogram, DW_AT_name("WDOG_getIntStatus")
     216                      .dwattr $C$DW$19, DW_AT_low_pc(_WDOG_getIntStatus)
     217                      .dwattr $C$DW$19, DW_AT_high_pc(0x00)
     218                      .dwattr $C$DW$19, DW_AT_TI_symbol_name("_WDOG_getIntStatus")
TMS320C2000 Assembler PC v6.4.4 Wed Jul 08 12:49:31 2015

Tools Copyright (c) 1996-2015 Texas Instruments Incorporated
C:\Users\grant\AppData\Local\Temp\0310010                            PAGE    5

     219                      .dwattr $C$DW$19, DW_AT_external
     220                      .dwattr $C$DW$19, DW_AT_type(*$C$DW$T$24)
     221                      .dwattr $C$DW$19, DW_AT_TI_begin_file("C:/ti/motorware/motorware_1_01_00_14/sw/drivers/wdog/src/32b/f
     222                      .dwattr $C$DW$19, DW_AT_TI_begin_line(0xb4)
     223                      .dwattr $C$DW$19, DW_AT_TI_begin_column(0x12)
     224                      .dwattr $C$DW$19, DW_AT_TI_max_frame_size(-2)
     225                      .dwpsn  file "C:/ti/motorware/motorware_1_01_00_14/sw/drivers/wdog/src/32b/f28x/f2806x/wdog.c",line 1
     226              
     227                      .dwfde $C$DW$CIE, _WDOG_getIntStatus
     228              $C$DW$20        .dwtag  DW_TAG_formal_parameter, DW_AT_name("wdogHandle")
     229                      .dwattr $C$DW$20, DW_AT_TI_symbol_name("_wdogHandle")
     230                      .dwattr $C$DW$20, DW_AT_type(*$C$DW$T$26)
     231                      .dwattr $C$DW$20, DW_AT_location[DW_OP_reg12]
     232              
     233              ;***************************************************************
     234              ;* FNAME: _WDOG_getIntStatus            FR SIZE:   0           *
     235              ;*                                                             *
     236              ;* FUNCTION ENVIRONMENT                                        *
     237              ;*                                                             *
     238              ;* FUNCTION PROPERTIES                                         *
     239              ;*                            0 Parameter,  0 Auto,  0 SOE     *
     240              ;***************************************************************
     241              
     242              _WDOG_getIntStatus:
     243              ;* AR4   assigned to _wdogHandle
     244              $C$DW$21        .dwtag  DW_TAG_variable, DW_AT_name("wdogHandle")
     245                      .dwattr $C$DW$21, DW_AT_TI_symbol_name("_wdogHandle")
     246                      .dwattr $C$DW$21, DW_AT_type(*$C$DW$T$33)
     247                      .dwattr $C$DW$21, DW_AT_location[DW_OP_reg12]
     248              ;* AL    assigned to _status
     249              $C$DW$22        .dwtag  DW_TAG_variable, DW_AT_name("status")
     250                      .dwattr $C$DW$22, DW_AT_TI_symbol_name("_status")
     251                      .dwattr $C$DW$22, DW_AT_type(*$C$DW$T$24)
     252                      .dwattr $C$DW$22, DW_AT_location[DW_OP_reg0]
     253                      .dwcfi  cfa_offset, -2
     254                      .dwcfi  save_reg_to_mem, 26, 0
     255                      .dwpsn  file "C:/ti/motorware/motorware_1_01_00_14/sw/drivers/wdog/src/32b/f28x/f2806x/wdog.c",line 1
     256 00000013 CCC4          AND       AL,*+XAR4[0],#0x0004  ; [CPU_] |185| 
         00000014 0004 
     257              $C$DW$23        .dwtag  DW_TAG_TI_branch
     258                      .dwattr $C$DW$23, DW_AT_low_pc(0x00)
     259                      .dwattr $C$DW$23, DW_AT_TI_return
     260 00000015 0006          LRETR     ; [CPU_] 
     261                      ; return occurs ; [] 
     262                      .dwattr $C$DW$19, DW_AT_TI_end_file("C:/ti/motorware/motorware_1_01_00_14/sw/drivers/wdog/src/32b/f28
     263                      .dwattr $C$DW$19, DW_AT_TI_end_line(0xbd)
     264                      .dwattr $C$DW$19, DW_AT_TI_end_column(0x01)
     265                      .dwendentry
     266                      .dwendtag $C$DW$19
     267              
     268 00000016               .sect   ".text"
     269                      .clink
     270                      .global _WDOG_enableOverRide
     271              
     272              $C$DW$24        .dwtag  DW_TAG_subprogram, DW_AT_name("WDOG_enableOverRide")
TMS320C2000 Assembler PC v6.4.4 Wed Jul 08 12:49:31 2015

Tools Copyright (c) 1996-2015 Texas Instruments Incorporated
C:\Users\grant\AppData\Local\Temp\0310010                            PAGE    6

     273                      .dwattr $C$DW$24, DW_AT_low_pc(_WDOG_enableOverRide)
     274                      .dwattr $C$DW$24, DW_AT_high_pc(0x00)
     275                      .dwattr $C$DW$24, DW_AT_TI_symbol_name("_WDOG_enableOverRide")
     276                      .dwattr $C$DW$24, DW_AT_external
     277                      .dwattr $C$DW$24, DW_AT_TI_begin_file("C:/ti/motorware/motorware_1_01_00_14/sw/drivers/wdog/src/32b/f
     278                      .dwattr $C$DW$24, DW_AT_TI_begin_line(0xa4)
     279                      .dwattr $C$DW$24, DW_AT_TI_begin_column(0x06)
     280                      .dwattr $C$DW$24, DW_AT_TI_max_frame_size(-2)
     281                      .dwpsn  file "C:/ti/motorware/motorware_1_01_00_14/sw/drivers/wdog/src/32b/f28x/f2806x/wdog.c",line 1
     282              
     283                      .dwfde $C$DW$CIE, _WDOG_enableOverRide
     284              $C$DW$25        .dwtag  DW_TAG_formal_parameter, DW_AT_name("wdogHandle")
     285                      .dwattr $C$DW$25, DW_AT_TI_symbol_name("_wdogHandle")
     286                      .dwattr $C$DW$25, DW_AT_type(*$C$DW$T$26)
     287                      .dwattr $C$DW$25, DW_AT_location[DW_OP_reg12]
     288              
     289              ;***************************************************************
     290              ;* FNAME: _WDOG_enableOverRide          FR SIZE:   0           *
     291              ;*                                                             *
     292              ;* FUNCTION ENVIRONMENT                                        *
     293              ;*                                                             *
     294              ;* FUNCTION PROPERTIES                                         *
     295              ;*                            0 Parameter,  0 Auto,  0 SOE     *
     296              ;***************************************************************
     297              
     298              _WDOG_enableOverRide:
     299              ;* AR4   assigned to _wdogHandle
     300              $C$DW$26        .dwtag  DW_TAG_variable, DW_AT_name("wdogHandle")
     301                      .dwattr $C$DW$26, DW_AT_TI_symbol_name("_wdogHandle")
     302                      .dwattr $C$DW$26, DW_AT_type(*$C$DW$T$33)
     303                      .dwattr $C$DW$26, DW_AT_location[DW_OP_reg12]
     304                      .dwcfi  cfa_offset, -2
     305                      .dwcfi  save_reg_to_mem, 26, 0
     306 00000016 7622   EALLOW
     307                      .dwpsn  file "C:/ti/motorware/motorware_1_01_00_14/sw/drivers/wdog/src/32b/f28x/f2806x/wdog.c",line 1
     308 00000017 1AC4          OR        *+XAR4[0],#0x0001     ; [CPU_] |172| 
         00000018 0001 
     309 00000019 761A   EDIS
     310 0000001a FF69          SPM       #0                    ; [CPU_] 
     311              $C$DW$27        .dwtag  DW_TAG_TI_branch
     312                      .dwattr $C$DW$27, DW_AT_low_pc(0x00)
     313                      .dwattr $C$DW$27, DW_AT_TI_return
     314 0000001b 0006          LRETR     ; [CPU_] 
     315                      ; return occurs ; [] 
     316                      .dwattr $C$DW$24, DW_AT_TI_end_file("C:/ti/motorware/motorware_1_01_00_14/sw/drivers/wdog/src/32b/f28
     317                      .dwattr $C$DW$24, DW_AT_TI_end_line(0xb1)
     318                      .dwattr $C$DW$24, DW_AT_TI_end_column(0x01)
     319                      .dwendentry
     320                      .dwendtag $C$DW$24
     321              
     322 0000001c               .sect   ".text"
     323                      .clink
     324                      .global _WDOG_enableInt
     325              
     326              $C$DW$28        .dwtag  DW_TAG_subprogram, DW_AT_name("WDOG_enableInt")
TMS320C2000 Assembler PC v6.4.4 Wed Jul 08 12:49:31 2015

Tools Copyright (c) 1996-2015 Texas Instruments Incorporated
C:\Users\grant\AppData\Local\Temp\0310010                            PAGE    7

     327                      .dwattr $C$DW$28, DW_AT_low_pc(_WDOG_enableInt)
     328                      .dwattr $C$DW$28, DW_AT_high_pc(0x00)
     329                      .dwattr $C$DW$28, DW_AT_TI_symbol_name("_WDOG_enableInt")
     330                      .dwattr $C$DW$28, DW_AT_external
     331                      .dwattr $C$DW$28, DW_AT_TI_begin_file("C:/ti/motorware/motorware_1_01_00_14/sw/drivers/wdog/src/32b/f
     332                      .dwattr $C$DW$28, DW_AT_TI_begin_line(0x94)
     333                      .dwattr $C$DW$28, DW_AT_TI_begin_column(0x06)
     334                      .dwattr $C$DW$28, DW_AT_TI_max_frame_size(-2)
     335                      .dwpsn  file "C:/ti/motorware/motorware_1_01_00_14/sw/drivers/wdog/src/32b/f28x/f2806x/wdog.c",line 1
     336              
     337                      .dwfde $C$DW$CIE, _WDOG_enableInt
     338              $C$DW$29        .dwtag  DW_TAG_formal_parameter, DW_AT_name("wdogHandle")
     339                      .dwattr $C$DW$29, DW_AT_TI_symbol_name("_wdogHandle")
     340                      .dwattr $C$DW$29, DW_AT_type(*$C$DW$T$26)
     341                      .dwattr $C$DW$29, DW_AT_location[DW_OP_reg12]
     342              
     343              ;***************************************************************
     344              ;* FNAME: _WDOG_enableInt               FR SIZE:   0           *
     345              ;*                                                             *
     346              ;* FUNCTION ENVIRONMENT                                        *
     347              ;*                                                             *
     348              ;* FUNCTION PROPERTIES                                         *
     349              ;*                            0 Parameter,  0 Auto,  0 SOE     *
     350              ;***************************************************************
     351              
     352              _WDOG_enableInt:
     353              ;* AR4   assigned to _wdogHandle
     354              $C$DW$30        .dwtag  DW_TAG_variable, DW_AT_name("wdogHandle")
     355                      .dwattr $C$DW$30, DW_AT_TI_symbol_name("_wdogHandle")
     356                      .dwattr $C$DW$30, DW_AT_type(*$C$DW$T$33)
     357                      .dwattr $C$DW$30, DW_AT_location[DW_OP_reg12]
     358                      .dwcfi  cfa_offset, -2
     359                      .dwcfi  save_reg_to_mem, 26, 0
     360 0000001c 7622   EALLOW
     361                      .dwpsn  file "C:/ti/motorware/motorware_1_01_00_14/sw/drivers/wdog/src/32b/f28x/f2806x/wdog.c",line 1
     362 0000001d 1AC4          OR        *+XAR4[0],#0x0002     ; [CPU_] |156| 
         0000001e 0002 
     363 0000001f 761A   EDIS
     364 00000020 FF69          SPM       #0                    ; [CPU_] 
     365              $C$DW$31        .dwtag  DW_TAG_TI_branch
     366                      .dwattr $C$DW$31, DW_AT_low_pc(0x00)
     367                      .dwattr $C$DW$31, DW_AT_TI_return
     368 00000021 0006          LRETR     ; [CPU_] 
     369                      ; return occurs ; [] 
     370                      .dwattr $C$DW$28, DW_AT_TI_end_file("C:/ti/motorware/motorware_1_01_00_14/sw/drivers/wdog/src/32b/f28
     371                      .dwattr $C$DW$28, DW_AT_TI_end_line(0xa1)
     372                      .dwattr $C$DW$28, DW_AT_TI_end_column(0x01)
     373                      .dwendentry
     374                      .dwendtag $C$DW$28
     375              
     376 00000022               .sect   ".text"
     377                      .clink
     378                      .global _WDOG_enable
     379              
     380              $C$DW$32        .dwtag  DW_TAG_subprogram, DW_AT_name("WDOG_enable")
TMS320C2000 Assembler PC v6.4.4 Wed Jul 08 12:49:31 2015

Tools Copyright (c) 1996-2015 Texas Instruments Incorporated
C:\Users\grant\AppData\Local\Temp\0310010                            PAGE    8

     381                      .dwattr $C$DW$32, DW_AT_low_pc(_WDOG_enable)
     382                      .dwattr $C$DW$32, DW_AT_high_pc(0x00)
     383                      .dwattr $C$DW$32, DW_AT_TI_symbol_name("_WDOG_enable")
     384                      .dwattr $C$DW$32, DW_AT_external
     385                      .dwattr $C$DW$32, DW_AT_TI_begin_file("C:/ti/motorware/motorware_1_01_00_14/sw/drivers/wdog/src/32b/f
     386                      .dwattr $C$DW$32, DW_AT_TI_begin_line(0x80)
     387                      .dwattr $C$DW$32, DW_AT_TI_begin_column(0x06)
     388                      .dwattr $C$DW$32, DW_AT_TI_max_frame_size(-2)
     389                      .dwpsn  file "C:/ti/motorware/motorware_1_01_00_14/sw/drivers/wdog/src/32b/f28x/f2806x/wdog.c",line 1
     390              
     391                      .dwfde $C$DW$CIE, _WDOG_enable
     392              $C$DW$33        .dwtag  DW_TAG_formal_parameter, DW_AT_name("wdogHandle")
     393                      .dwattr $C$DW$33, DW_AT_TI_symbol_name("_wdogHandle")
     394                      .dwattr $C$DW$33, DW_AT_type(*$C$DW$T$26)
     395                      .dwattr $C$DW$33, DW_AT_location[DW_OP_reg12]
     396              
     397              ;***************************************************************
     398              ;* FNAME: _WDOG_enable                  FR SIZE:   0           *
     399              ;*                                                             *
     400              ;* FUNCTION ENVIRONMENT                                        *
     401              ;*                                                             *
     402              ;* FUNCTION PROPERTIES                                         *
     403              ;*                            0 Parameter,  0 Auto,  0 SOE     *
     404              ;***************************************************************
     405              
     406              _WDOG_enable:
     407              ;* AR4   assigned to _wdogHandle
     408              $C$DW$34        .dwtag  DW_TAG_variable, DW_AT_name("wdogHandle")
     409                      .dwattr $C$DW$34, DW_AT_TI_symbol_name("_wdogHandle")
     410                      .dwattr $C$DW$34, DW_AT_type(*$C$DW$T$33)
     411                      .dwattr $C$DW$34, DW_AT_location[DW_OP_reg12]
     412              ;* AL    assigned to _regValue
     413              $C$DW$35        .dwtag  DW_TAG_variable, DW_AT_name("regValue")
     414                      .dwattr $C$DW$35, DW_AT_TI_symbol_name("_regValue")
     415                      .dwattr $C$DW$35, DW_AT_type(*$C$DW$T$19)
     416                      .dwattr $C$DW$35, DW_AT_location[DW_OP_reg0]
     417                      .dwcfi  cfa_offset, -2
     418                      .dwcfi  save_reg_to_mem, 26, 0
     419                      .dwpsn  file "C:/ti/motorware/motorware_1_01_00_14/sw/drivers/wdog/src/32b/f28x/f2806x/wdog.c",line 1
     420 00000022 92FC          MOV       AL,*+XAR4[7]          ; [CPU_] |131| 
     421 00000023 7622   EALLOW
     422                      .dwpsn  file "C:/ti/motorware/motorware_1_01_00_14/sw/drivers/wdog/src/32b/f28x/f2806x/wdog.c",line 1
     423 00000024 18A9          AND       AL,#0xffbf            ; [CPU_] |140| 
         00000025 FFBF 
     424 00000026 5028          ORB       AL,#0x28              ; [CPU_] |140| 
     425 00000027 96FC          MOV       *+XAR4[7],AL          ; [CPU_] |140| 
     426 00000028 761A   EDIS
     427 00000029 FF69          SPM       #0                    ; [CPU_] 
     428              $C$DW$36        .dwtag  DW_TAG_TI_branch
     429                      .dwattr $C$DW$36, DW_AT_low_pc(0x00)
     430                      .dwattr $C$DW$36, DW_AT_TI_return
     431 0000002a 0006          LRETR     ; [CPU_] 
     432                      ; return occurs ; [] 
     433                      .dwattr $C$DW$32, DW_AT_TI_end_file("C:/ti/motorware/motorware_1_01_00_14/sw/drivers/wdog/src/32b/f28
     434                      .dwattr $C$DW$32, DW_AT_TI_end_line(0x91)
TMS320C2000 Assembler PC v6.4.4 Wed Jul 08 12:49:31 2015

Tools Copyright (c) 1996-2015 Texas Instruments Incorporated
C:\Users\grant\AppData\Local\Temp\0310010                            PAGE    9

     435                      .dwattr $C$DW$32, DW_AT_TI_end_column(0x01)
     436                      .dwendentry
     437                      .dwendtag $C$DW$32
     438              
     439 0000002b               .sect   ".text"
     440                      .clink
     441                      .global _WDOG_disableOverRide
     442              
     443              $C$DW$37        .dwtag  DW_TAG_subprogram, DW_AT_name("WDOG_disableOverRide")
     444                      .dwattr $C$DW$37, DW_AT_low_pc(_WDOG_disableOverRide)
     445                      .dwattr $C$DW$37, DW_AT_high_pc(0x00)
     446                      .dwattr $C$DW$37, DW_AT_TI_symbol_name("_WDOG_disableOverRide")
     447                      .dwattr $C$DW$37, DW_AT_external
     448                      .dwattr $C$DW$37, DW_AT_TI_begin_file("C:/ti/motorware/motorware_1_01_00_14/sw/drivers/wdog/src/32b/f
     449                      .dwattr $C$DW$37, DW_AT_TI_begin_line(0x70)
     450                      .dwattr $C$DW$37, DW_AT_TI_begin_column(0x06)
     451                      .dwattr $C$DW$37, DW_AT_TI_max_frame_size(-2)
     452                      .dwpsn  file "C:/ti/motorware/motorware_1_01_00_14/sw/drivers/wdog/src/32b/f28x/f2806x/wdog.c",line 1
     453              
     454                      .dwfde $C$DW$CIE, _WDOG_disableOverRide
     455              $C$DW$38        .dwtag  DW_TAG_formal_parameter, DW_AT_name("wdogHandle")
     456                      .dwattr $C$DW$38, DW_AT_TI_symbol_name("_wdogHandle")
     457                      .dwattr $C$DW$38, DW_AT_type(*$C$DW$T$26)
     458                      .dwattr $C$DW$38, DW_AT_location[DW_OP_reg12]
     459              
     460              ;***************************************************************
     461              ;* FNAME: _WDOG_disableOverRide         FR SIZE:   0           *
     462              ;*                                                             *
     463              ;* FUNCTION ENVIRONMENT                                        *
     464              ;*                                                             *
     465              ;* FUNCTION PROPERTIES                                         *
     466              ;*                            0 Parameter,  0 Auto,  0 SOE     *
     467              ;***************************************************************
     468              
     469              _WDOG_disableOverRide:
     470              ;* AR4   assigned to _wdogHandle
     471              $C$DW$39        .dwtag  DW_TAG_variable, DW_AT_name("wdogHandle")
     472                      .dwattr $C$DW$39, DW_AT_TI_symbol_name("_wdogHandle")
     473                      .dwattr $C$DW$39, DW_AT_type(*$C$DW$T$33)
     474                      .dwattr $C$DW$39, DW_AT_location[DW_OP_reg12]
     475                      .dwcfi  cfa_offset, -2
     476                      .dwcfi  save_reg_to_mem, 26, 0
     477 0000002b 7622   EALLOW
     478                      .dwpsn  file "C:/ti/motorware/motorware_1_01_00_14/sw/drivers/wdog/src/32b/f28x/f2806x/wdog.c",line 1
     479 0000002c 18C4          AND       *+XAR4[0],#0xfffe     ; [CPU_] |120| 
         0000002d FFFE 
     480 0000002e 761A   EDIS
     481 0000002f FF69          SPM       #0                    ; [CPU_] 
     482              $C$DW$40        .dwtag  DW_TAG_TI_branch
     483                      .dwattr $C$DW$40, DW_AT_low_pc(0x00)
     484                      .dwattr $C$DW$40, DW_AT_TI_return
     485 00000030 0006          LRETR     ; [CPU_] 
     486                      ; return occurs ; [] 
     487                      .dwattr $C$DW$37, DW_AT_TI_end_file("C:/ti/motorware/motorware_1_01_00_14/sw/drivers/wdog/src/32b/f28
     488                      .dwattr $C$DW$37, DW_AT_TI_end_line(0x7d)
TMS320C2000 Assembler PC v6.4.4 Wed Jul 08 12:49:31 2015

Tools Copyright (c) 1996-2015 Texas Instruments Incorporated
C:\Users\grant\AppData\Local\Temp\0310010                            PAGE   10

     489                      .dwattr $C$DW$37, DW_AT_TI_end_column(0x01)
     490                      .dwendentry
     491                      .dwendtag $C$DW$37
     492              
     493 00000031               .sect   ".text"
     494                      .clink
     495                      .global _WDOG_disableInt
     496              
     497              $C$DW$41        .dwtag  DW_TAG_subprogram, DW_AT_name("WDOG_disableInt")
     498                      .dwattr $C$DW$41, DW_AT_low_pc(_WDOG_disableInt)
     499                      .dwattr $C$DW$41, DW_AT_high_pc(0x00)
     500                      .dwattr $C$DW$41, DW_AT_TI_symbol_name("_WDOG_disableInt")
     501                      .dwattr $C$DW$41, DW_AT_external
     502                      .dwattr $C$DW$41, DW_AT_TI_begin_file("C:/ti/motorware/motorware_1_01_00_14/sw/drivers/wdog/src/32b/f
     503                      .dwattr $C$DW$41, DW_AT_TI_begin_line(0x60)
     504                      .dwattr $C$DW$41, DW_AT_TI_begin_column(0x06)
     505                      .dwattr $C$DW$41, DW_AT_TI_max_frame_size(-2)
     506                      .dwpsn  file "C:/ti/motorware/motorware_1_01_00_14/sw/drivers/wdog/src/32b/f28x/f2806x/wdog.c",line 9
     507              
     508                      .dwfde $C$DW$CIE, _WDOG_disableInt
     509              $C$DW$42        .dwtag  DW_TAG_formal_parameter, DW_AT_name("wdogHandle")
     510                      .dwattr $C$DW$42, DW_AT_TI_symbol_name("_wdogHandle")
     511                      .dwattr $C$DW$42, DW_AT_type(*$C$DW$T$26)
     512                      .dwattr $C$DW$42, DW_AT_location[DW_OP_reg12]
     513              
     514              ;***************************************************************
     515              ;* FNAME: _WDOG_disableInt              FR SIZE:   0           *
     516              ;*                                                             *
     517              ;* FUNCTION ENVIRONMENT                                        *
     518              ;*                                                             *
     519              ;* FUNCTION PROPERTIES                                         *
     520              ;*                            0 Parameter,  0 Auto,  0 SOE     *
     521              ;***************************************************************
     522              
     523              _WDOG_disableInt:
     524              ;* AR4   assigned to _wdogHandle
     525              $C$DW$43        .dwtag  DW_TAG_variable, DW_AT_name("wdogHandle")
     526                      .dwattr $C$DW$43, DW_AT_TI_symbol_name("_wdogHandle")
     527                      .dwattr $C$DW$43, DW_AT_type(*$C$DW$T$33)
     528                      .dwattr $C$DW$43, DW_AT_location[DW_OP_reg12]
     529                      .dwcfi  cfa_offset, -2
     530                      .dwcfi  save_reg_to_mem, 26, 0
     531 00000031 7622   EALLOW
     532                      .dwpsn  file "C:/ti/motorware/motorware_1_01_00_14/sw/drivers/wdog/src/32b/f28x/f2806x/wdog.c",line 1
     533 00000032 18C4          AND       *+XAR4[0],#0xfffd     ; [CPU_] |104| 
         00000033 FFFD 
     534 00000034 761A   EDIS
     535 00000035 FF69          SPM       #0                    ; [CPU_] 
     536              $C$DW$44        .dwtag  DW_TAG_TI_branch
     537                      .dwattr $C$DW$44, DW_AT_low_pc(0x00)
     538                      .dwattr $C$DW$44, DW_AT_TI_return
     539 00000036 0006          LRETR     ; [CPU_] 
     540                      ; return occurs ; [] 
     541                      .dwattr $C$DW$41, DW_AT_TI_end_file("C:/ti/motorware/motorware_1_01_00_14/sw/drivers/wdog/src/32b/f28
     542                      .dwattr $C$DW$41, DW_AT_TI_end_line(0x6d)
TMS320C2000 Assembler PC v6.4.4 Wed Jul 08 12:49:31 2015

Tools Copyright (c) 1996-2015 Texas Instruments Incorporated
C:\Users\grant\AppData\Local\Temp\0310010                            PAGE   11

     543                      .dwattr $C$DW$41, DW_AT_TI_end_column(0x01)
     544                      .dwendentry
     545                      .dwendtag $C$DW$41
     546              
     547 00000037               .sect   ".text"
     548                      .clink
     549                      .global _WDOG_disable
     550              
     551              $C$DW$45        .dwtag  DW_TAG_subprogram, DW_AT_name("WDOG_disable")
     552                      .dwattr $C$DW$45, DW_AT_low_pc(_WDOG_disable)
     553                      .dwattr $C$DW$45, DW_AT_high_pc(0x00)
     554                      .dwattr $C$DW$45, DW_AT_TI_symbol_name("_WDOG_disable")
     555                      .dwattr $C$DW$45, DW_AT_external
     556                      .dwattr $C$DW$45, DW_AT_TI_begin_file("C:/ti/motorware/motorware_1_01_00_14/sw/drivers/wdog/src/32b/f
     557                      .dwattr $C$DW$45, DW_AT_TI_begin_line(0x4c)
     558                      .dwattr $C$DW$45, DW_AT_TI_begin_column(0x06)
     559                      .dwattr $C$DW$45, DW_AT_TI_max_frame_size(-2)
     560                      .dwpsn  file "C:/ti/motorware/motorware_1_01_00_14/sw/drivers/wdog/src/32b/f28x/f2806x/wdog.c",line 7
     561              
     562                      .dwfde $C$DW$CIE, _WDOG_disable
     563              $C$DW$46        .dwtag  DW_TAG_formal_parameter, DW_AT_name("wdogHandle")
     564                      .dwattr $C$DW$46, DW_AT_TI_symbol_name("_wdogHandle")
     565                      .dwattr $C$DW$46, DW_AT_type(*$C$DW$T$26)
     566                      .dwattr $C$DW$46, DW_AT_location[DW_OP_reg12]
     567              
     568              ;***************************************************************
     569              ;* FNAME: _WDOG_disable                 FR SIZE:   0           *
     570              ;*                                                             *
     571              ;* FUNCTION ENVIRONMENT                                        *
     572              ;*                                                             *
     573              ;* FUNCTION PROPERTIES                                         *
     574              ;*                            0 Parameter,  0 Auto,  0 SOE     *
     575              ;***************************************************************
     576              
     577              _WDOG_disable:
     578              ;* AR4   assigned to _wdogHandle
     579              $C$DW$47        .dwtag  DW_TAG_variable, DW_AT_name("wdogHandle")
     580                      .dwattr $C$DW$47, DW_AT_TI_symbol_name("_wdogHandle")
     581                      .dwattr $C$DW$47, DW_AT_type(*$C$DW$T$33)
     582                      .dwattr $C$DW$47, DW_AT_location[DW_OP_reg12]
     583              ;* AL    assigned to _regValue
     584              $C$DW$48        .dwtag  DW_TAG_variable, DW_AT_name("regValue")
     585                      .dwattr $C$DW$48, DW_AT_TI_symbol_name("_regValue")
     586                      .dwattr $C$DW$48, DW_AT_type(*$C$DW$T$19)
     587                      .dwattr $C$DW$48, DW_AT_location[DW_OP_reg0]
     588                      .dwcfi  cfa_offset, -2
     589                      .dwcfi  save_reg_to_mem, 26, 0
     590                      .dwpsn  file "C:/ti/motorware/motorware_1_01_00_14/sw/drivers/wdog/src/32b/f28x/f2806x/wdog.c",line 7
     591 00000037 92FC          MOV       AL,*+XAR4[7]          ; [CPU_] |79| 
     592 00000038 7622   EALLOW
     593                      .dwpsn  file "C:/ti/motorware/motorware_1_01_00_14/sw/drivers/wdog/src/32b/f28x/f2806x/wdog.c",line 8
     594 00000039 5040          ORB       AL,#0x40              ; [CPU_] |88| 
     595 0000003a 5028          ORB       AL,#0x28              ; [CPU_] |88| 
     596 0000003b 96FC          MOV       *+XAR4[7],AL          ; [CPU_] |88| 
     597 0000003c 761A   EDIS
TMS320C2000 Assembler PC v6.4.4 Wed Jul 08 12:49:31 2015

Tools Copyright (c) 1996-2015 Texas Instruments Incorporated
C:\Users\grant\AppData\Local\Temp\0310010                            PAGE   12

     598 0000003d FF69          SPM       #0                    ; [CPU_] 
     599              $C$DW$49        .dwtag  DW_TAG_TI_branch
     600                      .dwattr $C$DW$49, DW_AT_low_pc(0x00)
     601                      .dwattr $C$DW$49, DW_AT_TI_return
     602 0000003e 0006          LRETR     ; [CPU_] 
     603                      ; return occurs ; [] 
     604                      .dwattr $C$DW$45, DW_AT_TI_end_file("C:/ti/motorware/motorware_1_01_00_14/sw/drivers/wdog/src/32b/f28
     605                      .dwattr $C$DW$45, DW_AT_TI_end_line(0x5d)
     606                      .dwattr $C$DW$45, DW_AT_TI_end_column(0x01)
     607                      .dwendentry
     608                      .dwendtag $C$DW$45
     609              
     610 0000003f               .sect   ".text"
     611                      .clink
     612                      .global _WDOG_clearCounter
     613              
     614              $C$DW$50        .dwtag  DW_TAG_subprogram, DW_AT_name("WDOG_clearCounter")
     615                      .dwattr $C$DW$50, DW_AT_low_pc(_WDOG_clearCounter)
     616                      .dwattr $C$DW$50, DW_AT_high_pc(0x00)
     617                      .dwattr $C$DW$50, DW_AT_TI_symbol_name("_WDOG_clearCounter")
     618                      .dwattr $C$DW$50, DW_AT_external
     619                      .dwattr $C$DW$50, DW_AT_TI_begin_file("C:/ti/motorware/motorware_1_01_00_14/sw/drivers/wdog/src/32b/f
     620                      .dwattr $C$DW$50, DW_AT_TI_begin_line(0x39)
     621                      .dwattr $C$DW$50, DW_AT_TI_begin_column(0x06)
     622                      .dwattr $C$DW$50, DW_AT_TI_max_frame_size(-2)
     623                      .dwpsn  file "C:/ti/motorware/motorware_1_01_00_14/sw/drivers/wdog/src/32b/f28x/f2806x/wdog.c",line 5
     624              
     625                      .dwfde $C$DW$CIE, _WDOG_clearCounter
     626              $C$DW$51        .dwtag  DW_TAG_formal_parameter, DW_AT_name("wdogHandle")
     627                      .dwattr $C$DW$51, DW_AT_TI_symbol_name("_wdogHandle")
     628                      .dwattr $C$DW$51, DW_AT_type(*$C$DW$T$26)
     629                      .dwattr $C$DW$51, DW_AT_location[DW_OP_reg12]
     630              
     631              ;***************************************************************
     632              ;* FNAME: _WDOG_clearCounter            FR SIZE:   0           *
     633              ;*                                                             *
     634              ;* FUNCTION ENVIRONMENT                                        *
     635              ;*                                                             *
     636              ;* FUNCTION PROPERTIES                                         *
     637              ;*                            0 Parameter,  0 Auto,  0 SOE     *
     638              ;***************************************************************
     639              
     640              _WDOG_clearCounter:
     641              ;* AR4   assigned to _wdogHandle
     642              $C$DW$52        .dwtag  DW_TAG_variable, DW_AT_name("wdogHandle")
     643                      .dwattr $C$DW$52, DW_AT_TI_symbol_name("_wdogHandle")
     644                      .dwattr $C$DW$52, DW_AT_type(*$C$DW$T$33)
     645                      .dwattr $C$DW$52, DW_AT_location[DW_OP_reg12]
     646                      .dwcfi  cfa_offset, -2
     647                      .dwcfi  save_reg_to_mem, 26, 0
     648 0000003f 7622   EALLOW
     649                      .dwpsn  file "C:/ti/motorware/motorware_1_01_00_14/sw/drivers/wdog/src/32b/f28x/f2806x/wdog.c",line 6
     650 00000040 56BF          MOVB      *+XAR4[3],#85,UNC     ; [CPU_] |65| 
         00000041 55DC 
     651                      .dwpsn  file "C:/ti/motorware/motorware_1_01_00_14/sw/drivers/wdog/src/32b/f28x/f2806x/wdog.c",line 6
TMS320C2000 Assembler PC v6.4.4 Wed Jul 08 12:49:31 2015

Tools Copyright (c) 1996-2015 Texas Instruments Incorporated
C:\Users\grant\AppData\Local\Temp\0310010                            PAGE   13

     652 00000042 56BF          MOVB      *+XAR4[3],#170,UNC    ; [CPU_] |68| 
         00000043 AADC 
     653 00000044 761A   EDIS
     654 00000045 FF69          SPM       #0                    ; [CPU_] 
     655              $C$DW$53        .dwtag  DW_TAG_TI_branch
     656                      .dwattr $C$DW$53, DW_AT_low_pc(0x00)
     657                      .dwattr $C$DW$53, DW_AT_TI_return
     658 00000046 0006          LRETR     ; [CPU_] 
     659                      ; return occurs ; [] 
     660                      .dwattr $C$DW$50, DW_AT_TI_end_file("C:/ti/motorware/motorware_1_01_00_14/sw/drivers/wdog/src/32b/f28
     661                      .dwattr $C$DW$50, DW_AT_TI_end_line(0x49)
     662                      .dwattr $C$DW$50, DW_AT_TI_end_column(0x01)
     663                      .dwendentry
     664                      .dwendtag $C$DW$50
     665              
     666              
     667              ;***************************************************************
     668              ;* TYPE INFORMATION                                            *
     669              ;***************************************************************
     670              
     671              $C$DW$T$23      .dwtag  DW_TAG_enumeration_type
     672                      .dwattr $C$DW$T$23, DW_AT_byte_size(0x01)
     673              $C$DW$54        .dwtag  DW_TAG_enumerator, DW_AT_name("WDOG_IntStatus_Active"), DW_AT_const_value(0x00)
     674              $C$DW$55        .dwtag  DW_TAG_enumerator, DW_AT_name("WDOG_IntStatus_InActive"), DW_AT_const_value(0x04)
     675                      .dwendtag $C$DW$T$23
     676              
     677              $C$DW$T$24      .dwtag  DW_TAG_typedef, DW_AT_name("WDOG_IntStatus_e")
     678                      .dwattr $C$DW$T$24, DW_AT_type(*$C$DW$T$23)
     679                      .dwattr $C$DW$T$24, DW_AT_language(DW_LANG_C)
     680              
     681              $C$DW$T$29      .dwtag  DW_TAG_enumeration_type
     682                      .dwattr $C$DW$T$29, DW_AT_byte_size(0x01)
     683              $C$DW$56        .dwtag  DW_TAG_enumerator, DW_AT_name("WDOG_PreScaler_OscClk_by_512_by_1"), DW_AT_const_value
     684              $C$DW$57        .dwtag  DW_TAG_enumerator, DW_AT_name("WDOG_PreScaler_OscClk_by_512_by_2"), DW_AT_const_value
     685              $C$DW$58        .dwtag  DW_TAG_enumerator, DW_AT_name("WDOG_PreScaler_OscClk_by_512_by_4"), DW_AT_const_value
     686              $C$DW$59        .dwtag  DW_TAG_enumerator, DW_AT_name("WDOG_PreScaler_OscClk_by_512_by_8"), DW_AT_const_value
     687              $C$DW$60        .dwtag  DW_TAG_enumerator, DW_AT_name("WDOG_PreScaler_OscClk_by_512_by_16"), DW_AT_const_valu
     688              $C$DW$61        .dwtag  DW_TAG_enumerator, DW_AT_name("WDOG_PreScaler_OscClk_by_512_by_32"), DW_AT_const_valu
     689              $C$DW$62        .dwtag  DW_TAG_enumerator, DW_AT_name("WDOG_PreScaler_OscClk_by_512_by_64"), DW_AT_const_valu
     690                      .dwendtag $C$DW$T$29
     691              
     692              $C$DW$T$30      .dwtag  DW_TAG_typedef, DW_AT_name("WDOG_PreScaler_e")
     693                      .dwattr $C$DW$T$30, DW_AT_type(*$C$DW$T$29)
     694                      .dwattr $C$DW$T$30, DW_AT_language(DW_LANG_C)
     695              $C$DW$63        .dwtag  DW_TAG_TI_far_type
     696                      .dwattr $C$DW$63, DW_AT_type(*$C$DW$T$30)
     697              $C$DW$T$31      .dwtag  DW_TAG_const_type
     698                      .dwattr $C$DW$T$31, DW_AT_type(*$C$DW$63)
     699              
     700              $C$DW$T$22      .dwtag  DW_TAG_structure_type
     701                      .dwattr $C$DW$T$22, DW_AT_name("_WDOG_Obj_")
     702                      .dwattr $C$DW$T$22, DW_AT_byte_size(0x08)
     703              $C$DW$64        .dwtag  DW_TAG_member
     704                      .dwattr $C$DW$64, DW_AT_type(*$C$DW$T$20)
     705                      .dwattr $C$DW$64, DW_AT_name("SCSR")
TMS320C2000 Assembler PC v6.4.4 Wed Jul 08 12:49:31 2015

Tools Copyright (c) 1996-2015 Texas Instruments Incorporated
C:\Users\grant\AppData\Local\Temp\0310010                            PAGE   14

     706                      .dwattr $C$DW$64, DW_AT_TI_symbol_name("_SCSR")
     707                      .dwattr $C$DW$64, DW_AT_data_member_location[DW_OP_plus_uconst 0x0]
     708                      .dwattr $C$DW$64, DW_AT_accessibility(DW_ACCESS_public)
     709              $C$DW$65        .dwtag  DW_TAG_member
     710                      .dwattr $C$DW$65, DW_AT_type(*$C$DW$T$20)
     711                      .dwattr $C$DW$65, DW_AT_name("WDCNTR")
     712                      .dwattr $C$DW$65, DW_AT_TI_symbol_name("_WDCNTR")
     713                      .dwattr $C$DW$65, DW_AT_data_member_location[DW_OP_plus_uconst 0x1]
     714                      .dwattr $C$DW$65, DW_AT_accessibility(DW_ACCESS_public)
     715              $C$DW$66        .dwtag  DW_TAG_member
     716                      .dwattr $C$DW$66, DW_AT_type(*$C$DW$T$20)
     717                      .dwattr $C$DW$66, DW_AT_name("rsvd_1")
     718                      .dwattr $C$DW$66, DW_AT_TI_symbol_name("_rsvd_1")
     719                      .dwattr $C$DW$66, DW_AT_data_member_location[DW_OP_plus_uconst 0x2]
     720                      .dwattr $C$DW$66, DW_AT_accessibility(DW_ACCESS_public)
     721              $C$DW$67        .dwtag  DW_TAG_member
     722                      .dwattr $C$DW$67, DW_AT_type(*$C$DW$T$20)
     723                      .dwattr $C$DW$67, DW_AT_name("WDKEY")
     724                      .dwattr $C$DW$67, DW_AT_TI_symbol_name("_WDKEY")
     725                      .dwattr $C$DW$67, DW_AT_data_member_location[DW_OP_plus_uconst 0x3]
     726                      .dwattr $C$DW$67, DW_AT_accessibility(DW_ACCESS_public)
     727              $C$DW$68        .dwtag  DW_TAG_member
     728                      .dwattr $C$DW$68, DW_AT_type(*$C$DW$T$21)
     729                      .dwattr $C$DW$68, DW_AT_name("rsvd_2")
     730                      .dwattr $C$DW$68, DW_AT_TI_symbol_name("_rsvd_2")
     731                      .dwattr $C$DW$68, DW_AT_data_member_location[DW_OP_plus_uconst 0x4]
     732                      .dwattr $C$DW$68, DW_AT_accessibility(DW_ACCESS_public)
     733              $C$DW$69        .dwtag  DW_TAG_member
     734                      .dwattr $C$DW$69, DW_AT_type(*$C$DW$T$20)
     735                      .dwattr $C$DW$69, DW_AT_name("WDCR")
     736                      .dwattr $C$DW$69, DW_AT_TI_symbol_name("_WDCR")
     737                      .dwattr $C$DW$69, DW_AT_data_member_location[DW_OP_plus_uconst 0x7]
     738                      .dwattr $C$DW$69, DW_AT_accessibility(DW_ACCESS_public)
     739                      .dwendtag $C$DW$T$22
     740              
     741              $C$DW$T$32      .dwtag  DW_TAG_typedef, DW_AT_name("WDOG_Obj")
     742                      .dwattr $C$DW$T$32, DW_AT_type(*$C$DW$T$22)
     743                      .dwattr $C$DW$T$32, DW_AT_language(DW_LANG_C)
     744              $C$DW$T$25      .dwtag  DW_TAG_pointer_type
     745                      .dwattr $C$DW$T$25, DW_AT_type(*$C$DW$T$22)
     746                      .dwattr $C$DW$T$25, DW_AT_address_class(0x20)
     747              $C$DW$T$26      .dwtag  DW_TAG_typedef, DW_AT_name("WDOG_Handle")
     748                      .dwattr $C$DW$T$26, DW_AT_type(*$C$DW$T$25)
     749                      .dwattr $C$DW$T$26, DW_AT_language(DW_LANG_C)
     750              $C$DW$70        .dwtag  DW_TAG_TI_far_type
     751                      .dwattr $C$DW$70, DW_AT_type(*$C$DW$T$26)
     752              $C$DW$T$33      .dwtag  DW_TAG_const_type
     753                      .dwattr $C$DW$T$33, DW_AT_type(*$C$DW$70)
     754              $C$DW$T$2       .dwtag  DW_TAG_unspecified_type
     755                      .dwattr $C$DW$T$2, DW_AT_name("void")
     756              $C$DW$T$3       .dwtag  DW_TAG_pointer_type
     757                      .dwattr $C$DW$T$3, DW_AT_type(*$C$DW$T$2)
     758                      .dwattr $C$DW$T$3, DW_AT_address_class(0x20)
     759              $C$DW$T$4       .dwtag  DW_TAG_base_type
     760                      .dwattr $C$DW$T$4, DW_AT_encoding(DW_ATE_boolean)
TMS320C2000 Assembler PC v6.4.4 Wed Jul 08 12:49:31 2015

Tools Copyright (c) 1996-2015 Texas Instruments Incorporated
C:\Users\grant\AppData\Local\Temp\0310010                            PAGE   15

     761                      .dwattr $C$DW$T$4, DW_AT_name("bool")
     762                      .dwattr $C$DW$T$4, DW_AT_byte_size(0x01)
     763              $C$DW$T$5       .dwtag  DW_TAG_base_type
     764                      .dwattr $C$DW$T$5, DW_AT_encoding(DW_ATE_signed_char)
     765                      .dwattr $C$DW$T$5, DW_AT_name("signed char")
     766                      .dwattr $C$DW$T$5, DW_AT_byte_size(0x01)
     767              $C$DW$T$6       .dwtag  DW_TAG_base_type
     768                      .dwattr $C$DW$T$6, DW_AT_encoding(DW_ATE_unsigned_char)
     769                      .dwattr $C$DW$T$6, DW_AT_name("unsigned char")
     770                      .dwattr $C$DW$T$6, DW_AT_byte_size(0x01)
     771              $C$DW$T$7       .dwtag  DW_TAG_base_type
     772                      .dwattr $C$DW$T$7, DW_AT_encoding(DW_ATE_signed_char)
     773                      .dwattr $C$DW$T$7, DW_AT_name("wchar_t")
     774                      .dwattr $C$DW$T$7, DW_AT_byte_size(0x01)
     775              $C$DW$T$8       .dwtag  DW_TAG_base_type
     776                      .dwattr $C$DW$T$8, DW_AT_encoding(DW_ATE_signed)
     777                      .dwattr $C$DW$T$8, DW_AT_name("short")
     778                      .dwattr $C$DW$T$8, DW_AT_byte_size(0x01)
     779              $C$DW$T$9       .dwtag  DW_TAG_base_type
     780                      .dwattr $C$DW$T$9, DW_AT_encoding(DW_ATE_unsigned)
     781                      .dwattr $C$DW$T$9, DW_AT_name("unsigned short")
     782                      .dwattr $C$DW$T$9, DW_AT_byte_size(0x01)
     783              $C$DW$T$10      .dwtag  DW_TAG_base_type
     784                      .dwattr $C$DW$T$10, DW_AT_encoding(DW_ATE_signed)
     785                      .dwattr $C$DW$T$10, DW_AT_name("int")
     786                      .dwattr $C$DW$T$10, DW_AT_byte_size(0x01)
     787              $C$DW$T$11      .dwtag  DW_TAG_base_type
     788                      .dwattr $C$DW$T$11, DW_AT_encoding(DW_ATE_unsigned)
     789                      .dwattr $C$DW$T$11, DW_AT_name("unsigned int")
     790                      .dwattr $C$DW$T$11, DW_AT_byte_size(0x01)
     791              $C$DW$T$19      .dwtag  DW_TAG_typedef, DW_AT_name("uint16_t")
     792                      .dwattr $C$DW$T$19, DW_AT_type(*$C$DW$T$11)
     793                      .dwattr $C$DW$T$19, DW_AT_language(DW_LANG_C)
     794              $C$DW$71        .dwtag  DW_TAG_TI_far_type
     795                      .dwattr $C$DW$71, DW_AT_type(*$C$DW$T$19)
     796              $C$DW$T$20      .dwtag  DW_TAG_volatile_type
     797                      .dwattr $C$DW$T$20, DW_AT_type(*$C$DW$71)
     798              
     799              $C$DW$T$21      .dwtag  DW_TAG_array_type
     800                      .dwattr $C$DW$T$21, DW_AT_type(*$C$DW$T$20)
     801                      .dwattr $C$DW$T$21, DW_AT_language(DW_LANG_C)
     802                      .dwattr $C$DW$T$21, DW_AT_byte_size(0x03)
     803              $C$DW$72        .dwtag  DW_TAG_subrange_type
     804                      .dwattr $C$DW$72, DW_AT_upper_bound(0x02)
     805                      .dwendtag $C$DW$T$21
     806              
     807              $C$DW$T$41      .dwtag  DW_TAG_typedef, DW_AT_name("uint_least8_t")
     808                      .dwattr $C$DW$T$41, DW_AT_type(*$C$DW$T$19)
     809                      .dwattr $C$DW$T$41, DW_AT_language(DW_LANG_C)
     810              $C$DW$73        .dwtag  DW_TAG_TI_far_type
     811                      .dwattr $C$DW$73, DW_AT_type(*$C$DW$T$41)
     812              $C$DW$T$42      .dwtag  DW_TAG_const_type
     813                      .dwattr $C$DW$T$42, DW_AT_type(*$C$DW$73)
     814              $C$DW$T$12      .dwtag  DW_TAG_base_type
     815                      .dwattr $C$DW$T$12, DW_AT_encoding(DW_ATE_signed)
TMS320C2000 Assembler PC v6.4.4 Wed Jul 08 12:49:31 2015

Tools Copyright (c) 1996-2015 Texas Instruments Incorporated
C:\Users\grant\AppData\Local\Temp\0310010                            PAGE   16

     816                      .dwattr $C$DW$T$12, DW_AT_name("long")
     817                      .dwattr $C$DW$T$12, DW_AT_byte_size(0x02)
     818              $C$DW$T$13      .dwtag  DW_TAG_base_type
     819                      .dwattr $C$DW$T$13, DW_AT_encoding(DW_ATE_unsigned)
     820                      .dwattr $C$DW$T$13, DW_AT_name("unsigned long")
     821                      .dwattr $C$DW$T$13, DW_AT_byte_size(0x02)
     822              $C$DW$T$34      .dwtag  DW_TAG_typedef, DW_AT_name("size_t")
     823                      .dwattr $C$DW$T$34, DW_AT_type(*$C$DW$T$13)
     824                      .dwattr $C$DW$T$34, DW_AT_language(DW_LANG_C)
     825              $C$DW$74        .dwtag  DW_TAG_TI_far_type
     826                      .dwattr $C$DW$74, DW_AT_type(*$C$DW$T$34)
     827              $C$DW$T$35      .dwtag  DW_TAG_const_type
     828                      .dwattr $C$DW$T$35, DW_AT_type(*$C$DW$74)
     829              $C$DW$T$14      .dwtag  DW_TAG_base_type
     830                      .dwattr $C$DW$T$14, DW_AT_encoding(DW_ATE_signed)
     831                      .dwattr $C$DW$T$14, DW_AT_name("long long")
     832                      .dwattr $C$DW$T$14, DW_AT_byte_size(0x04)
     833              $C$DW$T$15      .dwtag  DW_TAG_base_type
     834                      .dwattr $C$DW$T$15, DW_AT_encoding(DW_ATE_unsigned)
     835                      .dwattr $C$DW$T$15, DW_AT_name("unsigned long long")
     836                      .dwattr $C$DW$T$15, DW_AT_byte_size(0x04)
     837              $C$DW$T$16      .dwtag  DW_TAG_base_type
     838                      .dwattr $C$DW$T$16, DW_AT_encoding(DW_ATE_float)
     839                      .dwattr $C$DW$T$16, DW_AT_name("float")
     840                      .dwattr $C$DW$T$16, DW_AT_byte_size(0x02)
     841              $C$DW$T$17      .dwtag  DW_TAG_base_type
     842                      .dwattr $C$DW$T$17, DW_AT_encoding(DW_ATE_float)
     843                      .dwattr $C$DW$T$17, DW_AT_name("double")
     844                      .dwattr $C$DW$T$17, DW_AT_byte_size(0x02)
     845              $C$DW$T$18      .dwtag  DW_TAG_base_type
     846                      .dwattr $C$DW$T$18, DW_AT_encoding(DW_ATE_float)
     847                      .dwattr $C$DW$T$18, DW_AT_name("long double")
     848                      .dwattr $C$DW$T$18, DW_AT_byte_size(0x04)
     849                      .dwattr $C$DW$CU, DW_AT_language(DW_LANG_C)
     850              
     851              ;***************************************************************
     852              ;* DWARF CIE ENTRIES                                           *
     853              ;***************************************************************
     854              
     855              $C$DW$CIE       .dwcie 26
     856                      .dwcfi  cfa_register, 20
     857                      .dwcfi  cfa_offset, 0
     858                      .dwcfi  undefined, 0
     859                      .dwcfi  undefined, 1
     860                      .dwcfi  undefined, 2
     861                      .dwcfi  undefined, 3
     862                      .dwcfi  undefined, 20
     863                      .dwcfi  undefined, 21
     864                      .dwcfi  undefined, 22
     865                      .dwcfi  undefined, 23
     866                      .dwcfi  undefined, 24
     867                      .dwcfi  undefined, 25
     868                      .dwcfi  undefined, 26
     869                      .dwcfi  same_value, 28
     870                      .dwcfi  undefined, 29
TMS320C2000 Assembler PC v6.4.4 Wed Jul 08 12:49:31 2015

Tools Copyright (c) 1996-2015 Texas Instruments Incorporated
C:\Users\grant\AppData\Local\Temp\0310010                            PAGE   17

     871                      .dwcfi  undefined, 30
     872                      .dwcfi  undefined, 31
     873                      .dwcfi  undefined, 32
     874                      .dwcfi  undefined, 33
     875                      .dwcfi  undefined, 34
     876                      .dwcfi  undefined, 35
     877                      .dwcfi  undefined, 36
     878                      .dwcfi  undefined, 37
     879                      .dwcfi  undefined, 38
     880                      .dwcfi  undefined, 75
     881                      .dwcfi  undefined, 76
     882                      .dwcfi  undefined, 77
     883                      .dwcfi  undefined, 4
     884                      .dwcfi  undefined, 5
     885                      .dwcfi  same_value, 6
     886                      .dwcfi  same_value, 7
     887                      .dwcfi  same_value, 8
     888                      .dwcfi  same_value, 9
     889                      .dwcfi  same_value, 10
     890                      .dwcfi  same_value, 11
     891                      .dwcfi  undefined, 12
     892                      .dwcfi  undefined, 13
     893                      .dwcfi  undefined, 14
     894                      .dwcfi  undefined, 15
     895                      .dwcfi  undefined, 16
     896                      .dwcfi  undefined, 17
     897                      .dwcfi  undefined, 18
     898                      .dwcfi  undefined, 19
     899                      .dwendentry
     900              
     901              ;***************************************************************
     902              ;* DWARF REGISTER MAP                                          *
     903              ;***************************************************************
     904              
     905              $C$DW$75        .dwtag  DW_TAG_TI_assign_register, DW_AT_name("AL")
     906                      .dwattr $C$DW$75, DW_AT_location[DW_OP_reg0]
     907              $C$DW$76        .dwtag  DW_TAG_TI_assign_register, DW_AT_name("AH")
     908                      .dwattr $C$DW$76, DW_AT_location[DW_OP_reg1]
     909              $C$DW$77        .dwtag  DW_TAG_TI_assign_register, DW_AT_name("PL")
     910                      .dwattr $C$DW$77, DW_AT_location[DW_OP_reg2]
     911              $C$DW$78        .dwtag  DW_TAG_TI_assign_register, DW_AT_name("PH")
     912                      .dwattr $C$DW$78, DW_AT_location[DW_OP_reg3]
     913              $C$DW$79        .dwtag  DW_TAG_TI_assign_register, DW_AT_name("SP")
     914                      .dwattr $C$DW$79, DW_AT_location[DW_OP_reg20]
     915              $C$DW$80        .dwtag  DW_TAG_TI_assign_register, DW_AT_name("XT")
     916                      .dwattr $C$DW$80, DW_AT_location[DW_OP_reg21]
     917              $C$DW$81        .dwtag  DW_TAG_TI_assign_register, DW_AT_name("T")
     918                      .dwattr $C$DW$81, DW_AT_location[DW_OP_reg22]
     919              $C$DW$82        .dwtag  DW_TAG_TI_assign_register, DW_AT_name("ST0")
     920                      .dwattr $C$DW$82, DW_AT_location[DW_OP_reg23]
     921              $C$DW$83        .dwtag  DW_TAG_TI_assign_register, DW_AT_name("ST1")
     922                      .dwattr $C$DW$83, DW_AT_location[DW_OP_reg24]
     923              $C$DW$84        .dwtag  DW_TAG_TI_assign_register, DW_AT_name("PC")
     924                      .dwattr $C$DW$84, DW_AT_location[DW_OP_reg25]
     925              $C$DW$85        .dwtag  DW_TAG_TI_assign_register, DW_AT_name("RPC")
TMS320C2000 Assembler PC v6.4.4 Wed Jul 08 12:49:31 2015

Tools Copyright (c) 1996-2015 Texas Instruments Incorporated
C:\Users\grant\AppData\Local\Temp\0310010                            PAGE   18

     926                      .dwattr $C$DW$85, DW_AT_location[DW_OP_reg26]
     927              $C$DW$86        .dwtag  DW_TAG_TI_assign_register, DW_AT_name("FP")
     928                      .dwattr $C$DW$86, DW_AT_location[DW_OP_reg28]
     929              $C$DW$87        .dwtag  DW_TAG_TI_assign_register, DW_AT_name("DP")
     930                      .dwattr $C$DW$87, DW_AT_location[DW_OP_reg29]
     931              $C$DW$88        .dwtag  DW_TAG_TI_assign_register, DW_AT_name("SXM")
     932                      .dwattr $C$DW$88, DW_AT_location[DW_OP_reg30]
     933              $C$DW$89        .dwtag  DW_TAG_TI_assign_register, DW_AT_name("PM")
     934                      .dwattr $C$DW$89, DW_AT_location[DW_OP_reg31]
     935              $C$DW$90        .dwtag  DW_TAG_TI_assign_register, DW_AT_name("OVM")
     936                      .dwattr $C$DW$90, DW_AT_location[DW_OP_regx 0x20]
     937              $C$DW$91        .dwtag  DW_TAG_TI_assign_register, DW_AT_name("PAGE0")
     938                      .dwattr $C$DW$91, DW_AT_location[DW_OP_regx 0x21]
     939              $C$DW$92        .dwtag  DW_TAG_TI_assign_register, DW_AT_name("AMODE")
     940                      .dwattr $C$DW$92, DW_AT_location[DW_OP_regx 0x22]
     941              $C$DW$93        .dwtag  DW_TAG_TI_assign_register, DW_AT_name("INTM")
     942                      .dwattr $C$DW$93, DW_AT_location[DW_OP_regx 0x23]
     943              $C$DW$94        .dwtag  DW_TAG_TI_assign_register, DW_AT_name("IFR")
     944                      .dwattr $C$DW$94, DW_AT_location[DW_OP_regx 0x24]
     945              $C$DW$95        .dwtag  DW_TAG_TI_assign_register, DW_AT_name("IER")
     946                      .dwattr $C$DW$95, DW_AT_location[DW_OP_regx 0x25]
     947              $C$DW$96        .dwtag  DW_TAG_TI_assign_register, DW_AT_name("V")
     948                      .dwattr $C$DW$96, DW_AT_location[DW_OP_regx 0x26]
     949              $C$DW$97        .dwtag  DW_TAG_TI_assign_register, DW_AT_name("PSEUDOH")
     950                      .dwattr $C$DW$97, DW_AT_location[DW_OP_regx 0x4c]
     951              $C$DW$98        .dwtag  DW_TAG_TI_assign_register, DW_AT_name("VOL")
     952                      .dwattr $C$DW$98, DW_AT_location[DW_OP_regx 0x4d]
     953              $C$DW$99        .dwtag  DW_TAG_TI_assign_register, DW_AT_name("AR0")
     954                      .dwattr $C$DW$99, DW_AT_location[DW_OP_reg4]
     955              $C$DW$100       .dwtag  DW_TAG_TI_assign_register, DW_AT_name("XAR0")
     956                      .dwattr $C$DW$100, DW_AT_location[DW_OP_reg5]
     957              $C$DW$101       .dwtag  DW_TAG_TI_assign_register, DW_AT_name("AR1")
     958                      .dwattr $C$DW$101, DW_AT_location[DW_OP_reg6]
     959              $C$DW$102       .dwtag  DW_TAG_TI_assign_register, DW_AT_name("XAR1")
     960                      .dwattr $C$DW$102, DW_AT_location[DW_OP_reg7]
     961              $C$DW$103       .dwtag  DW_TAG_TI_assign_register, DW_AT_name("AR2")
     962                      .dwattr $C$DW$103, DW_AT_location[DW_OP_reg8]
     963              $C$DW$104       .dwtag  DW_TAG_TI_assign_register, DW_AT_name("XAR2")
     964                      .dwattr $C$DW$104, DW_AT_location[DW_OP_reg9]
     965              $C$DW$105       .dwtag  DW_TAG_TI_assign_register, DW_AT_name("AR3")
     966                      .dwattr $C$DW$105, DW_AT_location[DW_OP_reg10]
     967              $C$DW$106       .dwtag  DW_TAG_TI_assign_register, DW_AT_name("XAR3")
     968                      .dwattr $C$DW$106, DW_AT_location[DW_OP_reg11]
     969              $C$DW$107       .dwtag  DW_TAG_TI_assign_register, DW_AT_name("AR4")
     970                      .dwattr $C$DW$107, DW_AT_location[DW_OP_reg12]
     971              $C$DW$108       .dwtag  DW_TAG_TI_assign_register, DW_AT_name("XAR4")
     972                      .dwattr $C$DW$108, DW_AT_location[DW_OP_reg13]
     973              $C$DW$109       .dwtag  DW_TAG_TI_assign_register, DW_AT_name("AR5")
     974                      .dwattr $C$DW$109, DW_AT_location[DW_OP_reg14]
     975              $C$DW$110       .dwtag  DW_TAG_TI_assign_register, DW_AT_name("XAR5")
     976                      .dwattr $C$DW$110, DW_AT_location[DW_OP_reg15]
     977              $C$DW$111       .dwtag  DW_TAG_TI_assign_register, DW_AT_name("AR6")
     978                      .dwattr $C$DW$111, DW_AT_location[DW_OP_reg16]
     979              $C$DW$112       .dwtag  DW_TAG_TI_assign_register, DW_AT_name("XAR6")
     980                      .dwattr $C$DW$112, DW_AT_location[DW_OP_reg17]
TMS320C2000 Assembler PC v6.4.4 Wed Jul 08 12:49:31 2015

Tools Copyright (c) 1996-2015 Texas Instruments Incorporated
C:\Users\grant\AppData\Local\Temp\0310010                            PAGE   19

     981              $C$DW$113       .dwtag  DW_TAG_TI_assign_register, DW_AT_name("AR7")
     982                      .dwattr $C$DW$113, DW_AT_location[DW_OP_reg18]
     983              $C$DW$114       .dwtag  DW_TAG_TI_assign_register, DW_AT_name("XAR7")
     984                      .dwattr $C$DW$114, DW_AT_location[DW_OP_reg19]
     985                      .dwendtag $C$DW$CU
     986              

No Assembly Errors, No Assembly Warnings
