
**** Build of configuration Release for project foc_proj_lab21 ****

"C:\\ti\\ccsv6\\utils\\bin\\gmake" -k all 
'Building file: ../proj_lab21.c'
'Invoking: C2000 Compiler'
"C:/ti/ccsv6/tools/compiler/ti-cgt-c2000_6.4.4/bin/cl2000" -v28 -ml -mt -O2 --include_path="C:/work/ws_ccs_motorware/inc_foc" --include_path="C:/ti/motorware/motorware_1_01_00_14/sw/modules/hal/boards/boostxldrv8301_revB/f28x/f2806x/src/" --include_path="C:/ti/ccsv6/tools/compiler/ti-cgt-c2000_6.4.4/include" --include_path="C:/Users/grant/src" --include_path="C:/ti/motorware/motorware_1_01_00_14" -g --define=FAST_ROM_V1p6 --diag_warning=225 --display_error_number --asm_listing --preproc_with_compile --preproc_dependency="proj_lab21.pp"  "../proj_lab21.c"
"../proj_lab21.c", line 271: error #20: identifier "IPD_HFI_EXC_FREQ_HZ" is undefined
"../proj_lab21.c", line 272: error #20: identifier "IPD_HFI_LP_SPD_FILT_HZ" is undefined
"../proj_lab21.c", line 273: error #20: identifier "IPD_HFI_HP_IQ_FILT_HZ" is undefined
"../proj_lab21.c", line 275: error #20: identifier "IPD_HFI_KSPD" is undefined
"../proj_lab21.c", line 276: error #20: identifier "IPD_HFI_EXC_MAG_COARSE_PU" is undefined
"../proj_lab21.c", line 277: error #20: identifier "IPD_HFI_EXC_MAG_FINE_PU" is undefined
"../proj_lab21.c", line 278: error #20: identifier "IPD_HFI_EXC_TIME_COARSE_S" is undefined
"../proj_lab21.c", line 279: error #20: identifier "IPD_HFI_EXC_TIME_FINE_S" is undefined
"../proj_lab21.c", line 294: error #20: identifier "AFSEL_MAX_IQ_REF_HFI" is undefined
"../proj_lab21.c", line 295: error #20: identifier "AFSEL_MAX_IQ_REF_EST" is undefined
"../proj_lab21.c", line 296: error #20: identifier "AFSEL_IQ_SLOPE_HFI" is undefined
"../proj_lab21.c", line 297: error #20: identifier "AFSEL_IQ_SLOPE_EST" is undefined
"../proj_lab21.c", line 298: error #20: identifier "AFSEL_FREQ_LOW_PU" is undefined
"../proj_lab21.c", line 299: error #20: identifier "AFSEL_FREQ_HIGH_PU" is undefined
14 errors detected in the compilation of "../proj_lab21.c".

>> Compilation failure
gmake: *** [proj_lab21.obj] Error 1
'Building file: C:/ti/motorware/motorware_1_01_00_14/sw/drivers/cpu/src/32b/f28x/f2806x/CodeStartBranch.asm'
'Invoking: C2000 Compiler'
"C:/ti/ccsv6/tools/compiler/ti-cgt-c2000_6.4.4/bin/cl2000" -v28 -ml -mt -O2 --include_path="C:/work/ws_ccs_motorware/inc_foc" --include_path="C:/ti/motorware/motorware_1_01_00_14/sw/modules/hal/boards/boostxldrv8301_revB/f28x/f2806x/src/" --include_path="C:/ti/ccsv6/tools/compiler/ti-cgt-c2000_6.4.4/include" --include_path="C:/Users/grant/src" --include_path="C:/ti/motorware/motorware_1_01_00_14" -g --define=FAST_ROM_V1p6 --diag_warning=225 --display_error_number --asm_listing --preproc_with_compile --preproc_dependency="drivers/CodeStartBranch.pp" --obj_directory="drivers"  "C:/ti/motorware/motorware_1_01_00_14/sw/drivers/cpu/src/32b/f28x/f2806x/CodeStartBranch.asm"
'Finished building: C:/ti/motorware/motorware_1_01_00_14/sw/drivers/cpu/src/32b/f28x/f2806x/CodeStartBranch.asm'
' '
'Building file: C:/ti/motorware/motorware_1_01_00_14/sw/drivers/adc/src/32b/f28x/f2806x/adc.c'
'Invoking: C2000 Compiler'
"C:/ti/ccsv6/tools/compiler/ti-cgt-c2000_6.4.4/bin/cl2000" -v28 -ml -mt -O2 --include_path="C:/work/ws_ccs_motorware/inc_foc" --include_path="C:/ti/motorware/motorware_1_01_00_14/sw/modules/hal/boards/boostxldrv8301_revB/f28x/f2806x/src/" --include_path="C:/ti/ccsv6/tools/compiler/ti-cgt-c2000_6.4.4/include" --include_path="C:/Users/grant/src" --include_path="C:/ti/motorware/motorware_1_01_00_14" -g --define=FAST_ROM_V1p6 --diag_warning=225 --display_error_number --asm_listing --preproc_with_compile --preproc_dependency="drivers/adc.pp" --obj_directory="drivers"  "C:/ti/motorware/motorware_1_01_00_14/sw/drivers/adc/src/32b/f28x/f2806x/adc.c"
'Finished building: C:/ti/motorware/motorware_1_01_00_14/sw/drivers/adc/src/32b/f28x/f2806x/adc.c'
' '
'Building file: C:/ti/motorware/motorware_1_01_00_14/sw/modules/clarke/src/32b/clarke.c'
'Invoking: C2000 Compiler'
"C:/ti/ccsv6/tools/compiler/ti-cgt-c2000_6.4.4/bin/cl2000" -v28 -ml -mt -O2 --include_path="C:/work/ws_ccs_motorware/inc_foc" --include_path="C:/ti/motorware/motorware_1_01_00_14/sw/modules/hal/boards/boostxldrv8301_revB/f28x/f2806x/src/" --include_path="C:/ti/ccsv6/tools/compiler/ti-cgt-c2000_6.4.4/include" --include_path="C:/Users/grant/src" --include_path="C:/ti/motorware/motorware_1_01_00_14" -g --define=FAST_ROM_V1p6 --diag_warning=225 --display_error_number --asm_listing --preproc_with_compile --preproc_dependency="drivers/clarke.pp" --obj_directory="drivers"  "C:/ti/motorware/motorware_1_01_00_14/sw/modules/clarke/src/32b/clarke.c"
'Finished building: C:/ti/motorware/motorware_1_01_00_14/sw/modules/clarke/src/32b/clarke.c'
' '
'Building file: C:/ti/motorware/motorware_1_01_00_14/sw/drivers/clk/src/32b/f28x/f2806x/clk.c'
'Invoking: C2000 Compiler'
"C:/ti/ccsv6/tools/compiler/ti-cgt-c2000_6.4.4/bin/cl2000" -v28 -ml -mt -O2 --include_path="C:/work/ws_ccs_motorware/inc_foc" --include_path="C:/ti/motorware/motorware_1_01_00_14/sw/modules/hal/boards/boostxldrv8301_revB/f28x/f2806x/src/" --include_path="C:/ti/ccsv6/tools/compiler/ti-cgt-c2000_6.4.4/include" --include_path="C:/Users/grant/src" --include_path="C:/ti/motorware/motorware_1_01_00_14" -g --define=FAST_ROM_V1p6 --diag_warning=225 --display_error_number --asm_listing --preproc_with_compile --preproc_dependency="drivers/clk.pp" --obj_directory="drivers"  "C:/ti/motorware/motorware_1_01_00_14/sw/drivers/clk/src/32b/f28x/f2806x/clk.c"
'Finished building: C:/ti/motorware/motorware_1_01_00_14/sw/drivers/clk/src/32b/f28x/f2806x/clk.c'
' '
'Building file: C:/ti/motorware/motorware_1_01_00_14/sw/drivers/cpu/src/32b/f28x/f2806x/cpu.c'
'Invoking: C2000 Compiler'
"C:/ti/ccsv6/tools/compiler/ti-cgt-c2000_6.4.4/bin/cl2000" -v28 -ml -mt -O2 --include_path="C:/work/ws_ccs_motorware/inc_foc" --include_path="C:/ti/motorware/motorware_1_01_00_14/sw/modules/hal/boards/boostxldrv8301_revB/f28x/f2806x/src/" --include_path="C:/ti/ccsv6/tools/compiler/ti-cgt-c2000_6.4.4/include" --include_path="C:/Users/grant/src" --include_path="C:/ti/motorware/motorware_1_01_00_14" -g --define=FAST_ROM_V1p6 --diag_warning=225 --display_error_number --asm_listing --preproc_with_compile --preproc_dependency="drivers/cpu.pp" --obj_directory="drivers"  "C:/ti/motorware/motorware_1_01_00_14/sw/drivers/cpu/src/32b/f28x/f2806x/cpu.c"
'Finished building: C:/ti/motorware/motorware_1_01_00_14/sw/drivers/cpu/src/32b/f28x/f2806x/cpu.c'
' '
'Building file: C:/ti/motorware/motorware_1_01_00_14/sw/modules/ctrl/src/32b/ctrl.c'
'Invoking: C2000 Compiler'
"C:/ti/ccsv6/tools/compiler/ti-cgt-c2000_6.4.4/bin/cl2000" -v28 -ml -mt -O2 --include_path="C:/work/ws_ccs_motorware/inc_foc" --include_path="C:/ti/motorware/motorware_1_01_00_14/sw/modules/hal/boards/boostxldrv8301_revB/f28x/f2806x/src/" --include_path="C:/ti/ccsv6/tools/compiler/ti-cgt-c2000_6.4.4/include" --include_path="C:/Users/grant/src" --include_path="C:/ti/motorware/motorware_1_01_00_14" -g --define=FAST_ROM_V1p6 --diag_warning=225 --display_error_number --asm_listing --preproc_with_compile --preproc_dependency="drivers/ctrl.pp" --obj_directory="drivers"  "C:/ti/motorware/motorware_1_01_00_14/sw/modules/ctrl/src/32b/ctrl.c"
'Finished building: C:/ti/motorware/motorware_1_01_00_14/sw/modules/ctrl/src/32b/ctrl.c'
' '
'Building file: C:/ti/motorware/motorware_1_01_00_14/sw/drivers/drvic/drv8301/src/32b/f28x/f2806x/drv8301.c'
'Invoking: C2000 Compiler'
"C:/ti/ccsv6/tools/compiler/ti-cgt-c2000_6.4.4/bin/cl2000" -v28 -ml -mt -O2 --include_path="C:/work/ws_ccs_motorware/inc_foc" --include_path="C:/ti/motorware/motorware_1_01_00_14/sw/modules/hal/boards/boostxldrv8301_revB/f28x/f2806x/src/" --include_path="C:/ti/ccsv6/tools/compiler/ti-cgt-c2000_6.4.4/include" --include_path="C:/Users/grant/src" --include_path="C:/ti/motorware/motorware_1_01_00_14" -g --define=FAST_ROM_V1p6 --diag_warning=225 --display_error_number --asm_listing --preproc_with_compile --preproc_dependency="drivers/drv8301.pp" --obj_directory="drivers"  "C:/ti/motorware/motorware_1_01_00_14/sw/drivers/drvic/drv8301/src/32b/f28x/f2806x/drv8301.c"
'Finished building: C:/ti/motorware/motorware_1_01_00_14/sw/drivers/drvic/drv8301/src/32b/f28x/f2806x/drv8301.c'
' '
'Building file: C:/ti/motorware/motorware_1_01_00_14/sw/modules/filter/src/32b/filter_fo.c'
'Invoking: C2000 Compiler'
"C:/ti/ccsv6/tools/compiler/ti-cgt-c2000_6.4.4/bin/cl2000" -v28 -ml -mt -O2 --include_path="C:/work/ws_ccs_motorware/inc_foc" --include_path="C:/ti/motorware/motorware_1_01_00_14/sw/modules/hal/boards/boostxldrv8301_revB/f28x/f2806x/src/" --include_path="C:/ti/ccsv6/tools/compiler/ti-cgt-c2000_6.4.4/include" --include_path="C:/Users/grant/src" --include_path="C:/ti/motorware/motorware_1_01_00_14" -g --define=FAST_ROM_V1p6 --diag_warning=225 --display_error_number --asm_listing --preproc_with_compile --preproc_dependency="drivers/filter_fo.pp" --obj_directory="drivers"  "C:/ti/motorware/motorware_1_01_00_14/sw/modules/filter/src/32b/filter_fo.c"
'Finished building: C:/ti/motorware/motorware_1_01_00_14/sw/modules/filter/src/32b/filter_fo.c'
' '
'Building file: C:/ti/motorware/motorware_1_01_00_14/sw/drivers/flash/src/32b/f28x/f2806x/flash.c'
'Invoking: C2000 Compiler'
"C:/ti/ccsv6/tools/compiler/ti-cgt-c2000_6.4.4/bin/cl2000" -v28 -ml -mt -O2 --include_path="C:/work/ws_ccs_motorware/inc_foc" --include_path="C:/ti/motorware/motorware_1_01_00_14/sw/modules/hal/boards/boostxldrv8301_revB/f28x/f2806x/src/" --include_path="C:/ti/ccsv6/tools/compiler/ti-cgt-c2000_6.4.4/include" --include_path="C:/Users/grant/src" --include_path="C:/ti/motorware/motorware_1_01_00_14" -g --define=FAST_ROM_V1p6 --diag_warning=225 --display_error_number --asm_listing --preproc_with_compile --preproc_dependency="drivers/flash.pp" --obj_directory="drivers"  "C:/ti/motorware/motorware_1_01_00_14/sw/drivers/flash/src/32b/f28x/f2806x/flash.c"
'Finished building: C:/ti/motorware/motorware_1_01_00_14/sw/drivers/flash/src/32b/f28x/f2806x/flash.c'
' '
'Building file: C:/ti/motorware/motorware_1_01_00_14/sw/drivers/gpio/src/32b/f28x/f2806x/gpio.c'
'Invoking: C2000 Compiler'
"C:/ti/ccsv6/tools/compiler/ti-cgt-c2000_6.4.4/bin/cl2000" -v28 -ml -mt -O2 --include_path="C:/work/ws_ccs_motorware/inc_foc" --include_path="C:/ti/motorware/motorware_1_01_00_14/sw/modules/hal/boards/boostxldrv8301_revB/f28x/f2806x/src/" --include_path="C:/ti/ccsv6/tools/compiler/ti-cgt-c2000_6.4.4/include" --include_path="C:/Users/grant/src" --include_path="C:/ti/motorware/motorware_1_01_00_14" -g --define=FAST_ROM_V1p6 --diag_warning=225 --display_error_number --asm_listing --preproc_with_compile --preproc_dependency="drivers/gpio.pp" --obj_directory="drivers"  "C:/ti/motorware/motorware_1_01_00_14/sw/drivers/gpio/src/32b/f28x/f2806x/gpio.c"
'Finished building: C:/ti/motorware/motorware_1_01_00_14/sw/drivers/gpio/src/32b/f28x/f2806x/gpio.c'
' '
'Building file: C:/ti/motorware/motorware_1_01_00_14/sw/modules/hal/boards/boostxldrv8301_revB/f28x/f2806x/src/hal.c'
'Invoking: C2000 Compiler'
"C:/ti/ccsv6/tools/compiler/ti-cgt-c2000_6.4.4/bin/cl2000" -v28 -ml -mt -O2 --include_path="C:/work/ws_ccs_motorware/inc_foc" --include_path="C:/ti/motorware/motorware_1_01_00_14/sw/modules/hal/boards/boostxldrv8301_revB/f28x/f2806x/src/" --include_path="C:/ti/ccsv6/tools/compiler/ti-cgt-c2000_6.4.4/include" --include_path="C:/Users/grant/src" --include_path="C:/ti/motorware/motorware_1_01_00_14" -g --define=FAST_ROM_V1p6 --diag_warning=225 --display_error_number --asm_listing --preproc_with_compile --preproc_dependency="drivers/hal.pp" --obj_directory="drivers"  "C:/ti/motorware/motorware_1_01_00_14/sw/modules/hal/boards/boostxldrv8301_revB/f28x/f2806x/src/hal.c"
'Finished building: C:/ti/motorware/motorware_1_01_00_14/sw/modules/hal/boards/boostxldrv8301_revB/f28x/f2806x/src/hal.c'
' '
'Building file: C:/ti/motorware/motorware_1_01_00_14/sw/modules/ipark/src/32b/ipark.c'
'Invoking: C2000 Compiler'
"C:/ti/ccsv6/tools/compiler/ti-cgt-c2000_6.4.4/bin/cl2000" -v28 -ml -mt -O2 --include_path="C:/work/ws_ccs_motorware/inc_foc" --include_path="C:/ti/motorware/motorware_1_01_00_14/sw/modules/hal/boards/boostxldrv8301_revB/f28x/f2806x/src/" --include_path="C:/ti/ccsv6/tools/compiler/ti-cgt-c2000_6.4.4/include" --include_path="C:/Users/grant/src" --include_path="C:/ti/motorware/motorware_1_01_00_14" -g --define=FAST_ROM_V1p6 --diag_warning=225 --display_error_number --asm_listing --preproc_with_compile --preproc_dependency="drivers/ipark.pp" --obj_directory="drivers"  "C:/ti/motorware/motorware_1_01_00_14/sw/modules/ipark/src/32b/ipark.c"
'Finished building: C:/ti/motorware/motorware_1_01_00_14/sw/modules/ipark/src/32b/ipark.c'
' '
'Building file: C:/ti/motorware/motorware_1_01_00_14/sw/modules/memCopy/src/memCopy.c'
'Invoking: C2000 Compiler'
"C:/ti/ccsv6/tools/compiler/ti-cgt-c2000_6.4.4/bin/cl2000" -v28 -ml -mt -O2 --include_path="C:/work/ws_ccs_motorware/inc_foc" --include_path="C:/ti/motorware/motorware_1_01_00_14/sw/modules/hal/boards/boostxldrv8301_revB/f28x/f2806x/src/" --include_path="C:/ti/ccsv6/tools/compiler/ti-cgt-c2000_6.4.4/include" --include_path="C:/Users/grant/src" --include_path="C:/ti/motorware/motorware_1_01_00_14" -g --define=FAST_ROM_V1p6 --diag_warning=225 --display_error_number --asm_listing --preproc_with_compile --preproc_dependency="drivers/memCopy.pp" --obj_directory="drivers"  "C:/ti/motorware/motorware_1_01_00_14/sw/modules/memCopy/src/memCopy.c"
'Finished building: C:/ti/motorware/motorware_1_01_00_14/sw/modules/memCopy/src/memCopy.c'
' '
'Building file: C:/ti/motorware/motorware_1_01_00_14/sw/modules/offset/src/32b/offset.c'
'Invoking: C2000 Compiler'
"C:/ti/ccsv6/tools/compiler/ti-cgt-c2000_6.4.4/bin/cl2000" -v28 -ml -mt -O2 --include_path="C:/work/ws_ccs_motorware/inc_foc" --include_path="C:/ti/motorware/motorware_1_01_00_14/sw/modules/hal/boards/boostxldrv8301_revB/f28x/f2806x/src/" --include_path="C:/ti/ccsv6/tools/compiler/ti-cgt-c2000_6.4.4/include" --include_path="C:/Users/grant/src" --include_path="C:/ti/motorware/motorware_1_01_00_14" -g --define=FAST_ROM_V1p6 --diag_warning=225 --display_error_number --asm_listing --preproc_with_compile --preproc_dependency="drivers/offset.pp" --obj_directory="drivers"  "C:/ti/motorware/motorware_1_01_00_14/sw/modules/offset/src/32b/offset.c"
'Finished building: C:/ti/motorware/motorware_1_01_00_14/sw/modules/offset/src/32b/offset.c'
' '
'Building file: C:/ti/motorware/motorware_1_01_00_14/sw/drivers/osc/src/32b/f28x/f2806x/osc.c'
'Invoking: C2000 Compiler'
"C:/ti/ccsv6/tools/compiler/ti-cgt-c2000_6.4.4/bin/cl2000" -v28 -ml -mt -O2 --include_path="C:/work/ws_ccs_motorware/inc_foc" --include_path="C:/ti/motorware/motorware_1_01_00_14/sw/modules/hal/boards/boostxldrv8301_revB/f28x/f2806x/src/" --include_path="C:/ti/ccsv6/tools/compiler/ti-cgt-c2000_6.4.4/include" --include_path="C:/Users/grant/src" --include_path="C:/ti/motorware/motorware_1_01_00_14" -g --define=FAST_ROM_V1p6 --diag_warning=225 --display_error_number --asm_listing --preproc_with_compile --preproc_dependency="drivers/osc.pp" --obj_directory="drivers"  "C:/ti/motorware/motorware_1_01_00_14/sw/drivers/osc/src/32b/f28x/f2806x/osc.c"
'Finished building: C:/ti/motorware/motorware_1_01_00_14/sw/drivers/osc/src/32b/f28x/f2806x/osc.c'
' '
'Building file: C:/ti/motorware/motorware_1_01_00_14/sw/modules/park/src/32b/park.c'
'Invoking: C2000 Compiler'
"C:/ti/ccsv6/tools/compiler/ti-cgt-c2000_6.4.4/bin/cl2000" -v28 -ml -mt -O2 --include_path="C:/work/ws_ccs_motorware/inc_foc" --include_path="C:/ti/motorware/motorware_1_01_00_14/sw/modules/hal/boards/boostxldrv8301_revB/f28x/f2806x/src/" --include_path="C:/ti/ccsv6/tools/compiler/ti-cgt-c2000_6.4.4/include" --include_path="C:/Users/grant/src" --include_path="C:/ti/motorware/motorware_1_01_00_14" -g --define=FAST_ROM_V1p6 --diag_warning=225 --display_error_number --asm_listing --preproc_with_compile --preproc_dependency="drivers/park.pp" --obj_directory="drivers"  "C:/ti/motorware/motorware_1_01_00_14/sw/modules/park/src/32b/park.c"
'Finished building: C:/ti/motorware/motorware_1_01_00_14/sw/modules/park/src/32b/park.c'
' '
'Building file: C:/ti/motorware/motorware_1_01_00_14/sw/modules/pid/src/32b/pid.c'
'Invoking: C2000 Compiler'
"C:/ti/ccsv6/tools/compiler/ti-cgt-c2000_6.4.4/bin/cl2000" -v28 -ml -mt -O2 --include_path="C:/work/ws_ccs_motorware/inc_foc" --include_path="C:/ti/motorware/motorware_1_01_00_14/sw/modules/hal/boards/boostxldrv8301_revB/f28x/f2806x/src/" --include_path="C:/ti/ccsv6/tools/compiler/ti-cgt-c2000_6.4.4/include" --include_path="C:/Users/grant/src" --include_path="C:/ti/motorware/motorware_1_01_00_14" -g --define=FAST_ROM_V1p6 --diag_warning=225 --display_error_number --asm_listing --preproc_with_compile --preproc_dependency="drivers/pid.pp" --obj_directory="drivers"  "C:/ti/motorware/motorware_1_01_00_14/sw/modules/pid/src/32b/pid.c"
'Finished building: C:/ti/motorware/motorware_1_01_00_14/sw/modules/pid/src/32b/pid.c'
' '
'Building file: C:/ti/motorware/motorware_1_01_00_14/sw/drivers/pie/src/32b/f28x/f2806x/pie.c'
'Invoking: C2000 Compiler'
"C:/ti/ccsv6/tools/compiler/ti-cgt-c2000_6.4.4/bin/cl2000" -v28 -ml -mt -O2 --include_path="C:/work/ws_ccs_motorware/inc_foc" --include_path="C:/ti/motorware/motorware_1_01_00_14/sw/modules/hal/boards/boostxldrv8301_revB/f28x/f2806x/src/" --include_path="C:/ti/ccsv6/tools/compiler/ti-cgt-c2000_6.4.4/include" --include_path="C:/Users/grant/src" --include_path="C:/ti/motorware/motorware_1_01_00_14" -g --define=FAST_ROM_V1p6 --diag_warning=225 --display_error_number --asm_listing --preproc_with_compile --preproc_dependency="drivers/pie.pp" --obj_directory="drivers"  "C:/ti/motorware/motorware_1_01_00_14/sw/drivers/pie/src/32b/f28x/f2806x/pie.c"
'Finished building: C:/ti/motorware/motorware_1_01_00_14/sw/drivers/pie/src/32b/f28x/f2806x/pie.c'
' '
'Building file: C:/ti/motorware/motorware_1_01_00_14/sw/drivers/pll/src/32b/f28x/f2806x/pll.c'
'Invoking: C2000 Compiler'
"C:/ti/ccsv6/tools/compiler/ti-cgt-c2000_6.4.4/bin/cl2000" -v28 -ml -mt -O2 --include_path="C:/work/ws_ccs_motorware/inc_foc" --include_path="C:/ti/motorware/motorware_1_01_00_14/sw/modules/hal/boards/boostxldrv8301_revB/f28x/f2806x/src/" --include_path="C:/ti/ccsv6/tools/compiler/ti-cgt-c2000_6.4.4/include" --include_path="C:/Users/grant/src" --include_path="C:/ti/motorware/motorware_1_01_00_14" -g --define=FAST_ROM_V1p6 --diag_warning=225 --display_error_number --asm_listing --preproc_with_compile --preproc_dependency="drivers/pll.pp" --obj_directory="drivers"  "C:/ti/motorware/motorware_1_01_00_14/sw/drivers/pll/src/32b/f28x/f2806x/pll.c"
'Finished building: C:/ti/motorware/motorware_1_01_00_14/sw/drivers/pll/src/32b/f28x/f2806x/pll.c'
' '
'Building file: C:/ti/motorware/motorware_1_01_00_14/sw/drivers/pwm/src/32b/f28x/f2806x/pwm.c'
'Invoking: C2000 Compiler'
"C:/ti/ccsv6/tools/compiler/ti-cgt-c2000_6.4.4/bin/cl2000" -v28 -ml -mt -O2 --include_path="C:/work/ws_ccs_motorware/inc_foc" --include_path="C:/ti/motorware/motorware_1_01_00_14/sw/modules/hal/boards/boostxldrv8301_revB/f28x/f2806x/src/" --include_path="C:/ti/ccsv6/tools/compiler/ti-cgt-c2000_6.4.4/include" --include_path="C:/Users/grant/src" --include_path="C:/ti/motorware/motorware_1_01_00_14" -g --define=FAST_ROM_V1p6 --diag_warning=225 --display_error_number --asm_listing --preproc_with_compile --preproc_dependency="drivers/pwm.pp" --obj_directory="drivers"  "C:/ti/motorware/motorware_1_01_00_14/sw/drivers/pwm/src/32b/f28x/f2806x/pwm.c"
'Finished building: C:/ti/motorware/motorware_1_01_00_14/sw/drivers/pwm/src/32b/f28x/f2806x/pwm.c'
' '
'Building file: C:/ti/motorware/motorware_1_01_00_14/sw/drivers/pwr/src/32b/f28x/f2806x/pwr.c'
'Invoking: C2000 Compiler'
"C:/ti/ccsv6/tools/compiler/ti-cgt-c2000_6.4.4/bin/cl2000" -v28 -ml -mt -O2 --include_path="C:/work/ws_ccs_motorware/inc_foc" --include_path="C:/ti/motorware/motorware_1_01_00_14/sw/modules/hal/boards/boostxldrv8301_revB/f28x/f2806x/src/" --include_path="C:/ti/ccsv6/tools/compiler/ti-cgt-c2000_6.4.4/include" --include_path="C:/Users/grant/src" --include_path="C:/ti/motorware/motorware_1_01_00_14" -g --define=FAST_ROM_V1p6 --diag_warning=225 --display_error_number --asm_listing --preproc_with_compile --preproc_dependency="drivers/pwr.pp" --obj_directory="drivers"  "C:/ti/motorware/motorware_1_01_00_14/sw/drivers/pwr/src/32b/f28x/f2806x/pwr.c"
'Finished building: C:/ti/motorware/motorware_1_01_00_14/sw/drivers/pwr/src/32b/f28x/f2806x/pwr.c'
' '
'Building file: C:/ti/motorware/motorware_1_01_00_14/sw/drivers/spi/src/32b/f28x/f2806x/spi.c'
'Invoking: C2000 Compiler'
"C:/ti/ccsv6/tools/compiler/ti-cgt-c2000_6.4.4/bin/cl2000" -v28 -ml -mt -O2 --include_path="C:/work/ws_ccs_motorware/inc_foc" --include_path="C:/ti/motorware/motorware_1_01_00_14/sw/modules/hal/boards/boostxldrv8301_revB/f28x/f2806x/src/" --include_path="C:/ti/ccsv6/tools/compiler/ti-cgt-c2000_6.4.4/include" --include_path="C:/Users/grant/src" --include_path="C:/ti/motorware/motorware_1_01_00_14" -g --define=FAST_ROM_V1p6 --diag_warning=225 --display_error_number --asm_listing --preproc_with_compile --preproc_dependency="drivers/spi.pp" --obj_directory="drivers"  "C:/ti/motorware/motorware_1_01_00_14/sw/drivers/spi/src/32b/f28x/f2806x/spi.c"
'Finished building: C:/ti/motorware/motorware_1_01_00_14/sw/drivers/spi/src/32b/f28x/f2806x/spi.c'
' '
'Building file: C:/ti/motorware/motorware_1_01_00_14/sw/modules/svgen/src/32b/svgen.c'
'Invoking: C2000 Compiler'
"C:/ti/ccsv6/tools/compiler/ti-cgt-c2000_6.4.4/bin/cl2000" -v28 -ml -mt -O2 --include_path="C:/work/ws_ccs_motorware/inc_foc" --include_path="C:/ti/motorware/motorware_1_01_00_14/sw/modules/hal/boards/boostxldrv8301_revB/f28x/f2806x/src/" --include_path="C:/ti/ccsv6/tools/compiler/ti-cgt-c2000_6.4.4/include" --include_path="C:/Users/grant/src" --include_path="C:/ti/motorware/motorware_1_01_00_14" -g --define=FAST_ROM_V1p6 --diag_warning=225 --display_error_number --asm_listing --preproc_with_compile --preproc_dependency="drivers/svgen.pp" --obj_directory="drivers"  "C:/ti/motorware/motorware_1_01_00_14/sw/modules/svgen/src/32b/svgen.c"
'Finished building: C:/ti/motorware/motorware_1_01_00_14/sw/modules/svgen/src/32b/svgen.c'
' '
'Building file: C:/ti/motorware/motorware_1_01_00_14/sw/drivers/timer/src/32b/f28x/f2806x/timer.c'
'Invoking: C2000 Compiler'
"C:/ti/ccsv6/tools/compiler/ti-cgt-c2000_6.4.4/bin/cl2000" -v28 -ml -mt -O2 --include_path="C:/work/ws_ccs_motorware/inc_foc" --include_path="C:/ti/motorware/motorware_1_01_00_14/sw/modules/hal/boards/boostxldrv8301_revB/f28x/f2806x/src/" --include_path="C:/ti/ccsv6/tools/compiler/ti-cgt-c2000_6.4.4/include" --include_path="C:/Users/grant/src" --include_path="C:/ti/motorware/motorware_1_01_00_14" -g --define=FAST_ROM_V1p6 --diag_warning=225 --display_error_number --asm_listing --preproc_with_compile --preproc_dependency="drivers/timer.pp" --obj_directory="drivers"  "C:/ti/motorware/motorware_1_01_00_14/sw/drivers/timer/src/32b/f28x/f2806x/timer.c"
'Finished building: C:/ti/motorware/motorware_1_01_00_14/sw/drivers/timer/src/32b/f28x/f2806x/timer.c'
' '
'Building file: C:/ti/motorware/motorware_1_01_00_14/sw/modules/traj/src/32b/traj.c'
'Invoking: C2000 Compiler'
"C:/ti/ccsv6/tools/compiler/ti-cgt-c2000_6.4.4/bin/cl2000" -v28 -ml -mt -O2 --include_path="C:/work/ws_ccs_motorware/inc_foc" --include_path="C:/ti/motorware/motorware_1_01_00_14/sw/modules/hal/boards/boostxldrv8301_revB/f28x/f2806x/src/" --include_path="C:/ti/ccsv6/tools/compiler/ti-cgt-c2000_6.4.4/include" --include_path="C:/Users/grant/src" --include_path="C:/ti/motorware/motorware_1_01_00_14" -g --define=FAST_ROM_V1p6 --diag_warning=225 --display_error_number --asm_listing --preproc_with_compile --preproc_dependency="drivers/traj.pp" --obj_directory="drivers"  "C:/ti/motorware/motorware_1_01_00_14/sw/modules/traj/src/32b/traj.c"
'Finished building: C:/ti/motorware/motorware_1_01_00_14/sw/modules/traj/src/32b/traj.c'
' '
'Building file: C:/ti/motorware/motorware_1_01_00_14/sw/modules/usDelay/src/32b/f28x/usDelay.asm'
'Invoking: C2000 Compiler'
"C:/ti/ccsv6/tools/compiler/ti-cgt-c2000_6.4.4/bin/cl2000" -v28 -ml -mt -O2 --include_path="C:/work/ws_ccs_motorware/inc_foc" --include_path="C:/ti/motorware/motorware_1_01_00_14/sw/modules/hal/boards/boostxldrv8301_revB/f28x/f2806x/src/" --include_path="C:/ti/ccsv6/tools/compiler/ti-cgt-c2000_6.4.4/include" --include_path="C:/Users/grant/src" --include_path="C:/ti/motorware/motorware_1_01_00_14" -g --define=FAST_ROM_V1p6 --diag_warning=225 --display_error_number --asm_listing --preproc_with_compile --preproc_dependency="drivers/usDelay.pp" --obj_directory="drivers"  "C:/ti/motorware/motorware_1_01_00_14/sw/modules/usDelay/src/32b/f28x/usDelay.asm"
'Finished building: C:/ti/motorware/motorware_1_01_00_14/sw/modules/usDelay/src/32b/f28x/usDelay.asm'
' '
'Building file: C:/ti/motorware/motorware_1_01_00_14/sw/modules/user/src/32b/user.c'
'Invoking: C2000 Compiler'
"C:/ti/ccsv6/tools/compiler/ti-cgt-c2000_6.4.4/bin/cl2000" -v28 -ml -mt -O2 --include_path="C:/work/ws_ccs_motorware/inc_foc" --include_path="C:/ti/motorware/motorware_1_01_00_14/sw/modules/hal/boards/boostxldrv8301_revB/f28x/f2806x/src/" --include_path="C:/ti/ccsv6/tools/compiler/ti-cgt-c2000_6.4.4/include" --include_path="C:/Users/grant/src" --include_path="C:/ti/motorware/motorware_1_01_00_14" -g --define=FAST_ROM_V1p6 --diag_warning=225 --display_error_number --asm_listing --preproc_with_compile --preproc_dependency="drivers/user.pp" --obj_directory="drivers"  "C:/ti/motorware/motorware_1_01_00_14/sw/modules/user/src/32b/user.c"
'Finished building: C:/ti/motorware/motorware_1_01_00_14/sw/modules/user/src/32b/user.c'
' '
'Building file: C:/ti/motorware/motorware_1_01_00_14/sw/drivers/wdog/src/32b/f28x/f2806x/wdog.c'
'Invoking: C2000 Compiler'
"C:/ti/ccsv6/tools/compiler/ti-cgt-c2000_6.4.4/bin/cl2000" -v28 -ml -mt -O2 --include_path="C:/work/ws_ccs_motorware/inc_foc" --include_path="C:/ti/motorware/motorware_1_01_00_14/sw/modules/hal/boards/boostxldrv8301_revB/f28x/f2806x/src/" --include_path="C:/ti/ccsv6/tools/compiler/ti-cgt-c2000_6.4.4/include" --include_path="C:/Users/grant/src" --include_path="C:/ti/motorware/motorware_1_01_00_14" -g --define=FAST_ROM_V1p6 --diag_warning=225 --display_error_number --asm_listing --preproc_with_compile --preproc_dependency="drivers/wdog.pp" --obj_directory="drivers"  "C:/ti/motorware/motorware_1_01_00_14/sw/drivers/wdog/src/32b/f28x/f2806x/wdog.c"
'Finished building: C:/ti/motorware/motorware_1_01_00_14/sw/drivers/wdog/src/32b/f28x/f2806x/wdog.c'
' '
gmake: Target `all' not remade because of errors.

**** Build Finished ****
