
**** Build of configuration Release for project proj_lab05c ****

"C:\\ti\\ccsv6\\utils\\bin\\gmake" -k -j 8 all 
'Building file: C:/ti/motorware/motorware_1_01_00_14/sw/modules/ctrl/src/32b/ctrl.c'
'Building file: C:/ti/motorware/motorware_1_01_00_14/sw/modules/hal/boards/boostxldrv8301_revB/f28x/f2806x/src/hal.c'
'Building file: C:/ti/motorware/motorware_1_01_00_14/sw/solutions/instaspin_motion/src/proj_lab05c.c'
'Building file: C:/ti/motorware/motorware_1_01_00_14/sw/modules/user/src/32b/user.c'
'Invoking: C2000 Compiler'
'Invoking: C2000 Compiler'
'Invoking: C2000 Compiler'
"C:/ti/ccsv6/tools/compiler/ti-cgt-c2000_6.4.4/bin/cl2000" -v28 -ml -mt -O2 --include_path="C:/ti/motorware/motorware_1_01_00_14/sw/modules/hal/boards/boostxldrv8301_revB/f28x/f2806x/src/" --include_path="C:/ti/ccsv6/tools/compiler/ti-cgt-c2000_6.4.4/include" --include_path="C:/ti/motorware/motorware_1_01_00_14/sw/solutions/instaspin_motion/boards/boostxldrv8301_revB/f28x/f2806xM/src" --include_path="C:/ti/motorware/motorware_1_01_00_14" -g --define=FAST_ROM_V1p6 --diag_warning=225 --display_error_number --preproc_with_compile --preproc_dependency="ctrl.pp"  "C:/ti/motorware/motorware_1_01_00_14/sw/modules/ctrl/src/32b/ctrl.c"
'Invoking: C2000 Compiler'
"C:/ti/ccsv6/tools/compiler/ti-cgt-c2000_6.4.4/bin/cl2000" -v28 -ml -mt -O2 --include_path="C:/ti/motorware/motorware_1_01_00_14/sw/modules/hal/boards/boostxldrv8301_revB/f28x/f2806x/src/" --include_path="C:/ti/ccsv6/tools/compiler/ti-cgt-c2000_6.4.4/include" --include_path="C:/ti/motorware/motorware_1_01_00_14/sw/solutions/instaspin_motion/boards/boostxldrv8301_revB/f28x/f2806xM/src" --include_path="C:/ti/motorware/motorware_1_01_00_14" -g --define=FAST_ROM_V1p6 --diag_warning=225 --display_error_number --preproc_with_compile --preproc_dependency="hal.pp"  "C:/ti/motorware/motorware_1_01_00_14/sw/modules/hal/boards/boostxldrv8301_revB/f28x/f2806x/src/hal.c"
"C:/ti/ccsv6/tools/compiler/ti-cgt-c2000_6.4.4/bin/cl2000" -v28 -ml -mt -O2 --include_path="C:/ti/motorware/motorware_1_01_00_14/sw/modules/hal/boards/boostxldrv8301_revB/f28x/f2806x/src/" --include_path="C:/ti/ccsv6/tools/compiler/ti-cgt-c2000_6.4.4/include" --include_path="C:/ti/motorware/motorware_1_01_00_14/sw/solutions/instaspin_motion/boards/boostxldrv8301_revB/f28x/f2806xM/src" --include_path="C:/ti/motorware/motorware_1_01_00_14" -g --define=FAST_ROM_V1p6 --diag_warning=225 --display_error_number --preproc_with_compile --preproc_dependency="proj_lab05c.pp"  "C:/ti/motorware/motorware_1_01_00_14/sw/solutions/instaspin_motion/src/proj_lab05c.c"
"C:/ti/ccsv6/tools/compiler/ti-cgt-c2000_6.4.4/bin/cl2000" -v28 -ml -mt -O2 --include_path="C:/ti/motorware/motorware_1_01_00_14/sw/modules/hal/boards/boostxldrv8301_revB/f28x/f2806x/src/" --include_path="C:/ti/ccsv6/tools/compiler/ti-cgt-c2000_6.4.4/include" --include_path="C:/ti/motorware/motorware_1_01_00_14/sw/solutions/instaspin_motion/boards/boostxldrv8301_revB/f28x/f2806xM/src" --include_path="C:/ti/motorware/motorware_1_01_00_14" -g --define=FAST_ROM_V1p6 --diag_warning=225 --display_error_number --preproc_with_compile --preproc_dependency="user.pp"  "C:/ti/motorware/motorware_1_01_00_14/sw/modules/user/src/32b/user.c"
'Finished building: C:/ti/motorware/motorware_1_01_00_14/sw/modules/user/src/32b/user.c'
' '
'Finished building: C:/ti/motorware/motorware_1_01_00_14/sw/modules/hal/boards/boostxldrv8301_revB/f28x/f2806x/src/hal.c'
' '
'Finished building: C:/ti/motorware/motorware_1_01_00_14/sw/solutions/instaspin_motion/src/proj_lab05c.c'
' '
'Finished building: C:/ti/motorware/motorware_1_01_00_14/sw/modules/ctrl/src/32b/ctrl.c'
' '
'Building target: proj_lab05c.out'
'Invoking: C2000 Linker'
"C:/ti/ccsv6/tools/compiler/ti-cgt-c2000_6.4.4/bin/cl2000" -v28 -ml -mt -O2 -g --define=FAST_ROM_V1p6 --diag_warning=225 --display_error_number -z -m"proj_lab05c.map" --stack_size=0x3B0 --warn_sections -i"C:/ti/ccsv6/tools/compiler/ti-cgt-c2000_6.4.4/lib" -i"C:/ti/ccsv6/tools/compiler/ti-cgt-c2000_6.4.4/include" --reread_libs --priority --disable_auto_rts --diag_suppress=16002 --xml_link_info="proj_lab05c_linkInfo.xml" --rom_model -o "proj_lab05c.out" -l"rts2800_ml.lib" "C:/ti/motorware/motorware_1_01_00_14/sw/modules/fast/lib/32b/f28x/f2806x/2806xRevB_FastSpinROMSymbols.lib" "C:/ti/motorware/motorware_1_01_00_14/sw/modules/spintac/lib/32b/SpinTAC.lib" "C:/ti/motorware/motorware_1_01_00_14/sw/modules/iqmath/lib/f28x/32b/IQmath.lib" "./CodeStartBranch.obj" "./adc.obj" "./clarke.obj" "./clk.obj" "./cpu.obj" "./ctrl.obj" "./drv8301.obj" "./filter_fo.obj" "./flash.obj" "./gpio.obj" "./hal.obj" "./ipark.obj" "./offset.obj" "./osc.obj" "./park.obj" "./pid.obj" "./pie.obj" "./pll.obj" "./proj_lab05c.obj" "./pwm.obj" "./pwr.obj" "./spi.obj" "./svgen.obj" "./timer.obj" "./traj.obj" "./usDelay.obj" "./user.obj" "./wdog.obj" "C:/ti/motorware/motorware_1_01_00_14/sw/ide/ccs/cmd/f2806x/f28069M_ram_lnk.cmd"  
<Linking>
[C:/ti/ccsv6/tools/compiler/ti-cgt-c2000_6.4.4/bin/cl2000 forced exit]
[C:\ti\ccsv6\tools\compiler\ti-cgt-c2000_6.4.4\bin\lnk2000.exe forced exit]
Terminate batch job (Y/N)? 
gmake: *** [proj_lab05c.out] Error 2

**** Build of configuration Release for project proj_lab05c ****

!CommandLauncher.error.commandCanceled!
Error: Program "C:/ti/ccsv6/utils/bin/gmake" is not found in PATH

PATH=[C:\ti\ccsv6\ccs_base\emulation\analysis\bin\..\..\..\common\bin;C:\ti\ccsv6\ccs_base\emulation\analysis\bin\..\..\..\DebugServer\bin;C:\ti\ccsv6\ccs_base\emulation\analysis\bin\ofs;C:\ti\ccsv6\ccs_base\common\bin;C:\ti\ccsv6\ccs_base\common\uscif;C:\ti\ccsv6\ccs_base\DebugServer\license;C:\ti\ccsv6\ccs_base\common\bin;C:\ti\ccsv6\ccs_base\common\uscif;C:\ti\ccsv6\ccs_base\DebugServer\license;C:/ti/ccsv6/eclipse/jre/bin/client;C:/ti/ccsv6/eclipse/jre/bin;C:/ti/ccsv6/eclipse/jre/lib/i386;C:\ProgramData\Oracle\Java\javapath;C:\Program Files\Dell\DW WLAN Card;C:\Program Files (x86)\NVIDIA Corporation\PhysX\Common;c:\Program Files (x86)\Intel\iCLS Client\;c:\Program Files\Intel\iCLS Client\;C:\Windows\system32;C:\Windows;C:\Windows\System32\Wbem;C:\Windows\System32\WindowsPowerShell\v1.0\;C:\Program Files\Intel\Intel(R) Management Engine Components\DAL;C:\Program Files\Intel\Intel(R) Management Engine Components\IPT;C:\Program Files (x86)\Intel\Intel(R) Management Engine Components\DAL;C:\Program Files (x86)\Intel\Intel(R) Management Engine Components\IPT;C:\Program Files\WIDCOMM\Bluetooth Software\;C:\Program Files\WIDCOMM\Bluetooth Software\syswow64;C:\Program Files (x86)\Skype\Phone\;C:\tools\doxygen\bin;C:\Program Files\TortoiseGit\bin;C:\Program Files\TortoiseSVN\bin;C:\ti\ccsv6\eclipse;;C:\ti\ccsv6\ccs_base\emulation\analysis\bin\.;C:\ti\ccsv6\ccs_base\emulation\analysis\bin\../xmldb/aet_config;C:\ti\ccsv6\ccs_base\emulation\analysis\bin\../xmldb/trace_config/setup;C:\ti\ccsv6\ccs_base\emulation\analysis\bin\../xmldb/trace_config/devices;C:\ti\ccsv6\ccs_base\emulation\analysis\bin\../../../common/bin;C:\ti\ccsv6\ccs_base\emulation\analysis\bin\../../../common/uscif;C:\ti\ccsv6\ccs_base\emulation\analysis\bin\../../tpi;C:\ti\ccsv6\ccs_base\emulation\drivers]

**** Build Finished ****
