
**** Build of configuration Release for project proj_lab13a ****

"C:\\ti\\ccsv6\\utils\\bin\\gmake" -k all 
'Building file: C:/ti/motorware/motorware_1_01_00_14/sw/drivers/cpu/src/32b/f28x/f2806x/CodeStartBranch.asm'
'Invoking: C2000 Compiler'
"C:/ti/ccsv6/tools/compiler/ti-cgt-c2000_6.4.4/bin/cl2000" -v28 -ml -mt -O2 --include_path="C:/ti/ccsv6/tools/compiler/ti-cgt-c2000_6.4.4/include" --include_path="C:/ti/motorware/motorware_1_01_00_14/sw/modules/hal/boards/boostxldrv8301_revB/f28x/f2806x/src" --include_path="C:/ti/motorware/motorware_1_01_00_14/sw/solutions/instaspin_motion/boards/boostxldrv8301_revB/f28x/f2806xM/src" --include_path="C:/ti/motorware/motorware_1_01_00_14" -g --define=FAST_ROM_V1p6 --define=QEP --diag_warning=225 --display_error_number --preproc_with_compile --preproc_dependency="CodeStartBranch.pp"  "C:/ti/motorware/motorware_1_01_00_14/sw/drivers/cpu/src/32b/f28x/f2806x/CodeStartBranch.asm"
'Finished building: C:/ti/motorware/motorware_1_01_00_14/sw/drivers/cpu/src/32b/f28x/f2806x/CodeStartBranch.asm'
' '
'Building file: C:/ti/motorware/motorware_1_01_00_14/sw/drivers/adc/src/32b/f28x/f2806x/adc.c'
'Invoking: C2000 Compiler'
"C:/ti/ccsv6/tools/compiler/ti-cgt-c2000_6.4.4/bin/cl2000" -v28 -ml -mt -O2 --include_path="C:/ti/ccsv6/tools/compiler/ti-cgt-c2000_6.4.4/include" --include_path="C:/ti/motorware/motorware_1_01_00_14/sw/modules/hal/boards/boostxldrv8301_revB/f28x/f2806x/src" --include_path="C:/ti/motorware/motorware_1_01_00_14/sw/solutions/instaspin_motion/boards/boostxldrv8301_revB/f28x/f2806xM/src" --include_path="C:/ti/motorware/motorware_1_01_00_14" -g --define=FAST_ROM_V1p6 --define=QEP --diag_warning=225 --display_error_number --preproc_with_compile --preproc_dependency="adc.pp"  "C:/ti/motorware/motorware_1_01_00_14/sw/drivers/adc/src/32b/f28x/f2806x/adc.c"
'Finished building: C:/ti/motorware/motorware_1_01_00_14/sw/drivers/adc/src/32b/f28x/f2806x/adc.c'
' '
'Building file: C:/ti/motorware/motorware_1_01_00_14/sw/modules/clarke/src/32b/clarke.c'
'Invoking: C2000 Compiler'
"C:/ti/ccsv6/tools/compiler/ti-cgt-c2000_6.4.4/bin/cl2000" -v28 -ml -mt -O2 --include_path="C:/ti/ccsv6/tools/compiler/ti-cgt-c2000_6.4.4/include" --include_path="C:/ti/motorware/motorware_1_01_00_14/sw/modules/hal/boards/boostxldrv8301_revB/f28x/f2806x/src" --include_path="C:/ti/motorware/motorware_1_01_00_14/sw/solutions/instaspin_motion/boards/boostxldrv8301_revB/f28x/f2806xM/src" --include_path="C:/ti/motorware/motorware_1_01_00_14" -g --define=FAST_ROM_V1p6 --define=QEP --diag_warning=225 --display_error_number --preproc_with_compile --preproc_dependency="clarke.pp"  "C:/ti/motorware/motorware_1_01_00_14/sw/modules/clarke/src/32b/clarke.c"
'Finished building: C:/ti/motorware/motorware_1_01_00_14/sw/modules/clarke/src/32b/clarke.c'
' '
'Building file: C:/ti/motorware/motorware_1_01_00_14/sw/drivers/clk/src/32b/f28x/f2806x/clk.c'
'Invoking: C2000 Compiler'
"C:/ti/ccsv6/tools/compiler/ti-cgt-c2000_6.4.4/bin/cl2000" -v28 -ml -mt -O2 --include_path="C:/ti/ccsv6/tools/compiler/ti-cgt-c2000_6.4.4/include" --include_path="C:/ti/motorware/motorware_1_01_00_14/sw/modules/hal/boards/boostxldrv8301_revB/f28x/f2806x/src" --include_path="C:/ti/motorware/motorware_1_01_00_14/sw/solutions/instaspin_motion/boards/boostxldrv8301_revB/f28x/f2806xM/src" --include_path="C:/ti/motorware/motorware_1_01_00_14" -g --define=FAST_ROM_V1p6 --define=QEP --diag_warning=225 --display_error_number --preproc_with_compile --preproc_dependency="clk.pp"  "C:/ti/motorware/motorware_1_01_00_14/sw/drivers/clk/src/32b/f28x/f2806x/clk.c"
'Finished building: C:/ti/motorware/motorware_1_01_00_14/sw/drivers/clk/src/32b/f28x/f2806x/clk.c'
' '
'Building file: C:/ti/motorware/motorware_1_01_00_14/sw/drivers/cpu/src/32b/f28x/f2806x/cpu.c'
'Invoking: C2000 Compiler'
"C:/ti/ccsv6/tools/compiler/ti-cgt-c2000_6.4.4/bin/cl2000" -v28 -ml -mt -O2 --include_path="C:/ti/ccsv6/tools/compiler/ti-cgt-c2000_6.4.4/include" --include_path="C:/ti/motorware/motorware_1_01_00_14/sw/modules/hal/boards/boostxldrv8301_revB/f28x/f2806x/src" --include_path="C:/ti/motorware/motorware_1_01_00_14/sw/solutions/instaspin_motion/boards/boostxldrv8301_revB/f28x/f2806xM/src" --include_path="C:/ti/motorware/motorware_1_01_00_14" -g --define=FAST_ROM_V1p6 --define=QEP --diag_warning=225 --display_error_number --preproc_with_compile --preproc_dependency="cpu.pp"  "C:/ti/motorware/motorware_1_01_00_14/sw/drivers/cpu/src/32b/f28x/f2806x/cpu.c"
'Finished building: C:/ti/motorware/motorware_1_01_00_14/sw/drivers/cpu/src/32b/f28x/f2806x/cpu.c'
' '
'Building file: C:/ti/motorware/motorware_1_01_00_14/sw/modules/ctrl/src/32b/ctrlQEP.c'
'Invoking: C2000 Compiler'
"C:/ti/ccsv6/tools/compiler/ti-cgt-c2000_6.4.4/bin/cl2000" -v28 -ml -mt -O2 --include_path="C:/ti/ccsv6/tools/compiler/ti-cgt-c2000_6.4.4/include" --include_path="C:/ti/motorware/motorware_1_01_00_14/sw/modules/hal/boards/boostxldrv8301_revB/f28x/f2806x/src" --include_path="C:/ti/motorware/motorware_1_01_00_14/sw/solutions/instaspin_motion/boards/boostxldrv8301_revB/f28x/f2806xM/src" --include_path="C:/ti/motorware/motorware_1_01_00_14" -g --define=FAST_ROM_V1p6 --define=QEP --diag_warning=225 --display_error_number --preproc_with_compile --preproc_dependency="ctrlQEP.pp"  "C:/ti/motorware/motorware_1_01_00_14/sw/modules/ctrl/src/32b/ctrlQEP.c"
'Finished building: C:/ti/motorware/motorware_1_01_00_14/sw/modules/ctrl/src/32b/ctrlQEP.c'
' '
'Building file: C:/ti/motorware/motorware_1_01_00_14/sw/drivers/drvic/drv8301/src/32b/f28x/f2806x/drv8301.c'
'Invoking: C2000 Compiler'
"C:/ti/ccsv6/tools/compiler/ti-cgt-c2000_6.4.4/bin/cl2000" -v28 -ml -mt -O2 --include_path="C:/ti/ccsv6/tools/compiler/ti-cgt-c2000_6.4.4/include" --include_path="C:/ti/motorware/motorware_1_01_00_14/sw/modules/hal/boards/boostxldrv8301_revB/f28x/f2806x/src" --include_path="C:/ti/motorware/motorware_1_01_00_14/sw/solutions/instaspin_motion/boards/boostxldrv8301_revB/f28x/f2806xM/src" --include_path="C:/ti/motorware/motorware_1_01_00_14" -g --define=FAST_ROM_V1p6 --define=QEP --diag_warning=225 --display_error_number --preproc_with_compile --preproc_dependency="drv8301.pp"  "C:/ti/motorware/motorware_1_01_00_14/sw/drivers/drvic/drv8301/src/32b/f28x/f2806x/drv8301.c"
'Finished building: C:/ti/motorware/motorware_1_01_00_14/sw/drivers/drvic/drv8301/src/32b/f28x/f2806x/drv8301.c'
' '
'Building file: C:/ti/motorware/motorware_1_01_00_14/sw/modules/enc/src/32b/enc.c'
'Invoking: C2000 Compiler'
"C:/ti/ccsv6/tools/compiler/ti-cgt-c2000_6.4.4/bin/cl2000" -v28 -ml -mt -O2 --include_path="C:/ti/ccsv6/tools/compiler/ti-cgt-c2000_6.4.4/include" --include_path="C:/ti/motorware/motorware_1_01_00_14/sw/modules/hal/boards/boostxldrv8301_revB/f28x/f2806x/src" --include_path="C:/ti/motorware/motorware_1_01_00_14/sw/solutions/instaspin_motion/boards/boostxldrv8301_revB/f28x/f2806xM/src" --include_path="C:/ti/motorware/motorware_1_01_00_14" -g --define=FAST_ROM_V1p6 --define=QEP --diag_warning=225 --display_error_number --preproc_with_compile --preproc_dependency="enc.pp"  "C:/ti/motorware/motorware_1_01_00_14/sw/modules/enc/src/32b/enc.c"
'Finished building: C:/ti/motorware/motorware_1_01_00_14/sw/modules/enc/src/32b/enc.c'
' '
'Building file: C:/ti/motorware/motorware_1_01_00_14/sw/modules/filter/src/32b/filter_fo.c'
'Invoking: C2000 Compiler'
"C:/ti/ccsv6/tools/compiler/ti-cgt-c2000_6.4.4/bin/cl2000" -v28 -ml -mt -O2 --include_path="C:/ti/ccsv6/tools/compiler/ti-cgt-c2000_6.4.4/include" --include_path="C:/ti/motorware/motorware_1_01_00_14/sw/modules/hal/boards/boostxldrv8301_revB/f28x/f2806x/src" --include_path="C:/ti/motorware/motorware_1_01_00_14/sw/solutions/instaspin_motion/boards/boostxldrv8301_revB/f28x/f2806xM/src" --include_path="C:/ti/motorware/motorware_1_01_00_14" -g --define=FAST_ROM_V1p6 --define=QEP --diag_warning=225 --display_error_number --preproc_with_compile --preproc_dependency="filter_fo.pp"  "C:/ti/motorware/motorware_1_01_00_14/sw/modules/filter/src/32b/filter_fo.c"
'Finished building: C:/ti/motorware/motorware_1_01_00_14/sw/modules/filter/src/32b/filter_fo.c'
' '
'Building file: C:/ti/motorware/motorware_1_01_00_14/sw/drivers/flash/src/32b/f28x/f2806x/flash.c'
'Invoking: C2000 Compiler'
"C:/ti/ccsv6/tools/compiler/ti-cgt-c2000_6.4.4/bin/cl2000" -v28 -ml -mt -O2 --include_path="C:/ti/ccsv6/tools/compiler/ti-cgt-c2000_6.4.4/include" --include_path="C:/ti/motorware/motorware_1_01_00_14/sw/modules/hal/boards/boostxldrv8301_revB/f28x/f2806x/src" --include_path="C:/ti/motorware/motorware_1_01_00_14/sw/solutions/instaspin_motion/boards/boostxldrv8301_revB/f28x/f2806xM/src" --include_path="C:/ti/motorware/motorware_1_01_00_14" -g --define=FAST_ROM_V1p6 --define=QEP --diag_warning=225 --display_error_number --preproc_with_compile --preproc_dependency="flash.pp"  "C:/ti/motorware/motorware_1_01_00_14/sw/drivers/flash/src/32b/f28x/f2806x/flash.c"
'Finished building: C:/ti/motorware/motorware_1_01_00_14/sw/drivers/flash/src/32b/f28x/f2806x/flash.c'
' '
'Building file: C:/ti/motorware/motorware_1_01_00_14/sw/drivers/gpio/src/32b/f28x/f2806x/gpio.c'
'Invoking: C2000 Compiler'
"C:/ti/ccsv6/tools/compiler/ti-cgt-c2000_6.4.4/bin/cl2000" -v28 -ml -mt -O2 --include_path="C:/ti/ccsv6/tools/compiler/ti-cgt-c2000_6.4.4/include" --include_path="C:/ti/motorware/motorware_1_01_00_14/sw/modules/hal/boards/boostxldrv8301_revB/f28x/f2806x/src" --include_path="C:/ti/motorware/motorware_1_01_00_14/sw/solutions/instaspin_motion/boards/boostxldrv8301_revB/f28x/f2806xM/src" --include_path="C:/ti/motorware/motorware_1_01_00_14" -g --define=FAST_ROM_V1p6 --define=QEP --diag_warning=225 --display_error_number --preproc_with_compile --preproc_dependency="gpio.pp"  "C:/ti/motorware/motorware_1_01_00_14/sw/drivers/gpio/src/32b/f28x/f2806x/gpio.c"
'Finished building: C:/ti/motorware/motorware_1_01_00_14/sw/drivers/gpio/src/32b/f28x/f2806x/gpio.c'
' '
'Building file: C:/ti/motorware/motorware_1_01_00_14/sw/modules/hal/boards/boostxldrv8301_revB/f28x/f2806x/src/hal.c'
'Invoking: C2000 Compiler'
"C:/ti/ccsv6/tools/compiler/ti-cgt-c2000_6.4.4/bin/cl2000" -v28 -ml -mt -O2 --include_path="C:/ti/ccsv6/tools/compiler/ti-cgt-c2000_6.4.4/include" --include_path="C:/ti/motorware/motorware_1_01_00_14/sw/modules/hal/boards/boostxldrv8301_revB/f28x/f2806x/src" --include_path="C:/ti/motorware/motorware_1_01_00_14/sw/solutions/instaspin_motion/boards/boostxldrv8301_revB/f28x/f2806xM/src" --include_path="C:/ti/motorware/motorware_1_01_00_14" -g --define=FAST_ROM_V1p6 --define=QEP --diag_warning=225 --display_error_number --preproc_with_compile --preproc_dependency="hal.pp"  "C:/ti/motorware/motorware_1_01_00_14/sw/modules/hal/boards/boostxldrv8301_revB/f28x/f2806x/src/hal.c"
'Finished building: C:/ti/motorware/motorware_1_01_00_14/sw/modules/hal/boards/boostxldrv8301_revB/f28x/f2806x/src/hal.c'
' '
'Building file: C:/ti/motorware/motorware_1_01_00_14/sw/modules/ipark/src/32b/ipark.c'
'Invoking: C2000 Compiler'
"C:/ti/ccsv6/tools/compiler/ti-cgt-c2000_6.4.4/bin/cl2000" -v28 -ml -mt -O2 --include_path="C:/ti/ccsv6/tools/compiler/ti-cgt-c2000_6.4.4/include" --include_path="C:/ti/motorware/motorware_1_01_00_14/sw/modules/hal/boards/boostxldrv8301_revB/f28x/f2806x/src" --include_path="C:/ti/motorware/motorware_1_01_00_14/sw/solutions/instaspin_motion/boards/boostxldrv8301_revB/f28x/f2806xM/src" --include_path="C:/ti/motorware/motorware_1_01_00_14" -g --define=FAST_ROM_V1p6 --define=QEP --diag_warning=225 --display_error_number --preproc_with_compile --preproc_dependency="ipark.pp"  "C:/ti/motorware/motorware_1_01_00_14/sw/modules/ipark/src/32b/ipark.c"
'Finished building: C:/ti/motorware/motorware_1_01_00_14/sw/modules/ipark/src/32b/ipark.c'
' '
'Building file: C:/ti/motorware/motorware_1_01_00_14/sw/modules/offset/src/32b/offset.c'
'Invoking: C2000 Compiler'
"C:/ti/ccsv6/tools/compiler/ti-cgt-c2000_6.4.4/bin/cl2000" -v28 -ml -mt -O2 --include_path="C:/ti/ccsv6/tools/compiler/ti-cgt-c2000_6.4.4/include" --include_path="C:/ti/motorware/motorware_1_01_00_14/sw/modules/hal/boards/boostxldrv8301_revB/f28x/f2806x/src" --include_path="C:/ti/motorware/motorware_1_01_00_14/sw/solutions/instaspin_motion/boards/boostxldrv8301_revB/f28x/f2806xM/src" --include_path="C:/ti/motorware/motorware_1_01_00_14" -g --define=FAST_ROM_V1p6 --define=QEP --diag_warning=225 --display_error_number --preproc_with_compile --preproc_dependency="offset.pp"  "C:/ti/motorware/motorware_1_01_00_14/sw/modules/offset/src/32b/offset.c"
'Finished building: C:/ti/motorware/motorware_1_01_00_14/sw/modules/offset/src/32b/offset.c'
' '
'Building file: C:/ti/motorware/motorware_1_01_00_14/sw/drivers/osc/src/32b/f28x/f2806x/osc.c'
'Invoking: C2000 Compiler'
"C:/ti/ccsv6/tools/compiler/ti-cgt-c2000_6.4.4/bin/cl2000" -v28 -ml -mt -O2 --include_path="C:/ti/ccsv6/tools/compiler/ti-cgt-c2000_6.4.4/include" --include_path="C:/ti/motorware/motorware_1_01_00_14/sw/modules/hal/boards/boostxldrv8301_revB/f28x/f2806x/src" --include_path="C:/ti/motorware/motorware_1_01_00_14/sw/solutions/instaspin_motion/boards/boostxldrv8301_revB/f28x/f2806xM/src" --include_path="C:/ti/motorware/motorware_1_01_00_14" -g --define=FAST_ROM_V1p6 --define=QEP --diag_warning=225 --display_error_number --preproc_with_compile --preproc_dependency="osc.pp"  "C:/ti/motorware/motorware_1_01_00_14/sw/drivers/osc/src/32b/f28x/f2806x/osc.c"
'Finished building: C:/ti/motorware/motorware_1_01_00_14/sw/drivers/osc/src/32b/f28x/f2806x/osc.c'
' '
'Building file: C:/ti/motorware/motorware_1_01_00_14/sw/modules/park/src/32b/park.c'
'Invoking: C2000 Compiler'
"C:/ti/ccsv6/tools/compiler/ti-cgt-c2000_6.4.4/bin/cl2000" -v28 -ml -mt -O2 --include_path="C:/ti/ccsv6/tools/compiler/ti-cgt-c2000_6.4.4/include" --include_path="C:/ti/motorware/motorware_1_01_00_14/sw/modules/hal/boards/boostxldrv8301_revB/f28x/f2806x/src" --include_path="C:/ti/motorware/motorware_1_01_00_14/sw/solutions/instaspin_motion/boards/boostxldrv8301_revB/f28x/f2806xM/src" --include_path="C:/ti/motorware/motorware_1_01_00_14" -g --define=FAST_ROM_V1p6 --define=QEP --diag_warning=225 --display_error_number --preproc_with_compile --preproc_dependency="park.pp"  "C:/ti/motorware/motorware_1_01_00_14/sw/modules/park/src/32b/park.c"
'Finished building: C:/ti/motorware/motorware_1_01_00_14/sw/modules/park/src/32b/park.c'
' '
'Building file: C:/ti/motorware/motorware_1_01_00_14/sw/modules/pid/src/32b/pid.c'
'Invoking: C2000 Compiler'
"C:/ti/ccsv6/tools/compiler/ti-cgt-c2000_6.4.4/bin/cl2000" -v28 -ml -mt -O2 --include_path="C:/ti/ccsv6/tools/compiler/ti-cgt-c2000_6.4.4/include" --include_path="C:/ti/motorware/motorware_1_01_00_14/sw/modules/hal/boards/boostxldrv8301_revB/f28x/f2806x/src" --include_path="C:/ti/motorware/motorware_1_01_00_14/sw/solutions/instaspin_motion/boards/boostxldrv8301_revB/f28x/f2806xM/src" --include_path="C:/ti/motorware/motorware_1_01_00_14" -g --define=FAST_ROM_V1p6 --define=QEP --diag_warning=225 --display_error_number --preproc_with_compile --preproc_dependency="pid.pp"  "C:/ti/motorware/motorware_1_01_00_14/sw/modules/pid/src/32b/pid.c"
'Finished building: C:/ti/motorware/motorware_1_01_00_14/sw/modules/pid/src/32b/pid.c'
' '
'Building file: C:/ti/motorware/motorware_1_01_00_14/sw/drivers/pie/src/32b/f28x/f2806x/pie.c'
'Invoking: C2000 Compiler'
"C:/ti/ccsv6/tools/compiler/ti-cgt-c2000_6.4.4/bin/cl2000" -v28 -ml -mt -O2 --include_path="C:/ti/ccsv6/tools/compiler/ti-cgt-c2000_6.4.4/include" --include_path="C:/ti/motorware/motorware_1_01_00_14/sw/modules/hal/boards/boostxldrv8301_revB/f28x/f2806x/src" --include_path="C:/ti/motorware/motorware_1_01_00_14/sw/solutions/instaspin_motion/boards/boostxldrv8301_revB/f28x/f2806xM/src" --include_path="C:/ti/motorware/motorware_1_01_00_14" -g --define=FAST_ROM_V1p6 --define=QEP --diag_warning=225 --display_error_number --preproc_with_compile --preproc_dependency="pie.pp"  "C:/ti/motorware/motorware_1_01_00_14/sw/drivers/pie/src/32b/f28x/f2806x/pie.c"
'Finished building: C:/ti/motorware/motorware_1_01_00_14/sw/drivers/pie/src/32b/f28x/f2806x/pie.c'
' '
'Building file: C:/ti/motorware/motorware_1_01_00_14/sw/drivers/pll/src/32b/f28x/f2806x/pll.c'
'Invoking: C2000 Compiler'
"C:/ti/ccsv6/tools/compiler/ti-cgt-c2000_6.4.4/bin/cl2000" -v28 -ml -mt -O2 --include_path="C:/ti/ccsv6/tools/compiler/ti-cgt-c2000_6.4.4/include" --include_path="C:/ti/motorware/motorware_1_01_00_14/sw/modules/hal/boards/boostxldrv8301_revB/f28x/f2806x/src" --include_path="C:/ti/motorware/motorware_1_01_00_14/sw/solutions/instaspin_motion/boards/boostxldrv8301_revB/f28x/f2806xM/src" --include_path="C:/ti/motorware/motorware_1_01_00_14" -g --define=FAST_ROM_V1p6 --define=QEP --diag_warning=225 --display_error_number --preproc_with_compile --preproc_dependency="pll.pp"  "C:/ti/motorware/motorware_1_01_00_14/sw/drivers/pll/src/32b/f28x/f2806x/pll.c"
'Finished building: C:/ti/motorware/motorware_1_01_00_14/sw/drivers/pll/src/32b/f28x/f2806x/pll.c'
' '
'Building file: C:/ti/motorware/motorware_1_01_00_14/sw/solutions/instaspin_motion/src/proj_lab13a.c'
'Invoking: C2000 Compiler'
"C:/ti/ccsv6/tools/compiler/ti-cgt-c2000_6.4.4/bin/cl2000" -v28 -ml -mt -O2 --include_path="C:/ti/ccsv6/tools/compiler/ti-cgt-c2000_6.4.4/include" --include_path="C:/ti/motorware/motorware_1_01_00_14/sw/modules/hal/boards/boostxldrv8301_revB/f28x/f2806x/src" --include_path="C:/ti/motorware/motorware_1_01_00_14/sw/solutions/instaspin_motion/boards/boostxldrv8301_revB/f28x/f2806xM/src" --include_path="C:/ti/motorware/motorware_1_01_00_14" -g --define=FAST_ROM_V1p6 --define=QEP --diag_warning=225 --display_error_number --preproc_with_compile --preproc_dependency="proj_lab13a.pp"  "C:/ti/motorware/motorware_1_01_00_14/sw/solutions/instaspin_motion/src/proj_lab13a.c"
'Finished building: C:/ti/motorware/motorware_1_01_00_14/sw/solutions/instaspin_motion/src/proj_lab13a.c'
' '
'Building file: C:/ti/motorware/motorware_1_01_00_14/sw/drivers/pwm/src/32b/f28x/f2806x/pwm.c'
'Invoking: C2000 Compiler'
"C:/ti/ccsv6/tools/compiler/ti-cgt-c2000_6.4.4/bin/cl2000" -v28 -ml -mt -O2 --include_path="C:/ti/ccsv6/tools/compiler/ti-cgt-c2000_6.4.4/include" --include_path="C:/ti/motorware/motorware_1_01_00_14/sw/modules/hal/boards/boostxldrv8301_revB/f28x/f2806x/src" --include_path="C:/ti/motorware/motorware_1_01_00_14/sw/solutions/instaspin_motion/boards/boostxldrv8301_revB/f28x/f2806xM/src" --include_path="C:/ti/motorware/motorware_1_01_00_14" -g --define=FAST_ROM_V1p6 --define=QEP --diag_warning=225 --display_error_number --preproc_with_compile --preproc_dependency="pwm.pp"  "C:/ti/motorware/motorware_1_01_00_14/sw/drivers/pwm/src/32b/f28x/f2806x/pwm.c"
'Finished building: C:/ti/motorware/motorware_1_01_00_14/sw/drivers/pwm/src/32b/f28x/f2806x/pwm.c'
' '
'Building file: C:/ti/motorware/motorware_1_01_00_14/sw/drivers/pwr/src/32b/f28x/f2806x/pwr.c'
'Invoking: C2000 Compiler'
"C:/ti/ccsv6/tools/compiler/ti-cgt-c2000_6.4.4/bin/cl2000" -v28 -ml -mt -O2 --include_path="C:/ti/ccsv6/tools/compiler/ti-cgt-c2000_6.4.4/include" --include_path="C:/ti/motorware/motorware_1_01_00_14/sw/modules/hal/boards/boostxldrv8301_revB/f28x/f2806x/src" --include_path="C:/ti/motorware/motorware_1_01_00_14/sw/solutions/instaspin_motion/boards/boostxldrv8301_revB/f28x/f2806xM/src" --include_path="C:/ti/motorware/motorware_1_01_00_14" -g --define=FAST_ROM_V1p6 --define=QEP --diag_warning=225 --display_error_number --preproc_with_compile --preproc_dependency="pwr.pp"  "C:/ti/motorware/motorware_1_01_00_14/sw/drivers/pwr/src/32b/f28x/f2806x/pwr.c"
'Finished building: C:/ti/motorware/motorware_1_01_00_14/sw/drivers/pwr/src/32b/f28x/f2806x/pwr.c'
' '
'Building file: C:/ti/motorware/motorware_1_01_00_14/sw/drivers/qep/src/32b/f28x/f2806x/qep.c'
'Invoking: C2000 Compiler'
"C:/ti/ccsv6/tools/compiler/ti-cgt-c2000_6.4.4/bin/cl2000" -v28 -ml -mt -O2 --include_path="C:/ti/ccsv6/tools/compiler/ti-cgt-c2000_6.4.4/include" --include_path="C:/ti/motorware/motorware_1_01_00_14/sw/modules/hal/boards/boostxldrv8301_revB/f28x/f2806x/src" --include_path="C:/ti/motorware/motorware_1_01_00_14/sw/solutions/instaspin_motion/boards/boostxldrv8301_revB/f28x/f2806xM/src" --include_path="C:/ti/motorware/motorware_1_01_00_14" -g --define=FAST_ROM_V1p6 --define=QEP --diag_warning=225 --display_error_number --preproc_with_compile --preproc_dependency="qep.pp"  "C:/ti/motorware/motorware_1_01_00_14/sw/drivers/qep/src/32b/f28x/f2806x/qep.c"
'Finished building: C:/ti/motorware/motorware_1_01_00_14/sw/drivers/qep/src/32b/f28x/f2806x/qep.c'
' '
'Building file: C:/ti/motorware/motorware_1_01_00_14/sw/modules/slip/src/32b/slip.c'
'Invoking: C2000 Compiler'
"C:/ti/ccsv6/tools/compiler/ti-cgt-c2000_6.4.4/bin/cl2000" -v28 -ml -mt -O2 --include_path="C:/ti/ccsv6/tools/compiler/ti-cgt-c2000_6.4.4/include" --include_path="C:/ti/motorware/motorware_1_01_00_14/sw/modules/hal/boards/boostxldrv8301_revB/f28x/f2806x/src" --include_path="C:/ti/motorware/motorware_1_01_00_14/sw/solutions/instaspin_motion/boards/boostxldrv8301_revB/f28x/f2806xM/src" --include_path="C:/ti/motorware/motorware_1_01_00_14" -g --define=FAST_ROM_V1p6 --define=QEP --diag_warning=225 --display_error_number --preproc_with_compile --preproc_dependency="slip.pp"  "C:/ti/motorware/motorware_1_01_00_14/sw/modules/slip/src/32b/slip.c"
'Finished building: C:/ti/motorware/motorware_1_01_00_14/sw/modules/slip/src/32b/slip.c'
' '
'Building file: C:/ti/motorware/motorware_1_01_00_14/sw/drivers/spi/src/32b/f28x/f2806x/spi.c'
'Invoking: C2000 Compiler'
"C:/ti/ccsv6/tools/compiler/ti-cgt-c2000_6.4.4/bin/cl2000" -v28 -ml -mt -O2 --include_path="C:/ti/ccsv6/tools/compiler/ti-cgt-c2000_6.4.4/include" --include_path="C:/ti/motorware/motorware_1_01_00_14/sw/modules/hal/boards/boostxldrv8301_revB/f28x/f2806x/src" --include_path="C:/ti/motorware/motorware_1_01_00_14/sw/solutions/instaspin_motion/boards/boostxldrv8301_revB/f28x/f2806xM/src" --include_path="C:/ti/motorware/motorware_1_01_00_14" -g --define=FAST_ROM_V1p6 --define=QEP --diag_warning=225 --display_error_number --preproc_with_compile --preproc_dependency="spi.pp"  "C:/ti/motorware/motorware_1_01_00_14/sw/drivers/spi/src/32b/f28x/f2806x/spi.c"
'Finished building: C:/ti/motorware/motorware_1_01_00_14/sw/drivers/spi/src/32b/f28x/f2806x/spi.c'
' '
'Building file: C:/ti/motorware/motorware_1_01_00_14/sw/modules/svgen/src/32b/svgen.c'
'Invoking: C2000 Compiler'
"C:/ti/ccsv6/tools/compiler/ti-cgt-c2000_6.4.4/bin/cl2000" -v28 -ml -mt -O2 --include_path="C:/ti/ccsv6/tools/compiler/ti-cgt-c2000_6.4.4/include" --include_path="C:/ti/motorware/motorware_1_01_00_14/sw/modules/hal/boards/boostxldrv8301_revB/f28x/f2806x/src" --include_path="C:/ti/motorware/motorware_1_01_00_14/sw/solutions/instaspin_motion/boards/boostxldrv8301_revB/f28x/f2806xM/src" --include_path="C:/ti/motorware/motorware_1_01_00_14" -g --define=FAST_ROM_V1p6 --define=QEP --diag_warning=225 --display_error_number --preproc_with_compile --preproc_dependency="svgen.pp"  "C:/ti/motorware/motorware_1_01_00_14/sw/modules/svgen/src/32b/svgen.c"
'Finished building: C:/ti/motorware/motorware_1_01_00_14/sw/modules/svgen/src/32b/svgen.c'
' '
'Building file: C:/ti/motorware/motorware_1_01_00_14/sw/drivers/timer/src/32b/f28x/f2806x/timer.c'
'Invoking: C2000 Compiler'
"C:/ti/ccsv6/tools/compiler/ti-cgt-c2000_6.4.4/bin/cl2000" -v28 -ml -mt -O2 --include_path="C:/ti/ccsv6/tools/compiler/ti-cgt-c2000_6.4.4/include" --include_path="C:/ti/motorware/motorware_1_01_00_14/sw/modules/hal/boards/boostxldrv8301_revB/f28x/f2806x/src" --include_path="C:/ti/motorware/motorware_1_01_00_14/sw/solutions/instaspin_motion/boards/boostxldrv8301_revB/f28x/f2806xM/src" --include_path="C:/ti/motorware/motorware_1_01_00_14" -g --define=FAST_ROM_V1p6 --define=QEP --diag_warning=225 --display_error_number --preproc_with_compile --preproc_dependency="timer.pp"  "C:/ti/motorware/motorware_1_01_00_14/sw/drivers/timer/src/32b/f28x/f2806x/timer.c"
'Finished building: C:/ti/motorware/motorware_1_01_00_14/sw/drivers/timer/src/32b/f28x/f2806x/timer.c'
' '
'Building file: C:/ti/motorware/motorware_1_01_00_14/sw/modules/traj/src/32b/traj.c'
'Invoking: C2000 Compiler'
"C:/ti/ccsv6/tools/compiler/ti-cgt-c2000_6.4.4/bin/cl2000" -v28 -ml -mt -O2 --include_path="C:/ti/ccsv6/tools/compiler/ti-cgt-c2000_6.4.4/include" --include_path="C:/ti/motorware/motorware_1_01_00_14/sw/modules/hal/boards/boostxldrv8301_revB/f28x/f2806x/src" --include_path="C:/ti/motorware/motorware_1_01_00_14/sw/solutions/instaspin_motion/boards/boostxldrv8301_revB/f28x/f2806xM/src" --include_path="C:/ti/motorware/motorware_1_01_00_14" -g --define=FAST_ROM_V1p6 --define=QEP --diag_warning=225 --display_error_number --preproc_with_compile --preproc_dependency="traj.pp"  "C:/ti/motorware/motorware_1_01_00_14/sw/modules/traj/src/32b/traj.c"
'Finished building: C:/ti/motorware/motorware_1_01_00_14/sw/modules/traj/src/32b/traj.c'
' '
'Building file: C:/ti/motorware/motorware_1_01_00_14/sw/modules/usDelay/src/32b/f28x/usDelay.asm'
'Invoking: C2000 Compiler'
"C:/ti/ccsv6/tools/compiler/ti-cgt-c2000_6.4.4/bin/cl2000" -v28 -ml -mt -O2 --include_path="C:/ti/ccsv6/tools/compiler/ti-cgt-c2000_6.4.4/include" --include_path="C:/ti/motorware/motorware_1_01_00_14/sw/modules/hal/boards/boostxldrv8301_revB/f28x/f2806x/src" --include_path="C:/ti/motorware/motorware_1_01_00_14/sw/solutions/instaspin_motion/boards/boostxldrv8301_revB/f28x/f2806xM/src" --include_path="C:/ti/motorware/motorware_1_01_00_14" -g --define=FAST_ROM_V1p6 --define=QEP --diag_warning=225 --display_error_number --preproc_with_compile --preproc_dependency="usDelay.pp"  "C:/ti/motorware/motorware_1_01_00_14/sw/modules/usDelay/src/32b/f28x/usDelay.asm"
'Finished building: C:/ti/motorware/motorware_1_01_00_14/sw/modules/usDelay/src/32b/f28x/usDelay.asm'
' '
'Building file: C:/ti/motorware/motorware_1_01_00_14/sw/modules/user/src/32b/user.c'
'Invoking: C2000 Compiler'
"C:/ti/ccsv6/tools/compiler/ti-cgt-c2000_6.4.4/bin/cl2000" -v28 -ml -mt -O2 --include_path="C:/ti/ccsv6/tools/compiler/ti-cgt-c2000_6.4.4/include" --include_path="C:/ti/motorware/motorware_1_01_00_14/sw/modules/hal/boards/boostxldrv8301_revB/f28x/f2806x/src" --include_path="C:/ti/motorware/motorware_1_01_00_14/sw/solutions/instaspin_motion/boards/boostxldrv8301_revB/f28x/f2806xM/src" --include_path="C:/ti/motorware/motorware_1_01_00_14" -g --define=FAST_ROM_V1p6 --define=QEP --diag_warning=225 --display_error_number --preproc_with_compile --preproc_dependency="user.pp"  "C:/ti/motorware/motorware_1_01_00_14/sw/modules/user/src/32b/user.c"
'Finished building: C:/ti/motorware/motorware_1_01_00_14/sw/modules/user/src/32b/user.c'
' '
'Building file: C:/ti/motorware/motorware_1_01_00_14/sw/drivers/wdog/src/32b/f28x/f2806x/wdog.c'
'Invoking: C2000 Compiler'
"C:/ti/ccsv6/tools/compiler/ti-cgt-c2000_6.4.4/bin/cl2000" -v28 -ml -mt -O2 --include_path="C:/ti/ccsv6/tools/compiler/ti-cgt-c2000_6.4.4/include" --include_path="C:/ti/motorware/motorware_1_01_00_14/sw/modules/hal/boards/boostxldrv8301_revB/f28x/f2806x/src" --include_path="C:/ti/motorware/motorware_1_01_00_14/sw/solutions/instaspin_motion/boards/boostxldrv8301_revB/f28x/f2806xM/src" --include_path="C:/ti/motorware/motorware_1_01_00_14" -g --define=FAST_ROM_V1p6 --define=QEP --diag_warning=225 --display_error_number --preproc_with_compile --preproc_dependency="wdog.pp"  "C:/ti/motorware/motorware_1_01_00_14/sw/drivers/wdog/src/32b/f28x/f2806x/wdog.c"
'Finished building: C:/ti/motorware/motorware_1_01_00_14/sw/drivers/wdog/src/32b/f28x/f2806x/wdog.c'
' '
'Building target: proj_lab13a.out'
'Invoking: C2000 Linker'
"C:/ti/ccsv6/tools/compiler/ti-cgt-c2000_6.4.4/bin/cl2000" -v28 -ml -mt -O2 -g --define=FAST_ROM_V1p6 --define=QEP --diag_warning=225 --display_error_number -z -m"proj_lab13a.map" --stack_size=0x3B0 --warn_sections -i"C:/ti/ccsv6/tools/compiler/ti-cgt-c2000_6.4.4/lib" -i"C:/ti/ccsv6/tools/compiler/ti-cgt-c2000_6.4.4/include" --reread_libs --priority --disable_auto_rts --diag_suppress=16002 --xml_link_info="proj_lab13a_linkInfo.xml" --rom_model -o "proj_lab13a.out" "C:/ti/motorware/motorware_1_01_00_14/sw/modules/fast/lib/32b/f28x/f2806x/2806xRevB_FastSpinROMSymbols.lib" "C:/ti/motorware/motorware_1_01_00_14/sw/modules/fast/lib/32b/f28x/f2806x/2806xRevB_IQmath_BootROMSymbols.lib" -l"rts2800_ml.lib" "C:/ti/motorware/motorware_1_01_00_14/sw/modules/spintac/lib/32b/SpinTAC.lib" "C:/ti/motorware/motorware_1_01_00_14/sw/modules/iqmath/lib/f28x/32b/IQmath.lib" "./CodeStartBranch.obj" "./adc.obj" "./clarke.obj" "./clk.obj" "./cpu.obj" "./ctrlQEP.obj" "./drv8301.obj" "./enc.obj" "./filter_fo.obj" "./flash.obj" "./gpio.obj" "./hal.obj" "./ipark.obj" "./offset.obj" "./osc.obj" "./park.obj" "./pid.obj" "./pie.obj" "./pll.obj" "./proj_lab13a.obj" "./pwm.obj" "./pwr.obj" "./qep.obj" "./slip.obj" "./spi.obj" "./svgen.obj" "./timer.obj" "./traj.obj" "./usDelay.obj" "./user.obj" "./wdog.obj" "C:/ti/motorware/motorware_1_01_00_14/sw/ide/ccs/cmd/f2806x/f28069M_ram_lnk.cmd"  
<Linking>
'Finished building target: proj_lab13a.out'
' '

**** Build Finished ****
