
**** Build of configuration Release for project proj_lab02b ****

"C:\\ti\\ccsv6\\utils\\bin\\gmake" -k all 
'Building file: C:/ti/motorware/motorware_1_01_00_14/sw/modules/ctrl/src/32b/ctrl.c'
'Invoking: C2000 Compiler'
"C:/ti/ccsv6/tools/compiler/ti-cgt-c2000_6.4.4/bin/cl2000" -v28 -ml -mt -O2 --include_path="C:/ti/motorware/motorware_1_01_00_14/sw/modules/hal/boards/boostxldrv8301_revB/f28x/f2806x/src/" --include_path="C:/ti/ccsv6/tools/compiler/ti-cgt-c2000_6.4.4/include" --include_path="C:/ti/motorware/motorware_1_01_00_14/sw/solutions/instaspin_foc/boards/boostxldrv8301_revB/f28x/f2806xF/src" --include_path="C:/ti/motorware/motorware_1_01_00_14" -g --define=FAST_ROM_V1p6 --diag_warning=225 --display_error_number --preproc_with_compile --preproc_dependency="ctrl.pp"  "C:/ti/motorware/motorware_1_01_00_14/sw/modules/ctrl/src/32b/ctrl.c"
'Finished building: C:/ti/motorware/motorware_1_01_00_14/sw/modules/ctrl/src/32b/ctrl.c'
' '
'Building file: C:/ti/motorware/motorware_1_01_00_14/sw/modules/hal/boards/boostxldrv8301_revB/f28x/f2806x/src/hal.c'
'Invoking: C2000 Compiler'
"C:/ti/ccsv6/tools/compiler/ti-cgt-c2000_6.4.4/bin/cl2000" -v28 -ml -mt -O2 --include_path="C:/ti/motorware/motorware_1_01_00_14/sw/modules/hal/boards/boostxldrv8301_revB/f28x/f2806x/src/" --include_path="C:/ti/ccsv6/tools/compiler/ti-cgt-c2000_6.4.4/include" --include_path="C:/ti/motorware/motorware_1_01_00_14/sw/solutions/instaspin_foc/boards/boostxldrv8301_revB/f28x/f2806xF/src" --include_path="C:/ti/motorware/motorware_1_01_00_14" -g --define=FAST_ROM_V1p6 --diag_warning=225 --display_error_number --preproc_with_compile --preproc_dependency="hal.pp"  "C:/ti/motorware/motorware_1_01_00_14/sw/modules/hal/boards/boostxldrv8301_revB/f28x/f2806x/src/hal.c"
'Finished building: C:/ti/motorware/motorware_1_01_00_14/sw/modules/hal/boards/boostxldrv8301_revB/f28x/f2806x/src/hal.c'
' '
'Building file: C:/ti/motorware/motorware_1_01_00_14/sw/solutions/instaspin_foc/src/proj_lab02b.c'
'Invoking: C2000 Compiler'
"C:/ti/ccsv6/tools/compiler/ti-cgt-c2000_6.4.4/bin/cl2000" -v28 -ml -mt -O2 --include_path="C:/ti/motorware/motorware_1_01_00_14/sw/modules/hal/boards/boostxldrv8301_revB/f28x/f2806x/src/" --include_path="C:/ti/ccsv6/tools/compiler/ti-cgt-c2000_6.4.4/include" --include_path="C:/ti/motorware/motorware_1_01_00_14/sw/solutions/instaspin_foc/boards/boostxldrv8301_revB/f28x/f2806xF/src" --include_path="C:/ti/motorware/motorware_1_01_00_14" -g --define=FAST_ROM_V1p6 --diag_warning=225 --display_error_number --preproc_with_compile --preproc_dependency="proj_lab02b.pp"  "C:/ti/motorware/motorware_1_01_00_14/sw/solutions/instaspin_foc/src/proj_lab02b.c"
'Finished building: C:/ti/motorware/motorware_1_01_00_14/sw/solutions/instaspin_foc/src/proj_lab02b.c'
' '
'Building file: C:/ti/motorware/motorware_1_01_00_14/sw/modules/user/src/32b/user.c'
'Invoking: C2000 Compiler'
"C:/ti/ccsv6/tools/compiler/ti-cgt-c2000_6.4.4/bin/cl2000" -v28 -ml -mt -O2 --include_path="C:/ti/motorware/motorware_1_01_00_14/sw/modules/hal/boards/boostxldrv8301_revB/f28x/f2806x/src/" --include_path="C:/ti/ccsv6/tools/compiler/ti-cgt-c2000_6.4.4/include" --include_path="C:/ti/motorware/motorware_1_01_00_14/sw/solutions/instaspin_foc/boards/boostxldrv8301_revB/f28x/f2806xF/src" --include_path="C:/ti/motorware/motorware_1_01_00_14" -g --define=FAST_ROM_V1p6 --diag_warning=225 --display_error_number --preproc_with_compile --preproc_dependency="user.pp"  "C:/ti/motorware/motorware_1_01_00_14/sw/modules/user/src/32b/user.c"
'Finished building: C:/ti/motorware/motorware_1_01_00_14/sw/modules/user/src/32b/user.c'
' '
'Building target: proj_lab02b.out'
'Invoking: C2000 Linker'
"C:/ti/ccsv6/tools/compiler/ti-cgt-c2000_6.4.4/bin/cl2000" -v28 -ml -mt -O2 -g --define=FAST_ROM_V1p6 --diag_warning=225 --display_error_number -z -m"proj_lab02b.map" --stack_size=0x3B0 --warn_sections -i"C:/ti/ccsv6/tools/compiler/ti-cgt-c2000_6.4.4/lib" -i"C:/ti/ccsv6/tools/compiler/ti-cgt-c2000_6.4.4/include" --reread_libs --priority --disable_auto_rts --diag_suppress=16002 --xml_link_info="proj_lab02b_linkInfo.xml" --rom_model -o "proj_lab02b.out" -l"rts2800_ml.lib" "C:/ti/motorware/motorware_1_01_00_14/sw/modules/fast/lib/32b/f28x/f2806x/2806xRevB_FastSpinROMSymbols.lib" "C:/ti/motorware/motorware_1_01_00_14/sw/modules/iqmath/lib/f28x/32b/IQmath.lib" "./CodeStartBranch.obj" "./adc.obj" "./clarke.obj" "./clk.obj" "./cpu.obj" "./ctrl.obj" "./drv8301.obj" "./filter_fo.obj" "./flash.obj" "./gpio.obj" "./hal.obj" "./ipark.obj" "./offset.obj" "./osc.obj" "./park.obj" "./pid.obj" "./pie.obj" "./pll.obj" "./proj_lab02b.obj" "./pwm.obj" "./pwr.obj" "./spi.obj" "./svgen.obj" "./timer.obj" "./traj.obj" "./usDelay.obj" "./user.obj" "./wdog.obj" "C:/ti/motorware/motorware_1_01_00_14/sw/ide/ccs/cmd/f2806x/f28069F_ram_lnk.cmd"  
<Linking>
'Finished building target: proj_lab02b.out'
' '

**** Build Finished ****
